# JRE version: Java(TM) SE Runtime Environment (7.0_79-b15) (build 1.7.0_79-b15)
# Java VM: Java HotSpot(TM) 64-Bit Server VM (24.79-b02 mixed mode linux-amd64 compressed oops)
Heap
 PSYoungGen      total 257024K, used 31740K [0x00000000eaa80000, 0x0000000100000000, 0x0000000100000000)
  eden space 183808K, 0% used [0x00000000eaa80000,0x00000000eaa80000,0x00000000f5e00000)
  from space 73216K, 43% used [0x00000000fb880000,0x00000000fd77f148,0x0000000100000000)
  to   space 82944K, 0% used [0x00000000f5e00000,0x00000000f5e00000,0x00000000faf00000)
 ParOldGen       total 147456K, used 147120K [0x00000000c0000000, 0x00000000c9000000, 0x00000000eaa80000)
  object space 147456K, 99% used [0x00000000c0000000,0x00000000c8fac340,0x00000000c9000000)
 PSPermGen       total 21504K, used 6344K [0x00000000bae00000, 0x00000000bc300000, 0x00000000c0000000)
  object space 21504K, 29% used [0x00000000bae00000,0x00000000bb4323d0,0x00000000bc300000)
GC Heap History (10 events):
Event: 11,526 GC heap after
Heap after GC invocations=10 (full 1):
 PSYoungGen      total 256512K, used 29163K [0x00000000eaa80000, 0x00000000fdb80000, 0x0000000100000000)
  eden space 227328K, 0% used [0x00000000eaa80000,0x00000000eaa80000,0x00000000f8880000)
  from space 29184K, 99% used [0x00000000f9280000,0x00000000faefacc8,0x00000000faf00000)
  to   space 42496K, 0% used [0x00000000fb200000,0x00000000fb200000,0x00000000fdb80000)
 ParOldGen       total 80384K, used 59707K [0x00000000c0000000, 0x00000000c4e80000, 0x00000000eaa80000)
  object space 80384K, 74% used [0x00000000c0000000,0x00000000c3a4efc0,0x00000000c4e80000)
 PSPermGen       total 21504K, used 6082K [0x00000000bae00000, 0x00000000bc300000, 0x00000000c0000000)
  object space 21504K, 28% used [0x00000000bae00000,0x00000000bb3f0a88,0x00000000bc300000)
}
Event: 13,125 GC heap before
{Heap before GC invocations=11 (full 1):
 PSYoungGen      total 256512K, used 256491K [0x00000000eaa80000, 0x00000000fdb80000, 0x0000000100000000)
  eden space 227328K, 100% used [0x00000000eaa80000,0x00000000f8880000,0x00000000f8880000)
  from space 29184K, 99% used [0x00000000f9280000,0x00000000faefacc8,0x00000000faf00000)
  to   space 42496K, 0% used [0x00000000fb200000,0x00000000fb200000,0x00000000fdb80000)
 ParOldGen       total 80384K, used 59707K [0x00000000c0000000, 0x00000000c4e80000, 0x00000000eaa80000)
  object space 80384K, 74% used [0x00000000c0000000,0x00000000c3a4efc0,0x00000000c4e80000)
 PSPermGen       total 21504K, used 6101K [0x00000000bae00000, 0x00000000bc300000, 0x00000000c0000000)
  object space 21504K, 28% used [0x00000000bae00000,0x00000000bb3f5438,0x00000000bc300000)
Event: 13,272 GC heap after
Heap after GC invocations=11 (full 1):
 PSYoungGen      total 254464K, used 42480K [0x00000000eaa80000, 0x0000000100000000, 0x0000000100000000)
  eden space 211968K, 0% used [0x00000000eaa80000,0x00000000eaa80000,0x00000000f7980000)
  from space 42496K, 99% used [0x00000000fb200000,0x00000000fdb7c210,0x00000000fdb80000)
  to   space 57856K, 0% used [0x00000000f7980000,0x00000000f7980000,0x00000000fb200000)
 ParOldGen       total 81920K, used 81501K [0x00000000c0000000, 0x00000000c5000000, 0x00000000eaa80000)
  object space 81920K, 99% used [0x00000000c0000000,0x00000000c4f974f0,0x00000000c5000000)
 PSPermGen       total 21504K, used 6101K [0x00000000bae00000, 0x00000000bc300000, 0x00000000c0000000)
  object space 21504K, 28% used [0x00000000bae00000,0x00000000bb3f5438,0x00000000bc300000)
}
Event: 13,272 GC heap before
{Heap before GC invocations=12 (full 2):
 PSYoungGen      total 254464K, used 42480K [0x00000000eaa80000, 0x0000000100000000, 0x0000000100000000)
  eden space 211968K, 0% used [0x00000000eaa80000,0x00000000eaa80000,0x00000000f7980000)
  from space 42496K, 99% used [0x00000000fb200000,0x00000000fdb7c210,0x00000000fdb80000)
  to   space 57856K, 0% used [0x00000000f7980000,0x00000000f7980000,0x00000000fb200000)
 ParOldGen       total 81920K, used 81501K [0x00000000c0000000, 0x00000000c5000000, 0x00000000eaa80000)
  object space 81920K, 99% used [0x00000000c0000000,0x00000000c4f974f0,0x00000000c5000000)
 PSPermGen       total 21504K, used 6101K [0x00000000bae00000, 0x00000000bc300000, 0x00000000c0000000)
  object space 21504K, 28% used [0x00000000bae00000,0x00000000bb3f5438,0x00000000bc300000)
Event: 14,094 GC heap after
Heap after GC invocations=12 (full 2):
 PSYoungGen      total 254464K, used 38004K [0x00000000eaa80000, 0x0000000100000000, 0x0000000100000000)
  eden space 211968K, 0% used [0x00000000eaa80000,0x00000000eaa80000,0x00000000f7980000)
  from space 42496K, 89% used [0x00000000fb200000,0x00000000fd71d2e0,0x00000000fdb80000)
  to   space 57856K, 0% used [0x00000000f7980000,0x00000000f7980000,0x00000000fb200000)
 ParOldGen       total 147456K, used 81564K [0x00000000c0000000, 0x00000000c9000000, 0x00000000eaa80000)
  object space 147456K, 55% used [0x00000000c0000000,0x00000000c4fa73a0,0x00000000c9000000)
 PSPermGen       total 21504K, used 6099K [0x00000000bae00000, 0x00000000bc300000, 0x00000000c0000000)
  object space 21504K, 28% used [0x00000000bae00000,0x00000000bb3f4e38,0x00000000bc300000)
}
Event: 15,135 GC heap before
{Heap before GC invocations=13 (full 2):
 PSYoungGen      total 254464K, used 249972K [0x00000000eaa80000, 0x0000000100000000, 0x0000000100000000)
  eden space 211968K, 100% used [0x00000000eaa80000,0x00000000f7980000,0x00000000f7980000)
  from space 42496K, 89% used [0x00000000fb200000,0x00000000fd71d2e0,0x00000000fdb80000)
  to   space 57856K, 0% used [0x00000000f7980000,0x00000000f7980000,0x00000000fb200000)
 ParOldGen       total 147456K, used 81564K [0x00000000c0000000, 0x00000000c9000000, 0x00000000eaa80000)
  object space 147456K, 55% used [0x00000000c0000000,0x00000000c4fa73a0,0x00000000c9000000)
 PSPermGen       total 21504K, used 6118K [0x00000000bae00000, 0x00000000bc300000, 0x00000000c0000000)
  object space 21504K, 28% used [0x00000000bae00000,0x00000000bb3f9a78,0x00000000bc300000)
Event: 15,284 GC heap after
Heap after GC invocations=13 (full 2):
 PSYoungGen      total 269824K, used 57846K [0x00000000eaa80000, 0x0000000100000000, 0x0000000100000000)
  eden space 211968K, 0% used [0x00000000eaa80000,0x00000000eaa80000,0x00000000f7980000)
  from space 57856K, 99% used [0x00000000f7980000,0x00000000fb1fd870,0x00000000fb200000)
  to   space 73216K, 0% used [0x00000000fb880000,0x00000000fb880000,0x0000000100000000)
 ParOldGen       total 147456K, used 95830K [0x00000000c0000000, 0x00000000c9000000, 0x00000000eaa80000)
  object space 147456K, 64% used [0x00000000c0000000,0x00000000c5d958f0,0x00000000c9000000)
 PSPermGen       total 21504K, used 6118K [0x00000000bae00000, 0x00000000bc300000, 0x00000000c0000000)
  object space 21504K, 28% used [0x00000000bae00000,0x00000000bb3f9a78,0x00000000bc300000)
}
Event: 17,962 GC heap before
{Heap before GC invocations=14 (full 2):
 PSYoungGen      total 269824K, used 269814K [0x00000000eaa80000, 0x0000000100000000, 0x0000000100000000)
  eden space 211968K, 100% used [0x00000000eaa80000,0x00000000f7980000,0x00000000f7980000)
  from space 57856K, 99% used [0x00000000f7980000,0x00000000fb1fd870,0x00000000fb200000)
  to   space 73216K, 0% used [0x00000000fb880000,0x00000000fb880000,0x0000000100000000)
 ParOldGen       total 147456K, used 95830K [0x00000000c0000000, 0x00000000c9000000, 0x00000000eaa80000)
  object space 147456K, 64% used [0x00000000c0000000,0x00000000c5d958f0,0x00000000c9000000)
 PSPermGen       total 21504K, used 6345K [0x00000000bae00000, 0x00000000bc300000, 0x00000000c0000000)
  object space 21504K, 29% used [0x00000000bae00000,0x00000000bb432740,0x00000000bc300000)
Event: 18,180 GC heap after
Heap after GC invocations=14 (full 2):
 PSYoungGen      total 257024K, used 64185K [0x00000000eaa80000, 0x0000000100000000, 0x0000000100000000)
  eden space 183808K, 0% used [0x00000000eaa80000,0x00000000eaa80000,0x00000000f5e00000)
  from space 73216K, 87% used [0x00000000fb880000,0x00000000ff72e788,0x0000000100000000)
  to   space 82944K, 0% used [0x00000000f5e00000,0x00000000f5e00000,0x00000000faf00000)
 ParOldGen       total 147456K, used 124296K [0x00000000c0000000, 0x00000000c9000000, 0x00000000eaa80000)
  object space 147456K, 84% used [0x00000000c0000000,0x00000000c79623b0,0x00000000c9000000)
 PSPermGen       total 21504K, used 6345K [0x00000000bae00000, 0x00000000bc300000, 0x00000000c0000000)
  object space 21504K, 29% used [0x00000000bae00000,0x00000000bb432740,0x00000000bc300000)
}
Event: 18,180 GC heap before
{Heap before GC invocations=15 (full 3):
 PSYoungGen      total 257024K, used 64185K [0x00000000eaa80000, 0x0000000100000000, 0x0000000100000000)
  eden space 183808K, 0% used [0x00000000eaa80000,0x00000000eaa80000,0x00000000f5e00000)
  from space 73216K, 87% used [0x00000000fb880000,0x00000000ff72e788,0x0000000100000000)
  to   space 82944K, 0% used [0x00000000f5e00000,0x00000000f5e00000,0x00000000faf00000)
 ParOldGen       total 147456K, used 124296K [0x00000000c0000000, 0x00000000c9000000, 0x00000000eaa80000)
  object space 147456K, 84% used [0x00000000c0000000,0x00000000c79623b0,0x00000000c9000000)
 PSPermGen       total 21504K, used 6345K [0x00000000bae00000, 0x00000000bc300000, 0x00000000c0000000)
  object space 21504K, 29% used [0x00000000bae00000,0x00000000bb432740,0x00000000bc300000)

