# JRE version: Java(TM) SE Runtime Environment (7.0_79-b15) (build 1.7.0_79-b15)
# Java VM: Java HotSpot(TM) 64-Bit Server VM (24.79-b02 mixed mode linux-amd64 compressed oops)
Heap
 PSYoungGen      total 140800K, used 21497K [0x00000000eaa80000, 0x00000000f4d80000, 0x0000000100000000)
  eden space 119296K, 0% used [0x00000000eaa80000,0x00000000eaa80000,0x00000000f1f00000)
  from space 21504K, 99% used [0x00000000f1f00000,0x00000000f33fe548,0x00000000f3400000)
  to   space 16896K, 0% used [0x00000000f3400000,0x00000000f3400000,0x00000000f4480000)
 ParOldGen       total 40960K, used 30883K [0x00000000c0000000, 0x00000000c2800000, 0x00000000eaa80000)
  object space 40960K, 75% used [0x00000000c0000000,0x00000000c1e28cf0,0x00000000c2800000)
 PSPermGen       total 21504K, used 5994K [0x00000000bae00000, 0x00000000bc300000, 0x00000000c0000000)
  object space 21504K, 27% used [0x00000000bae00000,0x00000000bb3daac0,0x00000000bc300000)
GC Heap History (10 events):
Event: 2,045 GC heap after
Heap after GC invocations=4 (full 0):
 PSYoungGen      total 34304K, used 2551K [0x00000000eaa80000, 0x00000000ece80000, 0x0000000100000000)
  eden space 31744K, 0% used [0x00000000eaa80000,0x00000000eaa80000,0x00000000ec980000)
  from space 2560K, 99% used [0x00000000ecc00000,0x00000000ece7df08,0x00000000ece80000)
  to   space 2560K, 0% used [0x00000000ec980000,0x00000000ec980000,0x00000000ecc00000)
 ParOldGen       total 40960K, used 5453K [0x00000000c0000000, 0x00000000c2800000, 0x00000000eaa80000)
  object space 40960K, 13% used [0x00000000c0000000,0x00000000c0553650,0x00000000c2800000)
 PSPermGen       total 21504K, used 5797K [0x00000000bae00000, 0x00000000bc300000, 0x00000000c0000000)
  object space 21504K, 26% used [0x00000000bae00000,0x00000000bb3a9788,0x00000000bc300000)
}
Event: 3,055 GC heap before
{Heap before GC invocations=5 (full 0):
 PSYoungGen      total 34304K, used 34295K [0x00000000eaa80000, 0x00000000ece80000, 0x0000000100000000)
  eden space 31744K, 100% used [0x00000000eaa80000,0x00000000ec980000,0x00000000ec980000)
  from space 2560K, 99% used [0x00000000ecc00000,0x00000000ece7df08,0x00000000ece80000)
  to   space 2560K, 0% used [0x00000000ec980000,0x00000000ec980000,0x00000000ecc00000)
 ParOldGen       total 40960K, used 5453K [0x00000000c0000000, 0x00000000c2800000, 0x00000000eaa80000)
  object space 40960K, 13% used [0x00000000c0000000,0x00000000c0553650,0x00000000c2800000)
 PSPermGen       total 21504K, used 5867K [0x00000000bae00000, 0x00000000bc300000, 0x00000000c0000000)
  object space 21504K, 27% used [0x00000000bae00000,0x00000000bb3bacb8,0x00000000bc300000)
Event: 3,090 GC heap after
Heap after GC invocations=5 (full 0):
 PSYoungGen      total 34304K, used 2558K [0x00000000eaa80000, 0x00000000efc80000, 0x0000000100000000)
  eden space 31744K, 0% used [0x00000000eaa80000,0x00000000eaa80000,0x00000000ec980000)
  from space 2560K, 99% used [0x00000000ec980000,0x00000000ecbff9a8,0x00000000ecc00000)
  to   space 10240K, 0% used [0x00000000ef280000,0x00000000ef280000,0x00000000efc80000)
 ParOldGen       total 40960K, used 11543K [0x00000000c0000000, 0x00000000c2800000, 0x00000000eaa80000)
  object space 40960K, 28% used [0x00000000c0000000,0x00000000c0b45d50,0x00000000c2800000)
 PSPermGen       total 21504K, used 5867K [0x00000000bae00000, 0x00000000bc300000, 0x00000000c0000000)
  object space 21504K, 27% used [0x00000000bae00000,0x00000000bb3bacb8,0x00000000bc300000)
}
Event: 4,082 GC heap before
{Heap before GC invocations=6 (full 0):
 PSYoungGen      total 34304K, used 34302K [0x00000000eaa80000, 0x00000000efc80000, 0x0000000100000000)
  eden space 31744K, 100% used [0x00000000eaa80000,0x00000000ec980000,0x00000000ec980000)
  from space 2560K, 99% used [0x00000000ec980000,0x00000000ecbff9a8,0x00000000ecc00000)
  to   space 10240K, 0% used [0x00000000ef280000,0x00000000ef280000,0x00000000efc80000)
 ParOldGen       total 40960K, used 11543K [0x00000000c0000000, 0x00000000c2800000, 0x00000000eaa80000)
  object space 40960K, 28% used [0x00000000c0000000,0x00000000c0b45d50,0x00000000c2800000)
 PSPermGen       total 21504K, used 5897K [0x00000000bae00000, 0x00000000bc300000, 0x00000000c0000000)
  object space 21504K, 27% used [0x00000000bae00000,0x00000000bb3c27e0,0x00000000bc300000)
Event: 4,128 GC heap after
Heap after GC invocations=6 (full 0):
 PSYoungGen      total 72192K, used 8674K [0x00000000eaa80000, 0x00000000eff80000, 0x0000000100000000)
  eden space 61952K, 0% used [0x00000000eaa80000,0x00000000eaa80000,0x00000000ee700000)
  from space 10240K, 84% used [0x00000000ef280000,0x00000000efaf89b8,0x00000000efc80000)
  to   space 11776K, 0% used [0x00000000ee700000,0x00000000ee700000,0x00000000ef280000)
 ParOldGen       total 40960K, used 11543K [0x00000000c0000000, 0x00000000c2800000, 0x00000000eaa80000)
  object space 40960K, 28% used [0x00000000c0000000,0x00000000c0b45d50,0x00000000c2800000)
 PSPermGen       total 21504K, used 5897K [0x00000000bae00000, 0x00000000bc300000, 0x00000000c0000000)
  object space 21504K, 27% used [0x00000000bae00000,0x00000000bb3c27e0,0x00000000bc300000)
}
Event: 5,870 GC heap before
{Heap before GC invocations=7 (full 0):
 PSYoungGen      total 72192K, used 70626K [0x00000000eaa80000, 0x00000000eff80000, 0x0000000100000000)
  eden space 61952K, 100% used [0x00000000eaa80000,0x00000000ee700000,0x00000000ee700000)
  from space 10240K, 84% used [0x00000000ef280000,0x00000000efaf89b8,0x00000000efc80000)
  to   space 11776K, 0% used [0x00000000ee700000,0x00000000ee700000,0x00000000ef280000)
 ParOldGen       total 40960K, used 11543K [0x00000000c0000000, 0x00000000c2800000, 0x00000000eaa80000)
  object space 40960K, 28% used [0x00000000c0000000,0x00000000c0b45d50,0x00000000c2800000)
 PSPermGen       total 21504K, used 5937K [0x00000000bae00000, 0x00000000bc300000, 0x00000000c0000000)
  object space 21504K, 27% used [0x00000000bae00000,0x00000000bb3cc708,0x00000000bc300000)
Event: 5,936 GC heap after
Heap after GC invocations=7 (full 0):
 PSYoungGen      total 73728K, used 11745K [0x00000000eaa80000, 0x00000000f4480000, 0x0000000100000000)
  eden space 61952K, 0% used [0x00000000eaa80000,0x00000000eaa80000,0x00000000ee700000)
  from space 11776K, 99% used [0x00000000ee700000,0x00000000ef278500,0x00000000ef280000)
  to   space 16896K, 0% used [0x00000000f3400000,0x00000000f3400000,0x00000000f4480000)
 ParOldGen       total 40960K, used 16616K [0x00000000c0000000, 0x00000000c2800000, 0x00000000eaa80000)
  object space 40960K, 40% used [0x00000000c0000000,0x00000000c103a290,0x00000000c2800000)
 PSPermGen       total 21504K, used 5937K [0x00000000bae00000, 0x00000000bc300000, 0x00000000c0000000)
  object space 21504K, 27% used [0x00000000bae00000,0x00000000bb3cc708,0x00000000bc300000)
}
Event: 7,603 GC heap before
{Heap before GC invocations=8 (full 0):
 PSYoungGen      total 73728K, used 73526K [0x00000000eaa80000, 0x00000000f4480000, 0x0000000100000000)
  eden space 61952K, 99% used [0x00000000eaa80000,0x00000000ee6d5608,0x00000000ee700000)
  from space 11776K, 99% used [0x00000000ee700000,0x00000000ef278500,0x00000000ef280000)
  to   space 16896K, 0% used [0x00000000f3400000,0x00000000f3400000,0x00000000f4480000)
 ParOldGen       total 40960K, used 16616K [0x00000000c0000000, 0x00000000c2800000, 0x00000000eaa80000)
  object space 40960K, 40% used [0x00000000c0000000,0x00000000c103a290,0x00000000c2800000)
 PSPermGen       total 21504K, used 5970K [0x00000000bae00000, 0x00000000bc300000, 0x00000000c0000000)
  object space 21504K, 27% used [0x00000000bae00000,0x00000000bb3d4a70,0x00000000bc300000)
Event: 7,673 GC heap after
Heap after GC invocations=8 (full 0):
 PSYoungGen      total 136192K, used 16891K [0x00000000eaa80000, 0x00000000f4d80000, 0x0000000100000000)
  eden space 119296K, 0% used [0x00000000eaa80000,0x00000000eaa80000,0x00000000f1f00000)
  from space 16896K, 99% used [0x00000000f3400000,0x00000000f447edb0,0x00000000f4480000)
  to   space 21504K, 0% used [0x00000000f1f00000,0x00000000f1f00000,0x00000000f3400000)
 ParOldGen       total 40960K, used 19783K [0x00000000c0000000, 0x00000000c2800000, 0x00000000eaa80000)
  object space 40960K, 48% used [0x00000000c0000000,0x00000000c1351eb0,0x00000000c2800000)
 PSPermGen       total 21504K, used 5970K [0x00000000bae00000, 0x00000000bc300000, 0x00000000c0000000)
  object space 21504K, 27% used [0x00000000bae00000,0x00000000bb3d4a70,0x00000000bc300000)
}
Event: 8,943 GC heap before
{Heap before GC invocations=9 (full 0):
 PSYoungGen      total 136192K, used 136187K [0x00000000eaa80000, 0x00000000f4d80000, 0x0000000100000000)
  eden space 119296K, 100% used [0x00000000eaa80000,0x00000000f1f00000,0x00000000f1f00000)
  from space 16896K, 99% used [0x00000000f3400000,0x00000000f447edb0,0x00000000f4480000)
  to   space 21504K, 0% used [0x00000000f1f00000,0x00000000f1f00000,0x00000000f3400000)
 ParOldGen       total 40960K, used 19783K [0x00000000c0000000, 0x00000000c2800000, 0x00000000eaa80000)
  object space 40960K, 48% used [0x00000000c0000000,0x00000000c1351eb0,0x00000000c2800000)
 PSPermGen       total 21504K, used 5994K [0x00000000bae00000, 0x00000000bc300000, 0x00000000c0000000)
  object space 21504K, 27% used [0x00000000bae00000,0x00000000bb3daac0,0x00000000bc300000)

