# JRE version: Java(TM) SE Runtime Environment (7.0_79-b15) (build 1.7.0_79-b15)
# Java VM: Java HotSpot(TM) 64-Bit Server VM (24.79-b02 mixed mode linux-amd64 compressed oops)
Heap
 PSYoungGen      total 266240K, used 40473K [0x00000000eaa80000, 0x0000000100000000, 0x0000000100000000)
  eden space 201216K, 0% used [0x00000000eaa80000,0x00000000eaa80000,0x00000000f6f00000)
  from space 65024K, 62% used [0x00000000fc080000,0x00000000fe806448,0x0000000100000000)
  to   space 74240K, 0% used [0x00000000f6f00000,0x00000000f6f00000,0x00000000fb780000)
 ParOldGen       total 138752K, used 138340K [0x00000000c0000000, 0x00000000c8780000, 0x00000000eaa80000)
  object space 138752K, 99% used [0x00000000c0000000,0x00000000c8719108,0x00000000c8780000)
 PSPermGen       total 21504K, used 6150K [0x00000000bae00000, 0x00000000bc300000, 0x00000000c0000000)
  object space 21504K, 28% used [0x00000000bae00000,0x00000000bb401b38,0x00000000bc300000)
GC Heap History (10 events):
Event: 13,195 GC heap after
Heap after GC invocations=12 (full 1):
 PSYoungGen      total 217600K, used 29466K [0x00000000eaa80000, 0x00000000fdb00000, 0x0000000100000000)
  eden space 179200K, 0% used [0x00000000eaa80000,0x00000000eaa80000,0x00000000f5980000)
  from space 38400K, 76% used [0x00000000f5980000,0x00000000f7646ad0,0x00000000f7f00000)
  to   space 41472K, 0% used [0x00000000fb280000,0x00000000fb280000,0x00000000fdb00000)
 ParOldGen       total 77312K, used 61207K [0x00000000c0000000, 0x00000000c4b80000, 0x00000000eaa80000)
  object space 77312K, 79% used [0x00000000c0000000,0x00000000c3bc5ed8,0x00000000c4b80000)
 PSPermGen       total 21504K, used 6083K [0x00000000bae00000, 0x00000000bc300000, 0x00000000c0000000)
  object space 21504K, 28% used [0x00000000bae00000,0x00000000bb3f0d58,0x00000000bc300000)
}
Event: 13,196 GC heap before
{Heap before GC invocations=13 (full 2):
 PSYoungGen      total 217600K, used 29466K [0x00000000eaa80000, 0x00000000fdb00000, 0x0000000100000000)
  eden space 179200K, 0% used [0x00000000eaa80000,0x00000000eaa80000,0x00000000f5980000)
  from space 38400K, 76% used [0x00000000f5980000,0x00000000f7646ad0,0x00000000f7f00000)
  to   space 41472K, 0% used [0x00000000fb280000,0x00000000fb280000,0x00000000fdb00000)
 ParOldGen       total 77312K, used 61207K [0x00000000c0000000, 0x00000000c4b80000, 0x00000000eaa80000)
  object space 77312K, 79% used [0x00000000c0000000,0x00000000c3bc5ed8,0x00000000c4b80000)
 PSPermGen       total 21504K, used 6083K [0x00000000bae00000, 0x00000000bc300000, 0x00000000c0000000)
  object space 21504K, 28% used [0x00000000bae00000,0x00000000bb3f0d58,0x00000000bc300000)
Event: 13,790 GC heap after
Heap after GC invocations=13 (full 2):
 PSYoungGen      total 217600K, used 12379K [0x00000000eaa80000, 0x00000000fdb00000, 0x0000000100000000)
  eden space 179200K, 0% used [0x00000000eaa80000,0x00000000eaa80000,0x00000000f5980000)
  from space 38400K, 32% used [0x00000000f5980000,0x00000000f6596e90,0x00000000f7f00000)
  to   space 41472K, 0% used [0x00000000fb280000,0x00000000fb280000,0x00000000fdb00000)
 ParOldGen       total 138752K, used 76986K [0x00000000c0000000, 0x00000000c8780000, 0x00000000eaa80000)
  object space 138752K, 55% used [0x00000000c0000000,0x00000000c4b2e958,0x00000000c8780000)
 PSPermGen       total 21504K, used 6082K [0x00000000bae00000, 0x00000000bc300000, 0x00000000c0000000)
  object space 21504K, 28% used [0x00000000bae00000,0x00000000bb3f0bb8,0x00000000bc300000)
}
Event: 14,774 GC heap before
{Heap before GC invocations=14 (full 2):
 PSYoungGen      total 217600K, used 191579K [0x00000000eaa80000, 0x00000000fdb00000, 0x0000000100000000)
  eden space 179200K, 100% used [0x00000000eaa80000,0x00000000f5980000,0x00000000f5980000)
  from space 38400K, 32% used [0x00000000f5980000,0x00000000f6596e90,0x00000000f7f00000)
  to   space 41472K, 0% used [0x00000000fb280000,0x00000000fb280000,0x00000000fdb00000)
 ParOldGen       total 138752K, used 76986K [0x00000000c0000000, 0x00000000c8780000, 0x00000000eaa80000)
  object space 138752K, 55% used [0x00000000c0000000,0x00000000c4b2e958,0x00000000c8780000)
 PSPermGen       total 21504K, used 6095K [0x00000000bae00000, 0x00000000bc300000, 0x00000000c0000000)
  object space 21504K, 28% used [0x00000000bae00000,0x00000000bb3f3e68,0x00000000bc300000)
Event: 14,894 GC heap after
Heap after GC invocations=14 (full 2):
 PSYoungGen      total 246272K, used 40342K [0x00000000eaa80000, 0x00000000fda00000, 0x0000000100000000)
  eden space 205824K, 0% used [0x00000000eaa80000,0x00000000eaa80000,0x00000000f7380000)
  from space 40448K, 99% used [0x00000000fb280000,0x00000000fd9e5be0,0x00000000fda00000)
  to   space 48128K, 0% used [0x00000000f7c00000,0x00000000f7c00000,0x00000000fab00000)
 ParOldGen       total 138752K, used 76986K [0x00000000c0000000, 0x00000000c8780000, 0x00000000eaa80000)
  object space 138752K, 55% used [0x00000000c0000000,0x00000000c4b2e958,0x00000000c8780000)
 PSPermGen       total 21504K, used 6095K [0x00000000bae00000, 0x00000000bc300000, 0x00000000c0000000)
  object space 21504K, 28% used [0x00000000bae00000,0x00000000bb3f3e68,0x00000000bc300000)
}
Event: 15,692 GC heap before
{Heap before GC invocations=15 (full 2):
 PSYoungGen      total 246272K, used 246166K [0x00000000eaa80000, 0x00000000fda00000, 0x0000000100000000)
  eden space 205824K, 100% used [0x00000000eaa80000,0x00000000f7380000,0x00000000f7380000)
  from space 40448K, 99% used [0x00000000fb280000,0x00000000fd9e5be0,0x00000000fda00000)
  to   space 48128K, 0% used [0x00000000f7c00000,0x00000000f7c00000,0x00000000fab00000)
 ParOldGen       total 138752K, used 76986K [0x00000000c0000000, 0x00000000c8780000, 0x00000000eaa80000)
  object space 138752K, 55% used [0x00000000c0000000,0x00000000c4b2e958,0x00000000c8780000)
 PSPermGen       total 21504K, used 6110K [0x00000000bae00000, 0x00000000bc300000, 0x00000000c0000000)
  object space 21504K, 28% used [0x00000000bae00000,0x00000000bb3f7a78,0x00000000bc300000)
Event: 15,809 GC heap after
Heap after GC invocations=15 (full 2):
 PSYoungGen      total 262656K, used 48102K [0x00000000eaa80000, 0x0000000100000000, 0x0000000100000000)
  eden space 214528K, 0% used [0x00000000eaa80000,0x00000000eaa80000,0x00000000f7c00000)
  from space 48128K, 99% used [0x00000000f7c00000,0x00000000faaf9870,0x00000000fab00000)
  to   space 65024K, 0% used [0x00000000fc080000,0x00000000fc080000,0x0000000100000000)
 ParOldGen       total 138752K, used 100016K [0x00000000c0000000, 0x00000000c8780000, 0x00000000eaa80000)
  object space 138752K, 72% used [0x00000000c0000000,0x00000000c61ac260,0x00000000c8780000)
 PSPermGen       total 21504K, used 6110K [0x00000000bae00000, 0x00000000bc300000, 0x00000000c0000000)
  object space 21504K, 28% used [0x00000000bae00000,0x00000000bb3f7a78,0x00000000bc300000)
}
Event: 16,647 GC heap before
{Heap before GC invocations=16 (full 2):
 PSYoungGen      total 262656K, used 262630K [0x00000000eaa80000, 0x0000000100000000, 0x0000000100000000)
  eden space 214528K, 100% used [0x00000000eaa80000,0x00000000f7c00000,0x00000000f7c00000)
  from space 48128K, 99% used [0x00000000f7c00000,0x00000000faaf9870,0x00000000fab00000)
  to   space 65024K, 0% used [0x00000000fc080000,0x00000000fc080000,0x0000000100000000)
 ParOldGen       total 138752K, used 100016K [0x00000000c0000000, 0x00000000c8780000, 0x00000000eaa80000)
  object space 138752K, 72% used [0x00000000c0000000,0x00000000c61ac260,0x00000000c8780000)
 PSPermGen       total 21504K, used 6151K [0x00000000bae00000, 0x00000000bc300000, 0x00000000c0000000)
  object space 21504K, 28% used [0x00000000bae00000,0x00000000bb401d98,0x00000000bc300000)
Event: 16,891 GC heap after
Heap after GC invocations=16 (full 2):
 PSYoungGen      total 266240K, used 59186K [0x00000000eaa80000, 0x0000000100000000, 0x0000000100000000)
  eden space 201216K, 0% used [0x00000000eaa80000,0x00000000eaa80000,0x00000000f6f00000)
  from space 65024K, 91% used [0x00000000fc080000,0x00000000ffa4cb80,0x0000000100000000)
  to   space 74240K, 0% used [0x00000000f6f00000,0x00000000f6f00000,0x00000000fb780000)
 ParOldGen       total 138752K, used 122904K [0x00000000c0000000, 0x00000000c8780000, 0x00000000eaa80000)
  object space 138752K, 88% used [0x00000000c0000000,0x00000000c78061f8,0x00000000c8780000)
 PSPermGen       total 21504K, used 6151K [0x00000000bae00000, 0x00000000bc300000, 0x00000000c0000000)
  object space 21504K, 28% used [0x00000000bae00000,0x00000000bb401d98,0x00000000bc300000)
}
Event: 16,891 GC heap before
{Heap before GC invocations=17 (full 3):
 PSYoungGen      total 266240K, used 59186K [0x00000000eaa80000, 0x0000000100000000, 0x0000000100000000)
  eden space 201216K, 0% used [0x00000000eaa80000,0x00000000eaa80000,0x00000000f6f00000)
  from space 65024K, 91% used [0x00000000fc080000,0x00000000ffa4cb80,0x0000000100000000)
  to   space 74240K, 0% used [0x00000000f6f00000,0x00000000f6f00000,0x00000000fb780000)
 ParOldGen       total 138752K, used 122904K [0x00000000c0000000, 0x00000000c8780000, 0x00000000eaa80000)
  object space 138752K, 88% used [0x00000000c0000000,0x00000000c78061f8,0x00000000c8780000)
 PSPermGen       total 21504K, used 6151K [0x00000000bae00000, 0x00000000bc300000, 0x00000000c0000000)
  object space 21504K, 28% used [0x00000000bae00000,0x00000000bb401d98,0x00000000bc300000)

