# JRE version: Java(TM) SE Runtime Environment (7.0_79-b15) (build 1.7.0_79-b15)
# Java VM: Java HotSpot(TM) 64-Bit Server VM (24.79-b02 mixed mode linux-amd64 compressed oops)
Heap
 PSYoungGen      total 268800K, used 40556K [0x00000000eaa80000, 0x0000000100000000, 0x0000000100000000)
  eden space 203264K, 0% used [0x00000000eaa80000,0x00000000eaa80000,0x00000000f7100000)
  from space 65536K, 61% used [0x00000000fc000000,0x00000000fe79b1d0,0x0000000100000000)
  to   space 73216K, 0% used [0x00000000f7100000,0x00000000f7100000,0x00000000fb880000)
 ParOldGen       total 138752K, used 138597K [0x00000000c0000000, 0x00000000c8780000, 0x00000000eaa80000)
  object space 138752K, 99% used [0x00000000c0000000,0x00000000c87594b8,0x00000000c8780000)
 PSPermGen       total 21504K, used 6209K [0x00000000bae00000, 0x00000000bc300000, 0x00000000c0000000)
  object space 21504K, 28% used [0x00000000bae00000,0x00000000bb4104b8,0x00000000bc300000)
GC Heap History (10 events):
Event: 12,257 GC heap after
Heap after GC invocations=12 (full 1):
 PSYoungGen      total 219648K, used 29859K [0x00000000eaa80000, 0x00000000fdf80000, 0x0000000100000000)
  eden space 181760K, 0% used [0x00000000eaa80000,0x00000000eaa80000,0x00000000f5c00000)
  from space 37888K, 78% used [0x00000000f5c00000,0x00000000f7928e68,0x00000000f8100000)
  to   space 41472K, 0% used [0x00000000fb700000,0x00000000fb700000,0x00000000fdf80000)
 ParOldGen       total 77312K, used 61619K [0x00000000c0000000, 0x00000000c4b80000, 0x00000000eaa80000)
  object space 77312K, 79% used [0x00000000c0000000,0x00000000c3c2cf60,0x00000000c4b80000)
 PSPermGen       total 21504K, used 6084K [0x00000000bae00000, 0x00000000bc300000, 0x00000000c0000000)
  object space 21504K, 28% used [0x00000000bae00000,0x00000000bb3f11a8,0x00000000bc300000)
}
Event: 12,257 GC heap before
{Heap before GC invocations=13 (full 2):
 PSYoungGen      total 219648K, used 29859K [0x00000000eaa80000, 0x00000000fdf80000, 0x0000000100000000)
  eden space 181760K, 0% used [0x00000000eaa80000,0x00000000eaa80000,0x00000000f5c00000)
  from space 37888K, 78% used [0x00000000f5c00000,0x00000000f7928e68,0x00000000f8100000)
  to   space 41472K, 0% used [0x00000000fb700000,0x00000000fb700000,0x00000000fdf80000)
 ParOldGen       total 77312K, used 61619K [0x00000000c0000000, 0x00000000c4b80000, 0x00000000eaa80000)
  object space 77312K, 79% used [0x00000000c0000000,0x00000000c3c2cf60,0x00000000c4b80000)
 PSPermGen       total 21504K, used 6084K [0x00000000bae00000, 0x00000000bc300000, 0x00000000c0000000)
  object space 21504K, 28% used [0x00000000bae00000,0x00000000bb3f11a8,0x00000000bc300000)
Event: 13,068 GC heap after
Heap after GC invocations=13 (full 2):
 PSYoungGen      total 219648K, used 12830K [0x00000000eaa80000, 0x00000000fdf80000, 0x0000000100000000)
  eden space 181760K, 0% used [0x00000000eaa80000,0x00000000eaa80000,0x00000000f5c00000)
  from space 37888K, 33% used [0x00000000f5c00000,0x00000000f68878e0,0x00000000f8100000)
  to   space 41472K, 0% used [0x00000000fb700000,0x00000000fb700000,0x00000000fdf80000)
 ParOldGen       total 138752K, used 77109K [0x00000000c0000000, 0x00000000c8780000, 0x00000000eaa80000)
  object space 138752K, 55% used [0x00000000c0000000,0x00000000c4b4d750,0x00000000c8780000)
 PSPermGen       total 21504K, used 6083K [0x00000000bae00000, 0x00000000bc300000, 0x00000000c0000000)
  object space 21504K, 28% used [0x00000000bae00000,0x00000000bb3f0f68,0x00000000bc300000)
}
Event: 14,149 GC heap before
{Heap before GC invocations=14 (full 2):
 PSYoungGen      total 219648K, used 194590K [0x00000000eaa80000, 0x00000000fdf80000, 0x0000000100000000)
  eden space 181760K, 100% used [0x00000000eaa80000,0x00000000f5c00000,0x00000000f5c00000)
  from space 37888K, 33% used [0x00000000f5c00000,0x00000000f68878e0,0x00000000f8100000)
  to   space 41472K, 0% used [0x00000000fb700000,0x00000000fb700000,0x00000000fdf80000)
 ParOldGen       total 138752K, used 77109K [0x00000000c0000000, 0x00000000c8780000, 0x00000000eaa80000)
  object space 138752K, 55% used [0x00000000c0000000,0x00000000c4b4d750,0x00000000c8780000)
 PSPermGen       total 21504K, used 6097K [0x00000000bae00000, 0x00000000bc300000, 0x00000000c0000000)
  object space 21504K, 28% used [0x00000000bae00000,0x00000000bb3f45c8,0x00000000bc300000)
Event: 14,304 GC heap after
Heap after GC invocations=14 (full 2):
 PSYoungGen      total 249344K, used 40457K [0x00000000eaa80000, 0x00000000fdf00000, 0x0000000100000000)
  eden space 208384K, 0% used [0x00000000eaa80000,0x00000000eaa80000,0x00000000f7600000)
  from space 40960K, 98% used [0x00000000fb700000,0x00000000fde82790,0x00000000fdf00000)
  to   space 48128K, 0% used [0x00000000f8100000,0x00000000f8100000,0x00000000fb000000)
 ParOldGen       total 138752K, used 77109K [0x00000000c0000000, 0x00000000c8780000, 0x00000000eaa80000)
  object space 138752K, 55% used [0x00000000c0000000,0x00000000c4b4d750,0x00000000c8780000)
 PSPermGen       total 21504K, used 6097K [0x00000000bae00000, 0x00000000bc300000, 0x00000000c0000000)
  object space 21504K, 28% used [0x00000000bae00000,0x00000000bb3f45c8,0x00000000bc300000)
}
Event: 15,249 GC heap before
{Heap before GC invocations=15 (full 2):
 PSYoungGen      total 249344K, used 248841K [0x00000000eaa80000, 0x00000000fdf00000, 0x0000000100000000)
  eden space 208384K, 100% used [0x00000000eaa80000,0x00000000f7600000,0x00000000f7600000)
  from space 40960K, 98% used [0x00000000fb700000,0x00000000fde82790,0x00000000fdf00000)
  to   space 48128K, 0% used [0x00000000f8100000,0x00000000f8100000,0x00000000fb000000)
 ParOldGen       total 138752K, used 77109K [0x00000000c0000000, 0x00000000c8780000, 0x00000000eaa80000)
  object space 138752K, 55% used [0x00000000c0000000,0x00000000c4b4d750,0x00000000c8780000)
 PSPermGen       total 21504K, used 6112K [0x00000000bae00000, 0x00000000bc300000, 0x00000000c0000000)
  object space 21504K, 28% used [0x00000000bae00000,0x00000000bb3f8070,0x00000000bc300000)
Event: 15,388 GC heap after
Heap after GC invocations=15 (full 2):
 PSYoungGen      total 267776K, used 48111K [0x00000000eaa80000, 0x0000000100000000, 0x0000000100000000)
  eden space 219648K, 0% used [0x00000000eaa80000,0x00000000eaa80000,0x00000000f8100000)
  from space 48128K, 99% used [0x00000000f8100000,0x00000000faffbd60,0x00000000fb000000)
  to   space 65536K, 0% used [0x00000000fc000000,0x00000000fc000000,0x0000000100000000)
 ParOldGen       total 138752K, used 101211K [0x00000000c0000000, 0x00000000c8780000, 0x00000000eaa80000)
  object space 138752K, 72% used [0x00000000c0000000,0x00000000c62d6ec0,0x00000000c8780000)
 PSPermGen       total 21504K, used 6112K [0x00000000bae00000, 0x00000000bc300000, 0x00000000c0000000)
  object space 21504K, 28% used [0x00000000bae00000,0x00000000bb3f8070,0x00000000bc300000)
}
Event: 17,862 GC heap before
{Heap before GC invocations=16 (full 2):
 PSYoungGen      total 267776K, used 267759K [0x00000000eaa80000, 0x0000000100000000, 0x0000000100000000)
  eden space 219648K, 100% used [0x00000000eaa80000,0x00000000f8100000,0x00000000f8100000)
  from space 48128K, 99% used [0x00000000f8100000,0x00000000faffbd60,0x00000000fb000000)
  to   space 65536K, 0% used [0x00000000fc000000,0x00000000fc000000,0x0000000100000000)
 ParOldGen       total 138752K, used 101211K [0x00000000c0000000, 0x00000000c8780000, 0x00000000eaa80000)
  object space 138752K, 72% used [0x00000000c0000000,0x00000000c62d6ec0,0x00000000c8780000)
 PSPermGen       total 21504K, used 6210K [0x00000000bae00000, 0x00000000bc300000, 0x00000000c0000000)
  object space 21504K, 28% used [0x00000000bae00000,0x00000000bb410828,0x00000000bc300000)
Event: 18,605 GC heap after
Heap after GC invocations=16 (full 2):
 PSYoungGen      total 268800K, used 55426K [0x00000000eaa80000, 0x0000000100000000, 0x0000000100000000)
  eden space 203264K, 0% used [0x00000000eaa80000,0x00000000eaa80000,0x00000000f7100000)
  from space 65536K, 84% used [0x00000000fc000000,0x00000000ff620830,0x0000000100000000)
  to   space 73216K, 0% used [0x00000000f7100000,0x00000000f7100000,0x00000000fb880000)
 ParOldGen       total 138752K, used 128895K [0x00000000c0000000, 0x00000000c8780000, 0x00000000eaa80000)
  object space 138752K, 92% used [0x00000000c0000000,0x00000000c7ddfec8,0x00000000c8780000)
 PSPermGen       total 21504K, used 6210K [0x00000000bae00000, 0x00000000bc300000, 0x00000000c0000000)
  object space 21504K, 28% used [0x00000000bae00000,0x00000000bb410828,0x00000000bc300000)
}
Event: 18,623 GC heap before
{Heap before GC invocations=17 (full 3):
 PSYoungGen      total 268800K, used 55426K [0x00000000eaa80000, 0x0000000100000000, 0x0000000100000000)
  eden space 203264K, 0% used [0x00000000eaa80000,0x00000000eaa80000,0x00000000f7100000)
  from space 65536K, 84% used [0x00000000fc000000,0x00000000ff620830,0x0000000100000000)
  to   space 73216K, 0% used [0x00000000f7100000,0x00000000f7100000,0x00000000fb880000)
 ParOldGen       total 138752K, used 128895K [0x00000000c0000000, 0x00000000c8780000, 0x00000000eaa80000)
  object space 138752K, 92% used [0x00000000c0000000,0x00000000c7ddfec8,0x00000000c8780000)
 PSPermGen       total 21504K, used 6210K [0x00000000bae00000, 0x00000000bc300000, 0x00000000c0000000)
  object space 21504K, 28% used [0x00000000bae00000,0x00000000bb410828,0x00000000bc300000)

