# JRE version: Java(TM) SE Runtime Environment (7.0_79-b15) (build 1.7.0_79-b15)
# Java VM: Java HotSpot(TM) 64-Bit Server VM (24.79-b02 mixed mode linux-amd64 compressed oops)
Heap
 PSYoungGen      total 266240K, used 9166K [0x00000000eaa80000, 0x00000000ff080000, 0x0000000100000000)
  eden space 237056K, 0% used [0x00000000eaa80000,0x00000000eaa80000,0x00000000f9200000)
  from space 29184K, 31% used [0x00000000f9200000,0x00000000f9af3b80,0x00000000fae80000)
  to   space 42496K, 0% used [0x00000000fc700000,0x00000000fc700000,0x00000000ff080000)
 ParOldGen       total 78848K, used 78765K [0x00000000c0000000, 0x00000000c4d00000, 0x00000000eaa80000)
  object space 78848K, 99% used [0x00000000c0000000,0x00000000c4ceb6e0,0x00000000c4d00000)
 PSPermGen       total 21504K, used 6077K [0x00000000bae00000, 0x00000000bc300000, 0x00000000c0000000)
  object space 21504K, 28% used [0x00000000bae00000,0x00000000bb3ef518,0x00000000bc300000)
GC Heap History (10 events):
Event: 6,209 GC heap after
Heap after GC invocations=6 (full 0):
 PSYoungGen      total 139776K, used 13307K [0x00000000eaa80000, 0x00000000f4980000, 0x0000000100000000)
  eden space 124416K, 0% used [0x00000000eaa80000,0x00000000eaa80000,0x00000000f2400000)
  from space 15360K, 86% used [0x00000000f3580000,0x00000000f427edf8,0x00000000f4480000)
  to   space 17920K, 0% used [0x00000000f2400000,0x00000000f2400000,0x00000000f3580000)
 ParOldGen       total 40960K, used 21221K [0x00000000c0000000, 0x00000000c2800000, 0x00000000eaa80000)
  object space 40960K, 51% used [0x00000000c0000000,0x00000000c14b96e0,0x00000000c2800000)
 PSPermGen       total 21504K, used 5945K [0x00000000bae00000, 0x00000000bc300000, 0x00000000c0000000)
  object space 21504K, 27% used [0x00000000bae00000,0x00000000bb3ce410,0x00000000bc300000)
}
Event: 7,915 GC heap before
{Heap before GC invocations=7 (full 0):
 PSYoungGen      total 139776K, used 137723K [0x00000000eaa80000, 0x00000000f4980000, 0x0000000100000000)
  eden space 124416K, 100% used [0x00000000eaa80000,0x00000000f2400000,0x00000000f2400000)
  from space 15360K, 86% used [0x00000000f3580000,0x00000000f427edf8,0x00000000f4480000)
  to   space 17920K, 0% used [0x00000000f2400000,0x00000000f2400000,0x00000000f3580000)
 ParOldGen       total 40960K, used 21221K [0x00000000c0000000, 0x00000000c2800000, 0x00000000eaa80000)
  object space 40960K, 51% used [0x00000000c0000000,0x00000000c14b96e0,0x00000000c2800000)
 PSPermGen       total 21504K, used 5990K [0x00000000bae00000, 0x00000000bc300000, 0x00000000c0000000)
  object space 21504K, 27% used [0x00000000bae00000,0x00000000bb3d9978,0x00000000bc300000)
Event: 8,000 GC heap after
Heap after GC invocations=7 (full 0):
 PSYoungGen      total 142336K, used 17888K [0x00000000eaa80000, 0x00000000fd280000, 0x0000000100000000)
  eden space 124416K, 0% used [0x00000000eaa80000,0x00000000eaa80000,0x00000000f2400000)
  from space 17920K, 99% used [0x00000000f2400000,0x00000000f3578158,0x00000000f3580000)
  to   space 27136K, 0% used [0x00000000fb800000,0x00000000fb800000,0x00000000fd280000)
 ParOldGen       total 40960K, used 32073K [0x00000000c0000000, 0x00000000c2800000, 0x00000000eaa80000)
  object space 40960K, 78% used [0x00000000c0000000,0x00000000c1f527a8,0x00000000c2800000)
 PSPermGen       total 21504K, used 5990K [0x00000000bae00000, 0x00000000bc300000, 0x00000000c0000000)
  object space 21504K, 27% used [0x00000000bae00000,0x00000000bb3d9978,0x00000000bc300000)
}
Event: 8,000 GC heap before
{Heap before GC invocations=8 (full 1):
 PSYoungGen      total 142336K, used 17888K [0x00000000eaa80000, 0x00000000fd280000, 0x0000000100000000)
  eden space 124416K, 0% used [0x00000000eaa80000,0x00000000eaa80000,0x00000000f2400000)
  from space 17920K, 99% used [0x00000000f2400000,0x00000000f3578158,0x00000000f3580000)
  to   space 27136K, 0% used [0x00000000fb800000,0x00000000fb800000,0x00000000fd280000)
 ParOldGen       total 40960K, used 32073K [0x00000000c0000000, 0x00000000c2800000, 0x00000000eaa80000)
  object space 40960K, 78% used [0x00000000c0000000,0x00000000c1f527a8,0x00000000c2800000)
 PSPermGen       total 21504K, used 5990K [0x00000000bae00000, 0x00000000bc300000, 0x00000000c0000000)
  object space 21504K, 27% used [0x00000000bae00000,0x00000000bb3d9978,0x00000000bc300000)
Event: 8,385 GC heap after
Heap after GC invocations=8 (full 1):
 PSYoungGen      total 142336K, used 2513K [0x00000000eaa80000, 0x00000000fd280000, 0x0000000100000000)
  eden space 124416K, 0% used [0x00000000eaa80000,0x00000000eaa80000,0x00000000f2400000)
  from space 17920K, 14% used [0x00000000f2400000,0x00000000f2674538,0x00000000f3580000)
  to   space 27136K, 0% used [0x00000000fb800000,0x00000000fb800000,0x00000000fd280000)
 ParOldGen       total 78848K, used 40893K [0x00000000c0000000, 0x00000000c4d00000, 0x00000000eaa80000)
  object space 78848K, 51% used [0x00000000c0000000,0x00000000c27ef438,0x00000000c4d00000)
 PSPermGen       total 21504K, used 5986K [0x00000000bae00000, 0x00000000bc300000, 0x00000000c0000000)
  object space 21504K, 27% used [0x00000000bae00000,0x00000000bb3d8a68,0x00000000bc300000)
}
Event: 9,414 GC heap before
{Heap before GC invocations=9 (full 1):
 PSYoungGen      total 142336K, used 126929K [0x00000000eaa80000, 0x00000000fd280000, 0x0000000100000000)
  eden space 124416K, 100% used [0x00000000eaa80000,0x00000000f2400000,0x00000000f2400000)
  from space 17920K, 14% used [0x00000000f2400000,0x00000000f2674538,0x00000000f3580000)
  to   space 27136K, 0% used [0x00000000fb800000,0x00000000fb800000,0x00000000fd280000)
 ParOldGen       total 78848K, used 40893K [0x00000000c0000000, 0x00000000c4d00000, 0x00000000eaa80000)
  object space 78848K, 51% used [0x00000000c0000000,0x00000000c27ef438,0x00000000c4d00000)
 PSPermGen       total 21504K, used 6047K [0x00000000bae00000, 0x00000000bc300000, 0x00000000c0000000)
  object space 21504K, 28% used [0x00000000bae00000,0x00000000bb3e7c48,0x00000000bc300000)
Event: 9,481 GC heap after
Heap after GC invocations=9 (full 1):
 PSYoungGen      total 207360K, used 19098K [0x00000000eaa80000, 0x00000000fcb00000, 0x0000000100000000)
  eden space 187904K, 0% used [0x00000000eaa80000,0x00000000eaa80000,0x00000000f6200000)
  from space 19456K, 98% used [0x00000000fb800000,0x00000000fcaa6a80,0x00000000fcb00000)
  to   space 29184K, 0% used [0x00000000f9200000,0x00000000f9200000,0x00000000fae80000)
 ParOldGen       total 78848K, used 40893K [0x00000000c0000000, 0x00000000c4d00000, 0x00000000eaa80000)
  object space 78848K, 51% used [0x00000000c0000000,0x00000000c27ef438,0x00000000c4d00000)
 PSPermGen       total 21504K, used 6047K [0x00000000bae00000, 0x00000000bc300000, 0x00000000c0000000)
  object space 21504K, 28% used [0x00000000bae00000,0x00000000bb3e7c48,0x00000000bc300000)
}
Event: 11,220 GC heap before
{Heap before GC invocations=10 (full 1):
 PSYoungGen      total 207360K, used 207002K [0x00000000eaa80000, 0x00000000fcb00000, 0x0000000100000000)
  eden space 187904K, 100% used [0x00000000eaa80000,0x00000000f6200000,0x00000000f6200000)
  from space 19456K, 98% used [0x00000000fb800000,0x00000000fcaa6a80,0x00000000fcb00000)
  to   space 29184K, 0% used [0x00000000f9200000,0x00000000f9200000,0x00000000fae80000)
 ParOldGen       total 78848K, used 40893K [0x00000000c0000000, 0x00000000c4d00000, 0x00000000eaa80000)
  object space 78848K, 51% used [0x00000000c0000000,0x00000000c27ef438,0x00000000c4d00000)
 PSPermGen       total 21504K, used 6078K [0x00000000bae00000, 0x00000000bc300000, 0x00000000c0000000)
  object space 21504K, 28% used [0x00000000bae00000,0x00000000bb3ef998,0x00000000bc300000)
Event: 11,357 GC heap after
Heap after GC invocations=10 (full 1):
 PSYoungGen      total 266240K, used 29182K [0x00000000eaa80000, 0x00000000ff080000, 0x0000000100000000)
  eden space 237056K, 0% used [0x00000000eaa80000,0x00000000eaa80000,0x00000000f9200000)
  from space 29184K, 99% used [0x00000000f9200000,0x00000000fae7f8d8,0x00000000fae80000)
  to   space 42496K, 0% used [0x00000000fc700000,0x00000000fc700000,0x00000000ff080000)
 ParOldGen       total 78848K, used 60538K [0x00000000c0000000, 0x00000000c4d00000, 0x00000000eaa80000)
  object space 78848K, 76% used [0x00000000c0000000,0x00000000c3b1eae0,0x00000000c4d00000)
 PSPermGen       total 21504K, used 6078K [0x00000000bae00000, 0x00000000bc300000, 0x00000000c0000000)
  object space 21504K, 28% used [0x00000000bae00000,0x00000000bb3ef998,0x00000000bc300000)
}
Event: 11,357 GC heap before
{Heap before GC invocations=11 (full 2):
 PSYoungGen      total 266240K, used 29182K [0x00000000eaa80000, 0x00000000ff080000, 0x0000000100000000)
  eden space 237056K, 0% used [0x00000000eaa80000,0x00000000eaa80000,0x00000000f9200000)
  from space 29184K, 99% used [0x00000000f9200000,0x00000000fae7f8d8,0x00000000fae80000)
  to   space 42496K, 0% used [0x00000000fc700000,0x00000000fc700000,0x00000000ff080000)
 ParOldGen       total 78848K, used 60538K [0x00000000c0000000, 0x00000000c4d00000, 0x00000000eaa80000)
  object space 78848K, 76% used [0x00000000c0000000,0x00000000c3b1eae0,0x00000000c4d00000)
 PSPermGen       total 21504K, used 6078K [0x00000000bae00000, 0x00000000bc300000, 0x00000000c0000000)
  object space 21504K, 28% used [0x00000000bae00000,0x00000000bb3ef998,0x00000000bc300000)

