# JRE version: Java(TM) SE Runtime Environment (7.0_79-b15) (build 1.7.0_79-b15)
# Java VM: Java HotSpot(TM) 64-Bit Server VM (24.79-b02 mixed mode linux-amd64 compressed oops)
Heap
 PSYoungGen      total 267776K, used 40959K [0x00000000eaa80000, 0x0000000100000000, 0x0000000100000000)
  eden space 202240K, 0% used [0x00000000eaa80000,0x00000000eaa80000,0x00000000f7000000)
  from space 65536K, 62% used [0x00000000fc000000,0x00000000fe7ffc28,0x0000000100000000)
  to   space 73728K, 0% used [0x00000000f7000000,0x00000000f7000000,0x00000000fb800000)
 ParOldGen       total 137216K, used 137213K [0x00000000c0000000, 0x00000000c8600000, 0x00000000eaa80000)
  object space 137216K, 99% used [0x00000000c0000000,0x00000000c85ff478,0x00000000c8600000)
 PSPermGen       total 21504K, used 6204K [0x00000000bae00000, 0x00000000bc300000, 0x00000000c0000000)
  object space 21504K, 28% used [0x00000000bae00000,0x00000000bb40f1e0,0x00000000bc300000)
GC Heap History (10 events):
Event: 12,909 GC heap after
Heap after GC invocations=12 (full 1):
 PSYoungGen      total 217600K, used 29479K [0x00000000eaa80000, 0x00000000fdc00000, 0x0000000100000000)
  eden space 179712K, 0% used [0x00000000eaa80000,0x00000000eaa80000,0x00000000f5a00000)
  from space 37888K, 77% used [0x00000000f5a00000,0x00000000f76c9da8,0x00000000f7f00000)
  to   space 41472K, 0% used [0x00000000fb380000,0x00000000fb380000,0x00000000fdc00000)
 ParOldGen       total 76800K, used 61747K [0x00000000c0000000, 0x00000000c4b00000, 0x00000000eaa80000)
  object space 76800K, 80% used [0x00000000c0000000,0x00000000c3c4cc78,0x00000000c4b00000)
 PSPermGen       total 21504K, used 6079K [0x00000000bae00000, 0x00000000bc300000, 0x00000000c0000000)
  object space 21504K, 28% used [0x00000000bae00000,0x00000000bb3efc30,0x00000000bc300000)
}
Event: 12,909 GC heap before
{Heap before GC invocations=13 (full 2):
 PSYoungGen      total 217600K, used 29479K [0x00000000eaa80000, 0x00000000fdc00000, 0x0000000100000000)
  eden space 179712K, 0% used [0x00000000eaa80000,0x00000000eaa80000,0x00000000f5a00000)
  from space 37888K, 77% used [0x00000000f5a00000,0x00000000f76c9da8,0x00000000f7f00000)
  to   space 41472K, 0% used [0x00000000fb380000,0x00000000fb380000,0x00000000fdc00000)
 ParOldGen       total 76800K, used 61747K [0x00000000c0000000, 0x00000000c4b00000, 0x00000000eaa80000)
  object space 76800K, 80% used [0x00000000c0000000,0x00000000c3c4cc78,0x00000000c4b00000)
 PSPermGen       total 21504K, used 6079K [0x00000000bae00000, 0x00000000bc300000, 0x00000000c0000000)
  object space 21504K, 28% used [0x00000000bae00000,0x00000000bb3efc30,0x00000000bc300000)
Event: 13,385 GC heap after
Heap after GC invocations=13 (full 2):
 PSYoungGen      total 217600K, used 12881K [0x00000000eaa80000, 0x00000000fdc00000, 0x0000000100000000)
  eden space 179712K, 0% used [0x00000000eaa80000,0x00000000eaa80000,0x00000000f5a00000)
  from space 37888K, 33% used [0x00000000f5a00000,0x00000000f6694668,0x00000000f7f00000)
  to   space 41472K, 0% used [0x00000000fb380000,0x00000000fb380000,0x00000000fdc00000)
 ParOldGen       total 137216K, used 76568K [0x00000000c0000000, 0x00000000c8600000, 0x00000000eaa80000)
  object space 137216K, 55% used [0x00000000c0000000,0x00000000c4ac6080,0x00000000c8600000)
 PSPermGen       total 21504K, used 6078K [0x00000000bae00000, 0x00000000bc300000, 0x00000000c0000000)
  object space 21504K, 28% used [0x00000000bae00000,0x00000000bb3efa70,0x00000000bc300000)
}
Event: 14,322 GC heap before
{Heap before GC invocations=14 (full 2):
 PSYoungGen      total 217600K, used 192593K [0x00000000eaa80000, 0x00000000fdc00000, 0x0000000100000000)
  eden space 179712K, 100% used [0x00000000eaa80000,0x00000000f5a00000,0x00000000f5a00000)
  from space 37888K, 33% used [0x00000000f5a00000,0x00000000f6694668,0x00000000f7f00000)
  to   space 41472K, 0% used [0x00000000fb380000,0x00000000fb380000,0x00000000fdc00000)
 ParOldGen       total 137216K, used 76568K [0x00000000c0000000, 0x00000000c8600000, 0x00000000eaa80000)
  object space 137216K, 55% used [0x00000000c0000000,0x00000000c4ac6080,0x00000000c8600000)
 PSPermGen       total 21504K, used 6091K [0x00000000bae00000, 0x00000000bc300000, 0x00000000c0000000)
  object space 21504K, 28% used [0x00000000bae00000,0x00000000bb3f2dc8,0x00000000bc300000)
Event: 14,421 GC heap after
Heap after GC invocations=14 (full 2):
 PSYoungGen      total 249856K, used 40560K [0x00000000eaa80000, 0x00000000fdb80000, 0x0000000100000000)
  eden space 208896K, 0% used [0x00000000eaa80000,0x00000000eaa80000,0x00000000f7680000)
  from space 40960K, 99% used [0x00000000fb380000,0x00000000fdb1c0c8,0x00000000fdb80000)
  to   space 48128K, 0% used [0x00000000f7d80000,0x00000000f7d80000,0x00000000fac80000)
 ParOldGen       total 137216K, used 76568K [0x00000000c0000000, 0x00000000c8600000, 0x00000000eaa80000)
  object space 137216K, 55% used [0x00000000c0000000,0x00000000c4ac6080,0x00000000c8600000)
 PSPermGen       total 21504K, used 6091K [0x00000000bae00000, 0x00000000bc300000, 0x00000000c0000000)
  object space 21504K, 28% used [0x00000000bae00000,0x00000000bb3f2dc8,0x00000000bc300000)
}
Event: 15,280 GC heap before
{Heap before GC invocations=15 (full 2):
 PSYoungGen      total 249856K, used 249456K [0x00000000eaa80000, 0x00000000fdb80000, 0x0000000100000000)
  eden space 208896K, 100% used [0x00000000eaa80000,0x00000000f7680000,0x00000000f7680000)
  from space 40960K, 99% used [0x00000000fb380000,0x00000000fdb1c0c8,0x00000000fdb80000)
  to   space 48128K, 0% used [0x00000000f7d80000,0x00000000f7d80000,0x00000000fac80000)
 ParOldGen       total 137216K, used 76568K [0x00000000c0000000, 0x00000000c8600000, 0x00000000eaa80000)
  object space 137216K, 55% used [0x00000000c0000000,0x00000000c4ac6080,0x00000000c8600000)
 PSPermGen       total 21504K, used 6107K [0x00000000bae00000, 0x00000000bc300000, 0x00000000c0000000)
  object space 21504K, 28% used [0x00000000bae00000,0x00000000bb3f6e30,0x00000000bc300000)
Event: 15,412 GC heap after
Heap after GC invocations=15 (full 2):
 PSYoungGen      total 264192K, used 48102K [0x00000000eaa80000, 0x0000000100000000, 0x0000000100000000)
  eden space 216064K, 0% used [0x00000000eaa80000,0x00000000eaa80000,0x00000000f7d80000)
  from space 48128K, 99% used [0x00000000f7d80000,0x00000000fac79a10,0x00000000fac80000)
  to   space 65536K, 0% used [0x00000000fc000000,0x00000000fc000000,0x0000000100000000)
 ParOldGen       total 137216K, used 100448K [0x00000000c0000000, 0x00000000c8600000, 0x00000000eaa80000)
  object space 137216K, 73% used [0x00000000c0000000,0x00000000c6218368,0x00000000c8600000)
 PSPermGen       total 21504K, used 6107K [0x00000000bae00000, 0x00000000bc300000, 0x00000000c0000000)
  object space 21504K, 28% used [0x00000000bae00000,0x00000000bb3f6e30,0x00000000bc300000)
}
Event: 17,753 GC heap before
{Heap before GC invocations=16 (full 2):
 PSYoungGen      total 264192K, used 264166K [0x00000000eaa80000, 0x0000000100000000, 0x0000000100000000)
  eden space 216064K, 100% used [0x00000000eaa80000,0x00000000f7d80000,0x00000000f7d80000)
  from space 48128K, 99% used [0x00000000f7d80000,0x00000000fac79a10,0x00000000fac80000)
  to   space 65536K, 0% used [0x00000000fc000000,0x00000000fc000000,0x0000000100000000)
 ParOldGen       total 137216K, used 100448K [0x00000000c0000000, 0x00000000c8600000, 0x00000000eaa80000)
  object space 137216K, 73% used [0x00000000c0000000,0x00000000c6218368,0x00000000c8600000)
 PSPermGen       total 21504K, used 6205K [0x00000000bae00000, 0x00000000bc300000, 0x00000000c0000000)
  object space 21504K, 28% used [0x00000000bae00000,0x00000000bb40f570,0x00000000bc300000)
Event: 17,914 GC heap after
Heap after GC invocations=16 (full 2):
 PSYoungGen      total 267776K, used 56697K [0x00000000eaa80000, 0x0000000100000000, 0x0000000100000000)
  eden space 202240K, 0% used [0x00000000eaa80000,0x00000000eaa80000,0x00000000f7000000)
  from space 65536K, 86% used [0x00000000fc000000,0x00000000ff75e5a0,0x0000000100000000)
  to   space 73728K, 0% used [0x00000000f7000000,0x00000000f7000000,0x00000000fb800000)
 ParOldGen       total 137216K, used 125976K [0x00000000c0000000, 0x00000000c8600000, 0x00000000eaa80000)
  object space 137216K, 91% used [0x00000000c0000000,0x00000000c7b061b0,0x00000000c8600000)
 PSPermGen       total 21504K, used 6205K [0x00000000bae00000, 0x00000000bc300000, 0x00000000c0000000)
  object space 21504K, 28% used [0x00000000bae00000,0x00000000bb40f570,0x00000000bc300000)
}
Event: 17,914 GC heap before
{Heap before GC invocations=17 (full 3):
 PSYoungGen      total 267776K, used 56697K [0x00000000eaa80000, 0x0000000100000000, 0x0000000100000000)
  eden space 202240K, 0% used [0x00000000eaa80000,0x00000000eaa80000,0x00000000f7000000)
  from space 65536K, 86% used [0x00000000fc000000,0x00000000ff75e5a0,0x0000000100000000)
  to   space 73728K, 0% used [0x00000000f7000000,0x00000000f7000000,0x00000000fb800000)
 ParOldGen       total 137216K, used 125976K [0x00000000c0000000, 0x00000000c8600000, 0x00000000eaa80000)
  object space 137216K, 91% used [0x00000000c0000000,0x00000000c7b061b0,0x00000000c8600000)
 PSPermGen       total 21504K, used 6205K [0x00000000bae00000, 0x00000000bc300000, 0x00000000c0000000)
  object space 21504K, 28% used [0x00000000bae00000,0x00000000bb40f570,0x00000000bc300000)

