# JRE version: Java(TM) SE Runtime Environment (7.0_79-b15) (build 1.7.0_79-b15)
# Java VM: Java HotSpot(TM) 64-Bit Server VM (24.79-b02 mixed mode linux-amd64 compressed oops)
Heap
 PSYoungGen      total 288256K, used 32427K [0x00000000eaa80000, 0x0000000100000000, 0x0000000100000000)
  eden space 231936K, 0% used [0x00000000eaa80000,0x00000000eaa80000,0x00000000f8d00000)
  from space 56320K, 57% used [0x00000000fc900000,0x00000000fe8aac70,0x0000000100000000)
  to   space 58880K, 0% used [0x00000000f8d00000,0x00000000f8d00000,0x00000000fc680000)
 ParOldGen       total 149504K, used 149000K [0x00000000c0000000, 0x00000000c9200000, 0x00000000eaa80000)
  object space 149504K, 99% used [0x00000000c0000000,0x00000000c91821b8,0x00000000c9200000)
 PSPermGen       total 21504K, used 6227K [0x00000000bae00000, 0x00000000bc300000, 0x00000000c0000000)
  object space 21504K, 28% used [0x00000000bae00000,0x00000000bb414d20,0x00000000bc300000)
GC Heap History (10 events):
Event: 13,190 GC heap after
Heap after GC invocations=12 (full 1):
 PSYoungGen      total 220160K, used 30218K [0x00000000eaa80000, 0x00000000fe100000, 0x0000000100000000)
  eden space 185856K, 0% used [0x00000000eaa80000,0x00000000eaa80000,0x00000000f6000000)
  from space 34304K, 88% used [0x00000000f6000000,0x00000000f7d828b8,0x00000000f8180000)
  to   space 38912K, 0% used [0x00000000fbb00000,0x00000000fbb00000,0x00000000fe100000)
 ParOldGen       total 76800K, used 61193K [0x00000000c0000000, 0x00000000c4b00000, 0x00000000eaa80000)
  object space 76800K, 79% used [0x00000000c0000000,0x00000000c3bc27a8,0x00000000c4b00000)
 PSPermGen       total 21504K, used 6083K [0x00000000bae00000, 0x00000000bc300000, 0x00000000c0000000)
  object space 21504K, 28% used [0x00000000bae00000,0x00000000bb3f0d18,0x00000000bc300000)
}
Event: 13,190 GC heap before
{Heap before GC invocations=13 (full 2):
 PSYoungGen      total 220160K, used 30218K [0x00000000eaa80000, 0x00000000fe100000, 0x0000000100000000)
  eden space 185856K, 0% used [0x00000000eaa80000,0x00000000eaa80000,0x00000000f6000000)
  from space 34304K, 88% used [0x00000000f6000000,0x00000000f7d828b8,0x00000000f8180000)
  to   space 38912K, 0% used [0x00000000fbb00000,0x00000000fbb00000,0x00000000fe100000)
 ParOldGen       total 76800K, used 61193K [0x00000000c0000000, 0x00000000c4b00000, 0x00000000eaa80000)
  object space 76800K, 79% used [0x00000000c0000000,0x00000000c3bc27a8,0x00000000c4b00000)
 PSPermGen       total 21504K, used 6083K [0x00000000bae00000, 0x00000000bc300000, 0x00000000c0000000)
  object space 21504K, 28% used [0x00000000bae00000,0x00000000bb3f0d18,0x00000000bc300000)
Event: 13,851 GC heap after
Heap after GC invocations=13 (full 2):
 PSYoungGen      total 220160K, used 13110K [0x00000000eaa80000, 0x00000000fe100000, 0x0000000100000000)
  eden space 185856K, 0% used [0x00000000eaa80000,0x00000000eaa80000,0x00000000f6000000)
  from space 34304K, 38% used [0x00000000f6000000,0x00000000f6ccdbb8,0x00000000f8180000)
  to   space 38912K, 0% used [0x00000000fbb00000,0x00000000fbb00000,0x00000000fe100000)
 ParOldGen       total 137216K, used 76777K [0x00000000c0000000, 0x00000000c8600000, 0x00000000eaa80000)
  object space 137216K, 55% used [0x00000000c0000000,0x00000000c4afa760,0x00000000c8600000)
 PSPermGen       total 21504K, used 6082K [0x00000000bae00000, 0x00000000bc300000, 0x00000000c0000000)
  object space 21504K, 28% used [0x00000000bae00000,0x00000000bb3f0998,0x00000000bc300000)
}
Event: 15,088 GC heap before
{Heap before GC invocations=14 (full 2):
 PSYoungGen      total 220160K, used 198966K [0x00000000eaa80000, 0x00000000fe100000, 0x0000000100000000)
  eden space 185856K, 100% used [0x00000000eaa80000,0x00000000f6000000,0x00000000f6000000)
  from space 34304K, 38% used [0x00000000f6000000,0x00000000f6ccdbb8,0x00000000f8180000)
  to   space 38912K, 0% used [0x00000000fbb00000,0x00000000fbb00000,0x00000000fe100000)
 ParOldGen       total 137216K, used 76777K [0x00000000c0000000, 0x00000000c8600000, 0x00000000eaa80000)
  object space 137216K, 55% used [0x00000000c0000000,0x00000000c4afa760,0x00000000c8600000)
 PSPermGen       total 21504K, used 6095K [0x00000000bae00000, 0x00000000bc300000, 0x00000000c0000000)
  object space 21504K, 28% used [0x00000000bae00000,0x00000000bb3f3ee8,0x00000000bc300000)
Event: 15,195 GC heap after
Heap after GC invocations=14 (full 2):
 PSYoungGen      total 244224K, used 30388K [0x00000000eaa80000, 0x00000000fd900000, 0x0000000100000000)
  eden space 213504K, 0% used [0x00000000eaa80000,0x00000000eaa80000,0x00000000f7b00000)
  from space 30720K, 98% used [0x00000000fbb00000,0x00000000fd8ad1a0,0x00000000fd900000)
  to   space 42496K, 0% used [0x00000000f8600000,0x00000000f8600000,0x00000000faf80000)
 ParOldGen       total 137216K, used 88501K [0x00000000c0000000, 0x00000000c8600000, 0x00000000eaa80000)
  object space 137216K, 64% used [0x00000000c0000000,0x00000000c566d458,0x00000000c8600000)
 PSPermGen       total 21504K, used 6095K [0x00000000bae00000, 0x00000000bc300000, 0x00000000c0000000)
  object space 21504K, 28% used [0x00000000bae00000,0x00000000bb3f3ee8,0x00000000bc300000)
}
Event: 16,224 GC heap before
{Heap before GC invocations=15 (full 2):
 PSYoungGen      total 244224K, used 243892K [0x00000000eaa80000, 0x00000000fd900000, 0x0000000100000000)
  eden space 213504K, 100% used [0x00000000eaa80000,0x00000000f7b00000,0x00000000f7b00000)
  from space 30720K, 98% used [0x00000000fbb00000,0x00000000fd8ad1a0,0x00000000fd900000)
  to   space 42496K, 0% used [0x00000000f8600000,0x00000000f8600000,0x00000000faf80000)
 ParOldGen       total 137216K, used 88501K [0x00000000c0000000, 0x00000000c8600000, 0x00000000eaa80000)
  object space 137216K, 64% used [0x00000000c0000000,0x00000000c566d458,0x00000000c8600000)
 PSPermGen       total 21504K, used 6112K [0x00000000bae00000, 0x00000000bc300000, 0x00000000c0000000)
  object space 21504K, 28% used [0x00000000bae00000,0x00000000bb3f82e0,0x00000000bc300000)
Event: 16,331 GC heap after
Heap after GC invocations=15 (full 2):
 PSYoungGen      total 267264K, used 42483K [0x00000000eaa80000, 0x0000000100000000, 0x0000000100000000)
  eden space 224768K, 0% used [0x00000000eaa80000,0x00000000eaa80000,0x00000000f8600000)
  from space 42496K, 99% used [0x00000000f8600000,0x00000000faf7cde8,0x00000000faf80000)
  to   space 56320K, 0% used [0x00000000fc900000,0x00000000fc900000,0x0000000100000000)
 ParOldGen       total 137216K, used 107421K [0x00000000c0000000, 0x00000000c8600000, 0x00000000eaa80000)
  object space 137216K, 78% used [0x00000000c0000000,0x00000000c68e75b0,0x00000000c8600000)
 PSPermGen       total 21504K, used 6112K [0x00000000bae00000, 0x00000000bc300000, 0x00000000c0000000)
  object space 21504K, 28% used [0x00000000bae00000,0x00000000bb3f82e0,0x00000000bc300000)
}
Event: 19,315 GC heap before
{Heap before GC invocations=16 (full 2):
 PSYoungGen      total 267264K, used 267251K [0x00000000eaa80000, 0x0000000100000000, 0x0000000100000000)
  eden space 224768K, 100% used [0x00000000eaa80000,0x00000000f8600000,0x00000000f8600000)
  from space 42496K, 99% used [0x00000000f8600000,0x00000000faf7cde8,0x00000000faf80000)
  to   space 56320K, 0% used [0x00000000fc900000,0x00000000fc900000,0x0000000100000000)
 ParOldGen       total 137216K, used 107421K [0x00000000c0000000, 0x00000000c8600000, 0x00000000eaa80000)
  object space 137216K, 78% used [0x00000000c0000000,0x00000000c68e75b0,0x00000000c8600000)
 PSPermGen       total 21504K, used 6228K [0x00000000bae00000, 0x00000000bc300000, 0x00000000c0000000)
  object space 21504K, 28% used [0x00000000bae00000,0x00000000bb415050,0x00000000bc300000)
Event: 19,530 GC heap after
Heap after GC invocations=16 (full 2):
 PSYoungGen      total 288256K, used 36279K [0x00000000eaa80000, 0x0000000100000000, 0x0000000100000000)
  eden space 231936K, 0% used [0x00000000eaa80000,0x00000000eaa80000,0x00000000f8d00000)
  from space 56320K, 64% used [0x00000000fc900000,0x00000000fec6dd30,0x0000000100000000)
  to   space 58880K, 0% used [0x00000000f8d00000,0x00000000f8d00000,0x00000000fc680000)
 ParOldGen       total 149504K, used 149124K [0x00000000c0000000, 0x00000000c9200000, 0x00000000eaa80000)
  object space 149504K, 99% used [0x00000000c0000000,0x00000000c91a1320,0x00000000c9200000)
 PSPermGen       total 21504K, used 6228K [0x00000000bae00000, 0x00000000bc300000, 0x00000000c0000000)
  object space 21504K, 28% used [0x00000000bae00000,0x00000000bb415050,0x00000000bc300000)
}
Event: 19,534 GC heap before
{Heap before GC invocations=17 (full 3):
 PSYoungGen      total 288256K, used 36279K [0x00000000eaa80000, 0x0000000100000000, 0x0000000100000000)
  eden space 231936K, 0% used [0x00000000eaa80000,0x00000000eaa80000,0x00000000f8d00000)
  from space 56320K, 64% used [0x00000000fc900000,0x00000000fec6dd30,0x0000000100000000)
  to   space 58880K, 0% used [0x00000000f8d00000,0x00000000f8d00000,0x00000000fc680000)
 ParOldGen       total 149504K, used 149124K [0x00000000c0000000, 0x00000000c9200000, 0x00000000eaa80000)
  object space 149504K, 99% used [0x00000000c0000000,0x00000000c91a1320,0x00000000c9200000)
 PSPermGen       total 21504K, used 6228K [0x00000000bae00000, 0x00000000bc300000, 0x00000000c0000000)
  object space 21504K, 28% used [0x00000000bae00000,0x00000000bb415050,0x00000000bc300000)

