# JRE version: Java(TM) SE Runtime Environment (7.0_79-b15) (build 1.7.0_79-b15)
# Java VM: Java HotSpot(TM) 64-Bit Server VM (24.79-b02 mixed mode linux-amd64 compressed oops)
Heap
 PSYoungGen      total 254976K, used 24727K [0x00000000eaa80000, 0x0000000100000000, 0x0000000100000000)
  eden space 180736K, 0% used [0x00000000eaa80000,0x00000000eaa80000,0x00000000f5b00000)
  from space 74240K, 33% used [0x00000000fb780000,0x00000000fcfa5e88,0x0000000100000000)
  to   space 84480K, 0% used [0x00000000f5b00000,0x00000000f5b00000,0x00000000fad80000)
 ParOldGen       total 150016K, used 149889K [0x00000000c0000000, 0x00000000c9280000, 0x00000000eaa80000)
  object space 150016K, 99% used [0x00000000c0000000,0x00000000c92605f8,0x00000000c9280000)
 PSPermGen       total 21504K, used 6347K [0x00000000bae00000, 0x00000000bc300000, 0x00000000c0000000)
  object space 21504K, 29% used [0x00000000bae00000,0x00000000bb432cf0,0x00000000bc300000)
GC Heap History (10 events):
Event: 11,227 GC heap after
Heap after GC invocations=10 (full 1):
 PSYoungGen      total 255488K, used 30179K [0x00000000eaa80000, 0x00000000fdb80000, 0x0000000100000000)
  eden space 225280K, 0% used [0x00000000eaa80000,0x00000000eaa80000,0x00000000f8680000)
  from space 30208K, 99% used [0x00000000f9200000,0x00000000faf78f40,0x00000000faf80000)
  to   space 43520K, 0% used [0x00000000fb100000,0x00000000fb100000,0x00000000fdb80000)
 ParOldGen       total 81408K, used 59844K [0x00000000c0000000, 0x00000000c4f80000, 0x00000000eaa80000)
  object space 81408K, 73% used [0x00000000c0000000,0x00000000c3a71070,0x00000000c4f80000)
 PSPermGen       total 21504K, used 6078K [0x00000000bae00000, 0x00000000bc300000, 0x00000000c0000000)
  object space 21504K, 28% used [0x00000000bae00000,0x00000000bb3efad8,0x00000000bc300000)
}
Event: 12,596 GC heap before
{Heap before GC invocations=11 (full 1):
 PSYoungGen      total 255488K, used 255459K [0x00000000eaa80000, 0x00000000fdb80000, 0x0000000100000000)
  eden space 225280K, 100% used [0x00000000eaa80000,0x00000000f8680000,0x00000000f8680000)
  from space 30208K, 99% used [0x00000000f9200000,0x00000000faf78f40,0x00000000faf80000)
  to   space 43520K, 0% used [0x00000000fb100000,0x00000000fb100000,0x00000000fdb80000)
 ParOldGen       total 81408K, used 59844K [0x00000000c0000000, 0x00000000c4f80000, 0x00000000eaa80000)
  object space 81408K, 73% used [0x00000000c0000000,0x00000000c3a71070,0x00000000c4f80000)
 PSPermGen       total 21504K, used 6092K [0x00000000bae00000, 0x00000000bc300000, 0x00000000c0000000)
  object space 21504K, 28% used [0x00000000bae00000,0x00000000bb3f3370,0x00000000bc300000)
Event: 12,729 GC heap after
Heap after GC invocations=11 (full 1):
 PSYoungGen      total 252928K, used 43491K [0x00000000eaa80000, 0x0000000100000000, 0x0000000100000000)
  eden space 209408K, 0% used [0x00000000eaa80000,0x00000000eaa80000,0x00000000f7700000)
  from space 43520K, 99% used [0x00000000fb100000,0x00000000fdb78e88,0x00000000fdb80000)
  to   space 59392K, 0% used [0x00000000f7700000,0x00000000f7700000,0x00000000fb100000)
 ParOldGen       total 82432K, used 82429K [0x00000000c0000000, 0x00000000c5080000, 0x00000000eaa80000)
  object space 82432K, 99% used [0x00000000c0000000,0x00000000c507f798,0x00000000c5080000)
 PSPermGen       total 21504K, used 6092K [0x00000000bae00000, 0x00000000bc300000, 0x00000000c0000000)
  object space 21504K, 28% used [0x00000000bae00000,0x00000000bb3f3370,0x00000000bc300000)
}
Event: 12,729 GC heap before
{Heap before GC invocations=12 (full 2):
 PSYoungGen      total 252928K, used 43491K [0x00000000eaa80000, 0x0000000100000000, 0x0000000100000000)
  eden space 209408K, 0% used [0x00000000eaa80000,0x00000000eaa80000,0x00000000f7700000)
  from space 43520K, 99% used [0x00000000fb100000,0x00000000fdb78e88,0x00000000fdb80000)
  to   space 59392K, 0% used [0x00000000f7700000,0x00000000f7700000,0x00000000fb100000)
 ParOldGen       total 82432K, used 82429K [0x00000000c0000000, 0x00000000c5080000, 0x00000000eaa80000)
  object space 82432K, 99% used [0x00000000c0000000,0x00000000c507f798,0x00000000c5080000)
 PSPermGen       total 21504K, used 6092K [0x00000000bae00000, 0x00000000bc300000, 0x00000000c0000000)
  object space 21504K, 28% used [0x00000000bae00000,0x00000000bb3f3370,0x00000000bc300000)
Event: 13,779 GC heap after
Heap after GC invocations=12 (full 2):
 PSYoungGen      total 252928K, used 38672K [0x00000000eaa80000, 0x0000000100000000, 0x0000000100000000)
  eden space 209408K, 0% used [0x00000000eaa80000,0x00000000eaa80000,0x00000000f7700000)
  from space 43520K, 88% used [0x00000000fb100000,0x00000000fd6c4220,0x00000000fdb80000)
  to   space 59392K, 0% used [0x00000000f7700000,0x00000000f7700000,0x00000000fb100000)
 ParOldGen       total 150016K, used 82333K [0x00000000c0000000, 0x00000000c9280000, 0x00000000eaa80000)
  object space 150016K, 54% used [0x00000000c0000000,0x00000000c5067638,0x00000000c9280000)
 PSPermGen       total 21504K, used 6091K [0x00000000bae00000, 0x00000000bc300000, 0x00000000c0000000)
  object space 21504K, 28% used [0x00000000bae00000,0x00000000bb3f2df0,0x00000000bc300000)
}
Event: 15,196 GC heap before
{Heap before GC invocations=13 (full 2):
 PSYoungGen      total 252928K, used 248080K [0x00000000eaa80000, 0x0000000100000000, 0x0000000100000000)
  eden space 209408K, 100% used [0x00000000eaa80000,0x00000000f7700000,0x00000000f7700000)
  from space 43520K, 88% used [0x00000000fb100000,0x00000000fd6c4220,0x00000000fdb80000)
  to   space 59392K, 0% used [0x00000000f7700000,0x00000000f7700000,0x00000000fb100000)
 ParOldGen       total 150016K, used 82333K [0x00000000c0000000, 0x00000000c9280000, 0x00000000eaa80000)
  object space 150016K, 54% used [0x00000000c0000000,0x00000000c5067638,0x00000000c9280000)
 PSPermGen       total 21504K, used 6110K [0x00000000bae00000, 0x00000000bc300000, 0x00000000c0000000)
  object space 21504K, 28% used [0x00000000bae00000,0x00000000bb3f78b8,0x00000000bc300000)
Event: 15,384 GC heap after
Heap after GC invocations=13 (full 2):
 PSYoungGen      total 268800K, used 59371K [0x00000000eaa80000, 0x0000000100000000, 0x0000000100000000)
  eden space 209408K, 0% used [0x00000000eaa80000,0x00000000eaa80000,0x00000000f7700000)
  from space 59392K, 99% used [0x00000000f7700000,0x00000000fb0fae18,0x00000000fb100000)
  to   space 74240K, 0% used [0x00000000fb780000,0x00000000fb780000,0x0000000100000000)
 ParOldGen       total 150016K, used 94947K [0x00000000c0000000, 0x00000000c9280000, 0x00000000eaa80000)
  object space 150016K, 63% used [0x00000000c0000000,0x00000000c5cb8dd0,0x00000000c9280000)
 PSPermGen       total 21504K, used 6110K [0x00000000bae00000, 0x00000000bc300000, 0x00000000c0000000)
  object space 21504K, 28% used [0x00000000bae00000,0x00000000bb3f78b8,0x00000000bc300000)
}
Event: 18,490 GC heap before
{Heap before GC invocations=14 (full 2):
 PSYoungGen      total 268800K, used 268779K [0x00000000eaa80000, 0x0000000100000000, 0x0000000100000000)
  eden space 209408K, 100% used [0x00000000eaa80000,0x00000000f7700000,0x00000000f7700000)
  from space 59392K, 99% used [0x00000000f7700000,0x00000000fb0fae18,0x00000000fb100000)
  to   space 74240K, 0% used [0x00000000fb780000,0x00000000fb780000,0x0000000100000000)
 ParOldGen       total 150016K, used 94947K [0x00000000c0000000, 0x00000000c9280000, 0x00000000eaa80000)
  object space 150016K, 63% used [0x00000000c0000000,0x00000000c5cb8dd0,0x00000000c9280000)
 PSPermGen       total 21504K, used 6348K [0x00000000bae00000, 0x00000000bc300000, 0x00000000c0000000)
  object space 21504K, 29% used [0x00000000bae00000,0x00000000bb4330e0,0x00000000bc300000)
Event: 19,295 GC heap after
Heap after GC invocations=14 (full 2):
 PSYoungGen      total 254976K, used 66111K [0x00000000eaa80000, 0x0000000100000000, 0x0000000100000000)
  eden space 180736K, 0% used [0x00000000eaa80000,0x00000000eaa80000,0x00000000f5b00000)
  from space 74240K, 89% used [0x00000000fb780000,0x00000000ff80fe08,0x0000000100000000)
  to   space 84480K, 0% used [0x00000000f5b00000,0x00000000f5b00000,0x00000000fad80000)
 ParOldGen       total 150016K, used 123551K [0x00000000c0000000, 0x00000000c9280000, 0x00000000eaa80000)
  object space 150016K, 82% used [0x00000000c0000000,0x00000000c78a7e68,0x00000000c9280000)
 PSPermGen       total 21504K, used 6348K [0x00000000bae00000, 0x00000000bc300000, 0x00000000c0000000)
  object space 21504K, 29% used [0x00000000bae00000,0x00000000bb4330e0,0x00000000bc300000)
}
Event: 19,766 GC heap before
{Heap before GC invocations=15 (full 3):
 PSYoungGen      total 254976K, used 66111K [0x00000000eaa80000, 0x0000000100000000, 0x0000000100000000)
  eden space 180736K, 0% used [0x00000000eaa80000,0x00000000eaa80000,0x00000000f5b00000)
  from space 74240K, 89% used [0x00000000fb780000,0x00000000ff80fe08,0x0000000100000000)
  to   space 84480K, 0% used [0x00000000f5b00000,0x00000000f5b00000,0x00000000fad80000)
 ParOldGen       total 150016K, used 123551K [0x00000000c0000000, 0x00000000c9280000, 0x00000000eaa80000)
  object space 150016K, 82% used [0x00000000c0000000,0x00000000c78a7e68,0x00000000c9280000)
 PSPermGen       total 21504K, used 6348K [0x00000000bae00000, 0x00000000bc300000, 0x00000000c0000000)
  object space 21504K, 29% used [0x00000000bae00000,0x00000000bb4330e0,0x00000000bc300000)

