# JRE version: Java(TM) SE Runtime Environment (7.0_79-b15) (build 1.7.0_79-b15)
# Java VM: Java HotSpot(TM) 64-Bit Server VM (24.79-b02 mixed mode linux-amd64 compressed oops)
Heap
 PSYoungGen      total 288768K, used 30432K [0x00000000eaa80000, 0x0000000100000000, 0x0000000100000000)
  eden space 230912K, 0% used [0x00000000eaa80000,0x00000000eaa80000,0x00000000f8c00000)
  from space 57856K, 52% used [0x00000000fc780000,0x00000000fe538188,0x0000000100000000)
  to   space 59392K, 0% used [0x00000000f8c00000,0x00000000f8c00000,0x00000000fc600000)
 ParOldGen       total 150016K, used 149870K [0x00000000c0000000, 0x00000000c9280000, 0x00000000eaa80000)
  object space 150016K, 99% used [0x00000000c0000000,0x00000000c925b948,0x00000000c9280000)
 PSPermGen       total 21504K, used 6223K [0x00000000bae00000, 0x00000000bc300000, 0x00000000c0000000)
  object space 21504K, 28% used [0x00000000bae00000,0x00000000bb413eb8,0x00000000bc300000)
GC Heap History (10 events):
Event: 15,174 GC heap after
Heap after GC invocations=12 (full 1):
 PSYoungGen      total 221184K, used 29680K [0x00000000eaa80000, 0x00000000fe280000, 0x0000000100000000)
  eden space 183296K, 0% used [0x00000000eaa80000,0x00000000eaa80000,0x00000000f5d80000)
  from space 37888K, 78% used [0x00000000f5d80000,0x00000000f7a7c248,0x00000000f8280000)
  to   space 41472K, 0% used [0x00000000fba00000,0x00000000fba00000,0x00000000fe280000)
 ParOldGen       total 76800K, used 61415K [0x00000000c0000000, 0x00000000c4b00000, 0x00000000eaa80000)
  object space 76800K, 79% used [0x00000000c0000000,0x00000000c3bf9ce8,0x00000000c4b00000)
 PSPermGen       total 21504K, used 6085K [0x00000000bae00000, 0x00000000bc300000, 0x00000000c0000000)
  object space 21504K, 28% used [0x00000000bae00000,0x00000000bb3f17d0,0x00000000bc300000)
}
Event: 15,174 GC heap before
{Heap before GC invocations=13 (full 2):
 PSYoungGen      total 221184K, used 29680K [0x00000000eaa80000, 0x00000000fe280000, 0x0000000100000000)
  eden space 183296K, 0% used [0x00000000eaa80000,0x00000000eaa80000,0x00000000f5d80000)
  from space 37888K, 78% used [0x00000000f5d80000,0x00000000f7a7c248,0x00000000f8280000)
  to   space 41472K, 0% used [0x00000000fba00000,0x00000000fba00000,0x00000000fe280000)
 ParOldGen       total 76800K, used 61415K [0x00000000c0000000, 0x00000000c4b00000, 0x00000000eaa80000)
  object space 76800K, 79% used [0x00000000c0000000,0x00000000c3bf9ce8,0x00000000c4b00000)
 PSPermGen       total 21504K, used 6085K [0x00000000bae00000, 0x00000000bc300000, 0x00000000c0000000)
  object space 21504K, 28% used [0x00000000bae00000,0x00000000bb3f17d0,0x00000000bc300000)
Event: 15,818 GC heap after
Heap after GC invocations=13 (full 2):
 PSYoungGen      total 221184K, used 13667K [0x00000000eaa80000, 0x00000000fe280000, 0x0000000100000000)
  eden space 183296K, 0% used [0x00000000eaa80000,0x00000000eaa80000,0x00000000f5d80000)
  from space 37888K, 36% used [0x00000000f5d80000,0x00000000f6ad8d10,0x00000000f8280000)
  to   space 41472K, 0% used [0x00000000fba00000,0x00000000fba00000,0x00000000fe280000)
 ParOldGen       total 137216K, used 76384K [0x00000000c0000000, 0x00000000c8600000, 0x00000000eaa80000)
  object space 137216K, 55% used [0x00000000c0000000,0x00000000c4a980f8,0x00000000c8600000)
 PSPermGen       total 21504K, used 6085K [0x00000000bae00000, 0x00000000bc300000, 0x00000000c0000000)
  object space 21504K, 28% used [0x00000000bae00000,0x00000000bb3f14b0,0x00000000bc300000)
}
Event: 17,108 GC heap before
{Heap before GC invocations=14 (full 2):
 PSYoungGen      total 221184K, used 196963K [0x00000000eaa80000, 0x00000000fe280000, 0x0000000100000000)
  eden space 183296K, 100% used [0x00000000eaa80000,0x00000000f5d80000,0x00000000f5d80000)
  from space 37888K, 36% used [0x00000000f5d80000,0x00000000f6ad8d10,0x00000000f8280000)
  to   space 41472K, 0% used [0x00000000fba00000,0x00000000fba00000,0x00000000fe280000)
 ParOldGen       total 137216K, used 76384K [0x00000000c0000000, 0x00000000c8600000, 0x00000000eaa80000)
  object space 137216K, 55% used [0x00000000c0000000,0x00000000c4a980f8,0x00000000c8600000)
 PSPermGen       total 21504K, used 6099K [0x00000000bae00000, 0x00000000bc300000, 0x00000000c0000000)
  object space 21504K, 28% used [0x00000000bae00000,0x00000000bb3f4ce8,0x00000000bc300000)
Event: 17,223 GC heap after
Heap after GC invocations=14 (full 2):
 PSYoungGen      total 240640K, used 29636K [0x00000000eaa80000, 0x00000000fd700000, 0x0000000100000000)
  eden space 210944K, 0% used [0x00000000eaa80000,0x00000000eaa80000,0x00000000f7880000)
  from space 29696K, 99% used [0x00000000fba00000,0x00000000fd6f1370,0x00000000fd700000)
  to   space 44032K, 0% used [0x00000000f8100000,0x00000000f8100000,0x00000000fac00000)
 ParOldGen       total 137216K, used 88867K [0x00000000c0000000, 0x00000000c8600000, 0x00000000eaa80000)
  object space 137216K, 64% used [0x00000000c0000000,0x00000000c56c8ea8,0x00000000c8600000)
 PSPermGen       total 21504K, used 6099K [0x00000000bae00000, 0x00000000bc300000, 0x00000000c0000000)
  object space 21504K, 28% used [0x00000000bae00000,0x00000000bb3f4ce8,0x00000000bc300000)
}
Event: 18,103 GC heap before
{Heap before GC invocations=15 (full 2):
 PSYoungGen      total 240640K, used 240580K [0x00000000eaa80000, 0x00000000fd700000, 0x0000000100000000)
  eden space 210944K, 100% used [0x00000000eaa80000,0x00000000f7880000,0x00000000f7880000)
  from space 29696K, 99% used [0x00000000fba00000,0x00000000fd6f1370,0x00000000fd700000)
  to   space 44032K, 0% used [0x00000000f8100000,0x00000000f8100000,0x00000000fac00000)
 ParOldGen       total 137216K, used 88867K [0x00000000c0000000, 0x00000000c8600000, 0x00000000eaa80000)
  object space 137216K, 64% used [0x00000000c0000000,0x00000000c56c8ea8,0x00000000c8600000)
 PSPermGen       total 21504K, used 6113K [0x00000000bae00000, 0x00000000bc300000, 0x00000000c0000000)
  object space 21504K, 28% used [0x00000000bae00000,0x00000000bb3f8450,0x00000000bc300000)
Event: 18,240 GC heap after
Heap after GC invocations=15 (full 2):
 PSYoungGen      total 263680K, used 44013K [0x00000000eaa80000, 0x0000000100000000, 0x0000000100000000)
  eden space 219648K, 0% used [0x00000000eaa80000,0x00000000eaa80000,0x00000000f8100000)
  from space 44032K, 99% used [0x00000000f8100000,0x00000000fabfb668,0x00000000fac00000)
  to   space 57856K, 0% used [0x00000000fc780000,0x00000000fc780000,0x0000000100000000)
 ParOldGen       total 137216K, used 105475K [0x00000000c0000000, 0x00000000c8600000, 0x00000000eaa80000)
  object space 137216K, 76% used [0x00000000c0000000,0x00000000c6700f70,0x00000000c8600000)
 PSPermGen       total 21504K, used 6113K [0x00000000bae00000, 0x00000000bc300000, 0x00000000c0000000)
  object space 21504K, 28% used [0x00000000bae00000,0x00000000bb3f8450,0x00000000bc300000)
}
Event: 21,029 GC heap before
{Heap before GC invocations=16 (full 2):
 PSYoungGen      total 263680K, used 263661K [0x00000000eaa80000, 0x0000000100000000, 0x0000000100000000)
  eden space 219648K, 100% used [0x00000000eaa80000,0x00000000f8100000,0x00000000f8100000)
  from space 44032K, 99% used [0x00000000f8100000,0x00000000fabfb668,0x00000000fac00000)
  to   space 57856K, 0% used [0x00000000fc780000,0x00000000fc780000,0x0000000100000000)
 ParOldGen       total 137216K, used 105475K [0x00000000c0000000, 0x00000000c8600000, 0x00000000eaa80000)
  object space 137216K, 76% used [0x00000000c0000000,0x00000000c6700f70,0x00000000c8600000)
 PSPermGen       total 21504K, used 6224K [0x00000000bae00000, 0x00000000bc300000, 0x00000000c0000000)
  object space 21504K, 28% used [0x00000000bae00000,0x00000000bb4142a8,0x00000000bc300000)
Event: 21,211 GC heap after
Heap after GC invocations=16 (full 2):
 PSYoungGen      total 288768K, used 35531K [0x00000000eaa80000, 0x0000000100000000, 0x0000000100000000)
  eden space 230912K, 0% used [0x00000000eaa80000,0x00000000eaa80000,0x00000000f8c00000)
  from space 57856K, 61% used [0x00000000fc780000,0x00000000fea32e80,0x0000000100000000)
  to   space 59392K, 0% used [0x00000000f8c00000,0x00000000f8c00000,0x00000000fc600000)
 ParOldGen       total 150016K, used 149394K [0x00000000c0000000, 0x00000000c9280000, 0x00000000eaa80000)
  object space 150016K, 99% used [0x00000000c0000000,0x00000000c91e4bf8,0x00000000c9280000)
 PSPermGen       total 21504K, used 6224K [0x00000000bae00000, 0x00000000bc300000, 0x00000000c0000000)
  object space 21504K, 28% used [0x00000000bae00000,0x00000000bb4142a8,0x00000000bc300000)
}
Event: 21,211 GC heap before
{Heap before GC invocations=17 (full 3):
 PSYoungGen      total 288768K, used 35531K [0x00000000eaa80000, 0x0000000100000000, 0x0000000100000000)
  eden space 230912K, 0% used [0x00000000eaa80000,0x00000000eaa80000,0x00000000f8c00000)
  from space 57856K, 61% used [0x00000000fc780000,0x00000000fea32e80,0x0000000100000000)
  to   space 59392K, 0% used [0x00000000f8c00000,0x00000000f8c00000,0x00000000fc600000)
 ParOldGen       total 150016K, used 149394K [0x00000000c0000000, 0x00000000c9280000, 0x00000000eaa80000)
  object space 150016K, 99% used [0x00000000c0000000,0x00000000c91e4bf8,0x00000000c9280000)
 PSPermGen       total 21504K, used 6224K [0x00000000bae00000, 0x00000000bc300000, 0x00000000c0000000)
  object space 21504K, 28% used [0x00000000bae00000,0x00000000bb4142a8,0x00000000bc300000)

