# JRE version: Java(TM) SE Runtime Environment (7.0_79-b15) (build 1.7.0_79-b15)
# Java VM: Java HotSpot(TM) 64-Bit Server VM (24.79-b02 mixed mode linux-amd64 compressed oops)
Heap
 PSYoungGen      total 283648K, used 175K [0x00000000eaa80000, 0x0000000100000000, 0x0000000100000000)
  eden space 224768K, 0% used [0x00000000eaa80000,0x00000000eaa80000,0x00000000f8600000)
  from space 58880K, 0% used [0x00000000fc680000,0x00000000fc6abce8,0x0000000100000000)
  to   space 62464K, 0% used [0x00000000f8600000,0x00000000f8600000,0x00000000fc300000)
 ParOldGen       total 149504K, used 149399K [0x00000000c0000000, 0x00000000c9200000, 0x00000000eaa80000)
  object space 149504K, 99% used [0x00000000c0000000,0x00000000c91e5d38,0x00000000c9200000)
 PSPermGen       total 21504K, used 6373K [0x00000000bae00000, 0x00000000bc300000, 0x00000000c0000000)
  object space 21504K, 29% used [0x00000000bae00000,0x00000000bb439408,0x00000000bc300000)
GC Heap History (10 events):
Event: 17,618 GC heap after
Heap after GC invocations=12 (full 1):
 PSYoungGen      total 219648K, used 29623K [0x00000000eaa80000, 0x00000000fe600000, 0x0000000100000000)
  eden space 181248K, 0% used [0x00000000eaa80000,0x00000000eaa80000,0x00000000f5b80000)
  from space 38400K, 77% used [0x00000000f5b80000,0x00000000f786dc98,0x00000000f8100000)
  to   space 41984K, 0% used [0x00000000fbd00000,0x00000000fbd00000,0x00000000fe600000)
 ParOldGen       total 75776K, used 62082K [0x00000000c0000000, 0x00000000c4a00000, 0x00000000eaa80000)
  object space 75776K, 81% used [0x00000000c0000000,0x00000000c3ca0ac8,0x00000000c4a00000)
 PSPermGen       total 21504K, used 6079K [0x00000000bae00000, 0x00000000bc300000, 0x00000000c0000000)
  object space 21504K, 28% used [0x00000000bae00000,0x00000000bb3efd80,0x00000000bc300000)
}
Event: 17,618 GC heap before
{Heap before GC invocations=13 (full 2):
 PSYoungGen      total 219648K, used 29623K [0x00000000eaa80000, 0x00000000fe600000, 0x0000000100000000)
  eden space 181248K, 0% used [0x00000000eaa80000,0x00000000eaa80000,0x00000000f5b80000)
  from space 38400K, 77% used [0x00000000f5b80000,0x00000000f786dc98,0x00000000f8100000)
  to   space 41984K, 0% used [0x00000000fbd00000,0x00000000fbd00000,0x00000000fe600000)
 ParOldGen       total 75776K, used 62082K [0x00000000c0000000, 0x00000000c4a00000, 0x00000000eaa80000)
  object space 75776K, 81% used [0x00000000c0000000,0x00000000c3ca0ac8,0x00000000c4a00000)
 PSPermGen       total 21504K, used 6079K [0x00000000bae00000, 0x00000000bc300000, 0x00000000c0000000)
  object space 21504K, 28% used [0x00000000bae00000,0x00000000bb3efd80,0x00000000bc300000)
Event: 18,219 GC heap after
Heap after GC invocations=13 (full 2):
 PSYoungGen      total 219648K, used 14626K [0x00000000eaa80000, 0x00000000fe600000, 0x0000000100000000)
  eden space 181248K, 0% used [0x00000000eaa80000,0x00000000eaa80000,0x00000000f5b80000)
  from space 38400K, 38% used [0x00000000f5b80000,0x00000000f69c8a78,0x00000000f8100000)
  to   space 41984K, 0% used [0x00000000fbd00000,0x00000000fbd00000,0x00000000fe600000)
 ParOldGen       total 133632K, used 75524K [0x00000000c0000000, 0x00000000c8280000, 0x00000000eaa80000)
  object space 133632K, 56% used [0x00000000c0000000,0x00000000c49c1090,0x00000000c8280000)
 PSPermGen       total 21504K, used 6079K [0x00000000bae00000, 0x00000000bc300000, 0x00000000c0000000)
  object space 21504K, 28% used [0x00000000bae00000,0x00000000bb3efca0,0x00000000bc300000)
}
Event: 19,648 GC heap before
{Heap before GC invocations=14 (full 2):
 PSYoungGen      total 219648K, used 195874K [0x00000000eaa80000, 0x00000000fe600000, 0x0000000100000000)
  eden space 181248K, 100% used [0x00000000eaa80000,0x00000000f5b80000,0x00000000f5b80000)
  from space 38400K, 38% used [0x00000000f5b80000,0x00000000f69c8a78,0x00000000f8100000)
  to   space 41984K, 0% used [0x00000000fbd00000,0x00000000fbd00000,0x00000000fe600000)
 ParOldGen       total 133632K, used 75524K [0x00000000c0000000, 0x00000000c8280000, 0x00000000eaa80000)
  object space 133632K, 56% used [0x00000000c0000000,0x00000000c49c1090,0x00000000c8280000)
 PSPermGen       total 21504K, used 6091K [0x00000000bae00000, 0x00000000bc300000, 0x00000000c0000000)
  object space 21504K, 28% used [0x00000000bae00000,0x00000000bb3f2cf8,0x00000000bc300000)
Event: 19,827 GC heap after
Heap after GC invocations=14 (full 2):
 PSYoungGen      total 247296K, used 29951K [0x00000000eaa80000, 0x00000000fda80000, 0x0000000100000000)
  eden space 217088K, 0% used [0x00000000eaa80000,0x00000000eaa80000,0x00000000f7e80000)
  from space 30208K, 99% used [0x00000000fbd00000,0x00000000fda3fc50,0x00000000fda80000)
  to   space 44544K, 0% used [0x00000000f8380000,0x00000000f8380000,0x00000000faf00000)
 ParOldGen       total 133632K, used 88815K [0x00000000c0000000, 0x00000000c8280000, 0x00000000eaa80000)
  object space 133632K, 66% used [0x00000000c0000000,0x00000000c56bbe60,0x00000000c8280000)
 PSPermGen       total 21504K, used 6091K [0x00000000bae00000, 0x00000000bc300000, 0x00000000c0000000)
  object space 21504K, 28% used [0x00000000bae00000,0x00000000bb3f2cf8,0x00000000bc300000)
}
Event: 21,046 GC heap before
{Heap before GC invocations=15 (full 2):
 PSYoungGen      total 247296K, used 247039K [0x00000000eaa80000, 0x00000000fda80000, 0x0000000100000000)
  eden space 217088K, 100% used [0x00000000eaa80000,0x00000000f7e80000,0x00000000f7e80000)
  from space 30208K, 99% used [0x00000000fbd00000,0x00000000fda3fc50,0x00000000fda80000)
  to   space 44544K, 0% used [0x00000000f8380000,0x00000000f8380000,0x00000000faf00000)
 ParOldGen       total 133632K, used 88815K [0x00000000c0000000, 0x00000000c8280000, 0x00000000eaa80000)
  object space 133632K, 66% used [0x00000000c0000000,0x00000000c56bbe60,0x00000000c8280000)
 PSPermGen       total 21504K, used 6106K [0x00000000bae00000, 0x00000000bc300000, 0x00000000c0000000)
  object space 21504K, 28% used [0x00000000bae00000,0x00000000bb3f6a28,0x00000000bc300000)
Event: 21,211 GC heap after
Heap after GC invocations=15 (full 2):
 PSYoungGen      total 266752K, used 44528K [0x00000000eaa80000, 0x0000000100000000, 0x0000000100000000)
  eden space 222208K, 0% used [0x00000000eaa80000,0x00000000eaa80000,0x00000000f8380000)
  from space 44544K, 99% used [0x00000000f8380000,0x00000000faefc270,0x00000000faf00000)
  to   space 58880K, 0% used [0x00000000fc680000,0x00000000fc680000,0x0000000100000000)
 ParOldGen       total 133632K, used 107153K [0x00000000c0000000, 0x00000000c8280000, 0x00000000eaa80000)
  object space 133632K, 80% used [0x00000000c0000000,0x00000000c68a44d8,0x00000000c8280000)
 PSPermGen       total 21504K, used 6106K [0x00000000bae00000, 0x00000000bc300000, 0x00000000c0000000)
  object space 21504K, 28% used [0x00000000bae00000,0x00000000bb3f6a28,0x00000000bc300000)
}
Event: 25,565 GC heap before
{Heap before GC invocations=16 (full 2):
 PSYoungGen      total 266752K, used 266736K [0x00000000eaa80000, 0x0000000100000000, 0x0000000100000000)
  eden space 222208K, 100% used [0x00000000eaa80000,0x00000000f8380000,0x00000000f8380000)
  from space 44544K, 99% used [0x00000000f8380000,0x00000000faefc270,0x00000000faf00000)
  to   space 58880K, 0% used [0x00000000fc680000,0x00000000fc680000,0x0000000100000000)
 ParOldGen       total 133632K, used 107153K [0x00000000c0000000, 0x00000000c8280000, 0x00000000eaa80000)
  object space 133632K, 80% used [0x00000000c0000000,0x00000000c68a44d8,0x00000000c8280000)
 PSPermGen       total 21504K, used 6374K [0x00000000bae00000, 0x00000000bc300000, 0x00000000c0000000)
  object space 21504K, 29% used [0x00000000bae00000,0x00000000bb439a58,0x00000000bc300000)
Event: 26,805 GC heap after
Heap after GC invocations=16 (full 2):
 PSYoungGen      total 283648K, used 40637K [0x00000000eaa80000, 0x0000000100000000, 0x0000000100000000)
  eden space 224768K, 0% used [0x00000000eaa80000,0x00000000eaa80000,0x00000000f8600000)
  from space 58880K, 69% used [0x00000000fc680000,0x00000000fee2f780,0x0000000100000000)
  to   space 62464K, 0% used [0x00000000f8600000,0x00000000f8600000,0x00000000fc300000)
 ParOldGen       total 149504K, used 148400K [0x00000000c0000000, 0x00000000c9200000, 0x00000000eaa80000)
  object space 149504K, 99% used [0x00000000c0000000,0x00000000c90ec3a0,0x00000000c9200000)
 PSPermGen       total 21504K, used 6374K [0x00000000bae00000, 0x00000000bc300000, 0x00000000c0000000)
  object space 21504K, 29% used [0x00000000bae00000,0x00000000bb439a58,0x00000000bc300000)
}
Event: 26,813 GC heap before
{Heap before GC invocations=17 (full 3):
 PSYoungGen      total 283648K, used 40637K [0x00000000eaa80000, 0x0000000100000000, 0x0000000100000000)
  eden space 224768K, 0% used [0x00000000eaa80000,0x00000000eaa80000,0x00000000f8600000)
  from space 58880K, 69% used [0x00000000fc680000,0x00000000fee2f780,0x0000000100000000)
  to   space 62464K, 0% used [0x00000000f8600000,0x00000000f8600000,0x00000000fc300000)
 ParOldGen       total 149504K, used 148400K [0x00000000c0000000, 0x00000000c9200000, 0x00000000eaa80000)
  object space 149504K, 99% used [0x00000000c0000000,0x00000000c90ec3a0,0x00000000c9200000)
 PSPermGen       total 21504K, used 6374K [0x00000000bae00000, 0x00000000bc300000, 0x00000000c0000000)
  object space 21504K, 29% used [0x00000000bae00000,0x00000000bb439a58,0x00000000bc300000)

