# JRE version: Java(TM) SE Runtime Environment (7.0_79-b15) (build 1.7.0_79-b15)
# Java VM: Java HotSpot(TM) 64-Bit Server VM (24.79-b02 mixed mode linux-amd64 compressed oops)
Heap
 PSYoungGen      total 265728K, used 13698K [0x00000000eaa80000, 0x0000000100000000, 0x0000000100000000)
  eden space 217600K, 0% used [0x00000000eaa80000,0x00000000eaa80000,0x00000000f7f00000)
  from space 48128K, 28% used [0x00000000f7f00000,0x00000000f8c609b8,0x00000000fae00000)
  to   space 51200K, 0% used [0x00000000fce00000,0x00000000fce00000,0x0000000100000000)
 ParOldGen       total 135680K, used 135231K [0x00000000c0000000, 0x00000000c8480000, 0x00000000eaa80000)
  object space 135680K, 99% used [0x00000000c0000000,0x00000000c840fe70,0x00000000c8480000)
 PSPermGen       total 21504K, used 6113K [0x00000000bae00000, 0x00000000bc300000, 0x00000000c0000000)
  object space 21504K, 28% used [0x00000000bae00000,0x00000000bb3f8560,0x00000000bc300000)
GC Heap History (10 events):
Event: 11,655 GC heap after
Heap after GC invocations=11 (full 1):
 PSYoungGen      total 210432K, used 20820K [0x00000000eaa80000, 0x00000000fad80000, 0x0000000100000000)
  eden space 181760K, 0% used [0x00000000eaa80000,0x00000000eaa80000,0x00000000f5c00000)
  from space 28672K, 72% used [0x00000000f8080000,0x00000000f94d5280,0x00000000f9c80000)
  to   space 37376K, 0% used [0x00000000f5c00000,0x00000000f5c00000,0x00000000f8080000)
 ParOldGen       total 76800K, used 40901K [0x00000000c0000000, 0x00000000c4b00000, 0x00000000eaa80000)
  object space 76800K, 53% used [0x00000000c0000000,0x00000000c27f1708,0x00000000c4b00000)
 PSPermGen       total 21504K, used 6057K [0x00000000bae00000, 0x00000000bc300000, 0x00000000c0000000)
  object space 21504K, 28% used [0x00000000bae00000,0x00000000bb3ea4e0,0x00000000bc300000)
}
Event: 14,212 GC heap before
{Heap before GC invocations=12 (full 1):
 PSYoungGen      total 210432K, used 202580K [0x00000000eaa80000, 0x00000000fad80000, 0x0000000100000000)
  eden space 181760K, 100% used [0x00000000eaa80000,0x00000000f5c00000,0x00000000f5c00000)
  from space 28672K, 72% used [0x00000000f8080000,0x00000000f94d5280,0x00000000f9c80000)
  to   space 37376K, 0% used [0x00000000f5c00000,0x00000000f5c00000,0x00000000f8080000)
 ParOldGen       total 76800K, used 40901K [0x00000000c0000000, 0x00000000c4b00000, 0x00000000eaa80000)
  object space 76800K, 53% used [0x00000000c0000000,0x00000000c27f1708,0x00000000c4b00000)
 PSPermGen       total 21504K, used 6086K [0x00000000bae00000, 0x00000000bc300000, 0x00000000c0000000)
  object space 21504K, 28% used [0x00000000bae00000,0x00000000bb3f18a0,0x00000000bc300000)
Event: 14,322 GC heap after
Heap after GC invocations=12 (full 1):
 PSYoungGen      total 219136K, used 29558K [0x00000000eaa80000, 0x00000000fdc80000, 0x0000000100000000)
  eden space 181760K, 0% used [0x00000000eaa80000,0x00000000eaa80000,0x00000000f5c00000)
  from space 37376K, 79% used [0x00000000f5c00000,0x00000000f78ddb90,0x00000000f8080000)
  to   space 40960K, 0% used [0x00000000fb480000,0x00000000fb480000,0x00000000fdc80000)
 ParOldGen       total 76800K, used 61506K [0x00000000c0000000, 0x00000000c4b00000, 0x00000000eaa80000)
  object space 76800K, 80% used [0x00000000c0000000,0x00000000c3c10ad8,0x00000000c4b00000)
 PSPermGen       total 21504K, used 6086K [0x00000000bae00000, 0x00000000bc300000, 0x00000000c0000000)
  object space 21504K, 28% used [0x00000000bae00000,0x00000000bb3f18a0,0x00000000bc300000)
}
Event: 14,322 GC heap before
{Heap before GC invocations=13 (full 2):
 PSYoungGen      total 219136K, used 29558K [0x00000000eaa80000, 0x00000000fdc80000, 0x0000000100000000)
  eden space 181760K, 0% used [0x00000000eaa80000,0x00000000eaa80000,0x00000000f5c00000)
  from space 37376K, 79% used [0x00000000f5c00000,0x00000000f78ddb90,0x00000000f8080000)
  to   space 40960K, 0% used [0x00000000fb480000,0x00000000fb480000,0x00000000fdc80000)
 ParOldGen       total 76800K, used 61506K [0x00000000c0000000, 0x00000000c4b00000, 0x00000000eaa80000)
  object space 76800K, 80% used [0x00000000c0000000,0x00000000c3c10ad8,0x00000000c4b00000)
 PSPermGen       total 21504K, used 6086K [0x00000000bae00000, 0x00000000bc300000, 0x00000000c0000000)
  object space 21504K, 28% used [0x00000000bae00000,0x00000000bb3f18a0,0x00000000bc300000)
Event: 14,827 GC heap after
Heap after GC invocations=13 (full 2):
 PSYoungGen      total 219136K, used 13004K [0x00000000eaa80000, 0x00000000fdc80000, 0x0000000100000000)
  eden space 181760K, 0% used [0x00000000eaa80000,0x00000000eaa80000,0x00000000f5c00000)
  from space 37376K, 34% used [0x00000000f5c00000,0x00000000f68b3220,0x00000000f8080000)
  to   space 40960K, 0% used [0x00000000fb480000,0x00000000fb480000,0x00000000fdc80000)
 ParOldGen       total 135680K, used 76454K [0x00000000c0000000, 0x00000000c8480000, 0x00000000eaa80000)
  object space 135680K, 56% used [0x00000000c0000000,0x00000000c4aa98f0,0x00000000c8480000)
 PSPermGen       total 21504K, used 6085K [0x00000000bae00000, 0x00000000bc300000, 0x00000000c0000000)
  object space 21504K, 28% used [0x00000000bae00000,0x00000000bb3f1580,0x00000000bc300000)
}
Event: 16,313 GC heap before
{Heap before GC invocations=14 (full 2):
 PSYoungGen      total 219136K, used 194764K [0x00000000eaa80000, 0x00000000fdc80000, 0x0000000100000000)
  eden space 181760K, 100% used [0x00000000eaa80000,0x00000000f5c00000,0x00000000f5c00000)
  from space 37376K, 34% used [0x00000000f5c00000,0x00000000f68b3220,0x00000000f8080000)
  to   space 40960K, 0% used [0x00000000fb480000,0x00000000fb480000,0x00000000fdc80000)
 ParOldGen       total 135680K, used 76454K [0x00000000c0000000, 0x00000000c8480000, 0x00000000eaa80000)
  object space 135680K, 56% used [0x00000000c0000000,0x00000000c4aa98f0,0x00000000c8480000)
 PSPermGen       total 21504K, used 6099K [0x00000000bae00000, 0x00000000bc300000, 0x00000000c0000000)
  object space 21504K, 28% used [0x00000000bae00000,0x00000000bb3f4d28,0x00000000bc300000)
Event: 16,474 GC heap after
Heap after GC invocations=14 (full 2):
 PSYoungGen      total 258560K, used 40956K [0x00000000eaa80000, 0x00000000fdd00000, 0x0000000100000000)
  eden space 217600K, 0% used [0x00000000eaa80000,0x00000000eaa80000,0x00000000f7f00000)
  from space 40960K, 99% used [0x00000000fb480000,0x00000000fdc7f208,0x00000000fdc80000)
  to   space 48128K, 0% used [0x00000000f7f00000,0x00000000f7f00000,0x00000000fae00000)
 ParOldGen       total 135680K, used 76720K [0x00000000c0000000, 0x00000000c8480000, 0x00000000eaa80000)
  object space 135680K, 56% used [0x00000000c0000000,0x00000000c4aec340,0x00000000c8480000)
 PSPermGen       total 21504K, used 6099K [0x00000000bae00000, 0x00000000bc300000, 0x00000000c0000000)
  object space 21504K, 28% used [0x00000000bae00000,0x00000000bb3f4d28,0x00000000bc300000)
}
Event: 17,872 GC heap before
{Heap before GC invocations=15 (full 2):
 PSYoungGen      total 258560K, used 258556K [0x00000000eaa80000, 0x00000000fdd00000, 0x0000000100000000)
  eden space 217600K, 100% used [0x00000000eaa80000,0x00000000f7f00000,0x00000000f7f00000)
  from space 40960K, 99% used [0x00000000fb480000,0x00000000fdc7f208,0x00000000fdc80000)
  to   space 48128K, 0% used [0x00000000f7f00000,0x00000000f7f00000,0x00000000fae00000)
 ParOldGen       total 135680K, used 76720K [0x00000000c0000000, 0x00000000c8480000, 0x00000000eaa80000)
  object space 135680K, 56% used [0x00000000c0000000,0x00000000c4aec340,0x00000000c8480000)
 PSPermGen       total 21504K, used 6114K [0x00000000bae00000, 0x00000000bc300000, 0x00000000c0000000)
  object space 21504K, 28% used [0x00000000bae00000,0x00000000bb3f88a0,0x00000000bc300000)
Event: 18,035 GC heap after
Heap after GC invocations=15 (full 2):
 PSYoungGen      total 265728K, used 33871K [0x00000000eaa80000, 0x0000000100000000, 0x0000000100000000)
  eden space 217600K, 0% used [0x00000000eaa80000,0x00000000eaa80000,0x00000000f7f00000)
  from space 48128K, 70% used [0x00000000f7f00000,0x00000000fa013c30,0x00000000fae00000)
  to   space 51200K, 0% used [0x00000000fce00000,0x00000000fce00000,0x0000000100000000)
 ParOldGen       total 135680K, used 116200K [0x00000000c0000000, 0x00000000c8480000, 0x00000000eaa80000)
  object space 135680K, 85% used [0x00000000c0000000,0x00000000c717a258,0x00000000c8480000)
 PSPermGen       total 21504K, used 6114K [0x00000000bae00000, 0x00000000bc300000, 0x00000000c0000000)
  object space 21504K, 28% used [0x00000000bae00000,0x00000000bb3f88a0,0x00000000bc300000)
}
Event: 18,035 GC heap before
{Heap before GC invocations=16 (full 3):
 PSYoungGen      total 265728K, used 33871K [0x00000000eaa80000, 0x0000000100000000, 0x0000000100000000)
  eden space 217600K, 0% used [0x00000000eaa80000,0x00000000eaa80000,0x00000000f7f00000)
  from space 48128K, 70% used [0x00000000f7f00000,0x00000000fa013c30,0x00000000fae00000)
  to   space 51200K, 0% used [0x00000000fce00000,0x00000000fce00000,0x0000000100000000)
 ParOldGen       total 135680K, used 116200K [0x00000000c0000000, 0x00000000c8480000, 0x00000000eaa80000)
  object space 135680K, 85% used [0x00000000c0000000,0x00000000c717a258,0x00000000c8480000)
 PSPermGen       total 21504K, used 6114K [0x00000000bae00000, 0x00000000bc300000, 0x00000000c0000000)
  object space 21504K, 28% used [0x00000000bae00000,0x00000000bb3f88a0,0x00000000bc300000)

