# JRE version: Java(TM) SE Runtime Environment (7.0_79-b15) (build 1.7.0_79-b15)
# Java VM: Java HotSpot(TM) 64-Bit Server VM (24.79-b02 mixed mode linux-amd64 compressed oops)
Heap
 PSYoungGen      total 276992K, used 41979K [0x00000000eaa80000, 0x00000000fe200000, 0x0000000100000000)
  eden space 235008K, 0% used [0x00000000eaa80000,0x00000000eaa80000,0x00000000f9000000)
  from space 41984K, 99% used [0x00000000fb900000,0x00000000fe1fefb8,0x00000000fe200000)
  to   space 29184K, 0% used [0x00000000f9280000,0x00000000f9280000,0x00000000faf00000)
 ParOldGen       total 84480K, used 84217K [0x00000000c0000000, 0x00000000c5280000, 0x00000000eaa80000)
  object space 84480K, 99% used [0x00000000c0000000,0x00000000c523e6d0,0x00000000c5280000)
 PSPermGen       total 21504K, used 6087K [0x00000000bae00000, 0x00000000bc300000, 0x00000000c0000000)
  object space 21504K, 28% used [0x00000000bae00000,0x00000000bb3f1e98,0x00000000bc300000)
GC Heap History (10 events):
Event: 6,971 GC heap after
Heap after GC invocations=6 (full 0):
 PSYoungGen      total 139264K, used 12340K [0x00000000eaa80000, 0x00000000f4880000, 0x0000000100000000)
  eden space 124416K, 0% used [0x00000000eaa80000,0x00000000eaa80000,0x00000000f2400000)
  from space 14848K, 83% used [0x00000000f3500000,0x00000000f410d100,0x00000000f4380000)
  to   space 17408K, 0% used [0x00000000f2400000,0x00000000f2400000,0x00000000f3500000)
 ParOldGen       total 40960K, used 20557K [0x00000000c0000000, 0x00000000c2800000, 0x00000000eaa80000)
  object space 40960K, 50% used [0x00000000c0000000,0x00000000c1413778,0x00000000c2800000)
 PSPermGen       total 21504K, used 5947K [0x00000000bae00000, 0x00000000bc300000, 0x00000000c0000000)
  object space 21504K, 27% used [0x00000000bae00000,0x00000000bb3cec30,0x00000000bc300000)
}
Event: 9,186 GC heap before
{Heap before GC invocations=7 (full 0):
 PSYoungGen      total 139264K, used 136756K [0x00000000eaa80000, 0x00000000f4880000, 0x0000000100000000)
  eden space 124416K, 100% used [0x00000000eaa80000,0x00000000f2400000,0x00000000f2400000)
  from space 14848K, 83% used [0x00000000f3500000,0x00000000f410d100,0x00000000f4380000)
  to   space 17408K, 0% used [0x00000000f2400000,0x00000000f2400000,0x00000000f3500000)
 ParOldGen       total 40960K, used 20557K [0x00000000c0000000, 0x00000000c2800000, 0x00000000eaa80000)
  object space 40960K, 50% used [0x00000000c0000000,0x00000000c1413778,0x00000000c2800000)
 PSPermGen       total 21504K, used 5985K [0x00000000bae00000, 0x00000000bc300000, 0x00000000c0000000)
  object space 21504K, 27% used [0x00000000bae00000,0x00000000bb3d8570,0x00000000bc300000)
Event: 9,313 GC heap after
Heap after GC invocations=7 (full 0):
 PSYoungGen      total 141824K, used 17386K [0x00000000eaa80000, 0x00000000fd180000, 0x0000000100000000)
  eden space 124416K, 0% used [0x00000000eaa80000,0x00000000eaa80000,0x00000000f2400000)
  from space 17408K, 99% used [0x00000000f2400000,0x00000000f34faa40,0x00000000f3500000)
  to   space 26624K, 0% used [0x00000000fb780000,0x00000000fb780000,0x00000000fd180000)
 ParOldGen       total 40960K, used 32304K [0x00000000c0000000, 0x00000000c2800000, 0x00000000eaa80000)
  object space 40960K, 78% used [0x00000000c0000000,0x00000000c1f8c038,0x00000000c2800000)
 PSPermGen       total 21504K, used 5985K [0x00000000bae00000, 0x00000000bc300000, 0x00000000c0000000)
  object space 21504K, 27% used [0x00000000bae00000,0x00000000bb3d8570,0x00000000bc300000)
}
Event: 9,313 GC heap before
{Heap before GC invocations=8 (full 1):
 PSYoungGen      total 141824K, used 17386K [0x00000000eaa80000, 0x00000000fd180000, 0x0000000100000000)
  eden space 124416K, 0% used [0x00000000eaa80000,0x00000000eaa80000,0x00000000f2400000)
  from space 17408K, 99% used [0x00000000f2400000,0x00000000f34faa40,0x00000000f3500000)
  to   space 26624K, 0% used [0x00000000fb780000,0x00000000fb780000,0x00000000fd180000)
 ParOldGen       total 40960K, used 32304K [0x00000000c0000000, 0x00000000c2800000, 0x00000000eaa80000)
  object space 40960K, 78% used [0x00000000c0000000,0x00000000c1f8c038,0x00000000c2800000)
 PSPermGen       total 21504K, used 5985K [0x00000000bae00000, 0x00000000bc300000, 0x00000000c0000000)
  object space 21504K, 27% used [0x00000000bae00000,0x00000000bb3d8570,0x00000000bc300000)
Event: 9,856 GC heap after
Heap after GC invocations=8 (full 1):
 PSYoungGen      total 141824K, used 3538K [0x00000000eaa80000, 0x00000000fd180000, 0x0000000100000000)
  eden space 124416K, 0% used [0x00000000eaa80000,0x00000000eaa80000,0x00000000f2400000)
  from space 17408K, 20% used [0x00000000f2400000,0x00000000f2774830,0x00000000f3500000)
  to   space 26624K, 0% used [0x00000000fb780000,0x00000000fb780000,0x00000000fd180000)
 ParOldGen       total 80384K, used 40734K [0x00000000c0000000, 0x00000000c4e80000, 0x00000000eaa80000)
  object space 80384K, 50% used [0x00000000c0000000,0x00000000c27c79c0,0x00000000c4e80000)
 PSPermGen       total 21504K, used 5981K [0x00000000bae00000, 0x00000000bc300000, 0x00000000c0000000)
  object space 21504K, 27% used [0x00000000bae00000,0x00000000bb3d76e0,0x00000000bc300000)
}
Event: 10,988 GC heap before
{Heap before GC invocations=9 (full 1):
 PSYoungGen      total 141824K, used 127954K [0x00000000eaa80000, 0x00000000fd180000, 0x0000000100000000)
  eden space 124416K, 100% used [0x00000000eaa80000,0x00000000f2400000,0x00000000f2400000)
  from space 17408K, 20% used [0x00000000f2400000,0x00000000f2774830,0x00000000f3500000)
  to   space 26624K, 0% used [0x00000000fb780000,0x00000000fb780000,0x00000000fd180000)
 ParOldGen       total 80384K, used 40734K [0x00000000c0000000, 0x00000000c4e80000, 0x00000000eaa80000)
  object space 80384K, 50% used [0x00000000c0000000,0x00000000c27c79c0,0x00000000c4e80000)
 PSPermGen       total 21504K, used 6043K [0x00000000bae00000, 0x00000000bc300000, 0x00000000c0000000)
  object space 21504K, 28% used [0x00000000bae00000,0x00000000bb3e6f80,0x00000000bc300000)
Event: 11,088 GC heap after
Heap after GC invocations=9 (full 1):
 PSYoungGen      total 200192K, used 20103K [0x00000000eaa80000, 0x00000000fcb80000, 0x0000000100000000)
  eden space 179712K, 0% used [0x00000000eaa80000,0x00000000eaa80000,0x00000000f5a00000)
  from space 20480K, 98% used [0x00000000fb780000,0x00000000fcb21c50,0x00000000fcb80000)
  to   space 29184K, 0% used [0x00000000f9280000,0x00000000f9280000,0x00000000faf00000)
 ParOldGen       total 80384K, used 40766K [0x00000000c0000000, 0x00000000c4e80000, 0x00000000eaa80000)
  object space 80384K, 50% used [0x00000000c0000000,0x00000000c27cf9c0,0x00000000c4e80000)
 PSPermGen       total 21504K, used 6043K [0x00000000bae00000, 0x00000000bc300000, 0x00000000c0000000)
  object space 21504K, 28% used [0x00000000bae00000,0x00000000bb3e6f80,0x00000000bc300000)
}
Event: 13,303 GC heap before
{Heap before GC invocations=10 (full 1):
 PSYoungGen      total 200192K, used 199815K [0x00000000eaa80000, 0x00000000fcb80000, 0x0000000100000000)
  eden space 179712K, 100% used [0x00000000eaa80000,0x00000000f5a00000,0x00000000f5a00000)
  from space 20480K, 98% used [0x00000000fb780000,0x00000000fcb21c50,0x00000000fcb80000)
  to   space 29184K, 0% used [0x00000000f9280000,0x00000000f9280000,0x00000000faf00000)
 ParOldGen       total 80384K, used 40766K [0x00000000c0000000, 0x00000000c4e80000, 0x00000000eaa80000)
  object space 80384K, 50% used [0x00000000c0000000,0x00000000c27cf9c0,0x00000000c4e80000)
 PSPermGen       total 21504K, used 6073K [0x00000000bae00000, 0x00000000bc300000, 0x00000000c0000000)
  object space 21504K, 28% used [0x00000000bae00000,0x00000000bb3ee458,0x00000000bc300000)
Event: 13,540 GC heap after
Heap after GC invocations=10 (full 1):
 PSYoungGen      total 264192K, used 29169K [0x00000000eaa80000, 0x00000000fe200000, 0x0000000100000000)
  eden space 235008K, 0% used [0x00000000eaa80000,0x00000000eaa80000,0x00000000f9000000)
  from space 29184K, 99% used [0x00000000f9280000,0x00000000faefc610,0x00000000faf00000)
  to   space 41984K, 0% used [0x00000000fb900000,0x00000000fb900000,0x00000000fe200000)
 ParOldGen       total 80384K, used 59871K [0x00000000c0000000, 0x00000000c4e80000, 0x00000000eaa80000)
  object space 80384K, 74% used [0x00000000c0000000,0x00000000c3a77ee8,0x00000000c4e80000)
 PSPermGen       total 21504K, used 6073K [0x00000000bae00000, 0x00000000bc300000, 0x00000000c0000000)
  object space 21504K, 28% used [0x00000000bae00000,0x00000000bb3ee458,0x00000000bc300000)
}
Event: 15,794 GC heap before
{Heap before GC invocations=11 (full 1):
 PSYoungGen      total 264192K, used 264177K [0x00000000eaa80000, 0x00000000fe200000, 0x0000000100000000)
  eden space 235008K, 100% used [0x00000000eaa80000,0x00000000f9000000,0x00000000f9000000)
  from space 29184K, 99% used [0x00000000f9280000,0x00000000faefc610,0x00000000faf00000)
  to   space 41984K, 0% used [0x00000000fb900000,0x00000000fb900000,0x00000000fe200000)
 ParOldGen       total 80384K, used 59871K [0x00000000c0000000, 0x00000000c4e80000, 0x00000000eaa80000)
  object space 80384K, 74% used [0x00000000c0000000,0x00000000c3a77ee8,0x00000000c4e80000)
 PSPermGen       total 21504K, used 6087K [0x00000000bae00000, 0x00000000bc300000, 0x00000000c0000000)
  object space 21504K, 28% used [0x00000000bae00000,0x00000000bb3f1e98,0x00000000bc300000)

