# JRE version: Java(TM) SE Runtime Environment (7.0_79-b15) (build 1.7.0_79-b15)
# Java VM: Java HotSpot(TM) 64-Bit Server VM (24.79-b02 mixed mode linux-amd64 compressed oops)
Heap
 PSYoungGen      total 290304K, used 29841K [0x00000000eaa80000, 0x0000000100000000, 0x0000000100000000)
  eden space 232960K, 0% used [0x00000000eaa80000,0x00000000eaa80000,0x00000000f8e00000)
  from space 57344K, 52% used [0x00000000fc800000,0x00000000fe524750,0x0000000100000000)
  to   space 58368K, 0% used [0x00000000f8e00000,0x00000000f8e00000,0x00000000fc700000)
 ParOldGen       total 149504K, used 149182K [0x00000000c0000000, 0x00000000c9200000, 0x00000000eaa80000)
  object space 149504K, 99% used [0x00000000c0000000,0x00000000c91afad0,0x00000000c9200000)
 PSPermGen       total 21504K, used 6180K [0x00000000bae00000, 0x00000000bc300000, 0x00000000c0000000)
  object space 21504K, 28% used [0x00000000bae00000,0x00000000bb409118,0x00000000bc300000)
GC Heap History (10 events):
Event: 12,161 GC heap after
Heap after GC invocations=12 (full 1):
 PSYoungGen      total 216576K, used 29706K [0x00000000eaa80000, 0x00000000fdc80000, 0x0000000100000000)
  eden space 178688K, 0% used [0x00000000eaa80000,0x00000000eaa80000,0x00000000f5900000)
  from space 37888K, 78% used [0x00000000f5900000,0x00000000f76028b8,0x00000000f7e00000)
  to   space 41472K, 0% used [0x00000000fb400000,0x00000000fb400000,0x00000000fdc80000)
 ParOldGen       total 76800K, used 62313K [0x00000000c0000000, 0x00000000c4b00000, 0x00000000eaa80000)
  object space 76800K, 81% used [0x00000000c0000000,0x00000000c3cda440,0x00000000c4b00000)
 PSPermGen       total 21504K, used 6077K [0x00000000bae00000, 0x00000000bc300000, 0x00000000c0000000)
  object space 21504K, 28% used [0x00000000bae00000,0x00000000bb3ef4b8,0x00000000bc300000)
}
Event: 12,161 GC heap before
{Heap before GC invocations=13 (full 2):
 PSYoungGen      total 216576K, used 29706K [0x00000000eaa80000, 0x00000000fdc80000, 0x0000000100000000)
  eden space 178688K, 0% used [0x00000000eaa80000,0x00000000eaa80000,0x00000000f5900000)
  from space 37888K, 78% used [0x00000000f5900000,0x00000000f76028b8,0x00000000f7e00000)
  to   space 41472K, 0% used [0x00000000fb400000,0x00000000fb400000,0x00000000fdc80000)
 ParOldGen       total 76800K, used 62313K [0x00000000c0000000, 0x00000000c4b00000, 0x00000000eaa80000)
  object space 76800K, 81% used [0x00000000c0000000,0x00000000c3cda440,0x00000000c4b00000)
 PSPermGen       total 21504K, used 6077K [0x00000000bae00000, 0x00000000bc300000, 0x00000000c0000000)
  object space 21504K, 28% used [0x00000000bae00000,0x00000000bb3ef4b8,0x00000000bc300000)
Event: 12,658 GC heap after
Heap after GC invocations=13 (full 2):
 PSYoungGen      total 216576K, used 13696K [0x00000000eaa80000, 0x00000000fdc80000, 0x0000000100000000)
  eden space 178688K, 0% used [0x00000000eaa80000,0x00000000eaa80000,0x00000000f5900000)
  from space 37888K, 36% used [0x00000000f5900000,0x00000000f6660180,0x00000000f7e00000)
  to   space 41472K, 0% used [0x00000000fb400000,0x00000000fb400000,0x00000000fdc80000)
 ParOldGen       total 137216K, used 76600K [0x00000000c0000000, 0x00000000c8600000, 0x00000000eaa80000)
  object space 137216K, 55% used [0x00000000c0000000,0x00000000c4ace230,0x00000000c8600000)
 PSPermGen       total 21504K, used 6076K [0x00000000bae00000, 0x00000000bc300000, 0x00000000c0000000)
  object space 21504K, 28% used [0x00000000bae00000,0x00000000bb3ef378,0x00000000bc300000)
}
Event: 13,570 GC heap before
{Heap before GC invocations=14 (full 2):
 PSYoungGen      total 216576K, used 192384K [0x00000000eaa80000, 0x00000000fdc80000, 0x0000000100000000)
  eden space 178688K, 100% used [0x00000000eaa80000,0x00000000f5900000,0x00000000f5900000)
  from space 37888K, 36% used [0x00000000f5900000,0x00000000f6660180,0x00000000f7e00000)
  to   space 41472K, 0% used [0x00000000fb400000,0x00000000fb400000,0x00000000fdc80000)
 ParOldGen       total 137216K, used 76600K [0x00000000c0000000, 0x00000000c8600000, 0x00000000eaa80000)
  object space 137216K, 55% used [0x00000000c0000000,0x00000000c4ace230,0x00000000c8600000)
 PSPermGen       total 21504K, used 6088K [0x00000000bae00000, 0x00000000bc300000, 0x00000000c0000000)
  object space 21504K, 28% used [0x00000000bae00000,0x00000000bb3f22d8,0x00000000bc300000)
Event: 13,739 GC heap after
Heap after GC invocations=14 (full 2):
 PSYoungGen      total 239104K, used 28763K [0x00000000eaa80000, 0x00000000fd080000, 0x0000000100000000)
  eden space 209920K, 0% used [0x00000000eaa80000,0x00000000eaa80000,0x00000000f7780000)
  from space 29184K, 98% used [0x00000000fb400000,0x00000000fd016d30,0x00000000fd080000)
  to   space 44032K, 0% used [0x00000000f7a80000,0x00000000f7a80000,0x00000000fa580000)
 ParOldGen       total 137216K, used 88980K [0x00000000c0000000, 0x00000000c8600000, 0x00000000eaa80000)
  object space 137216K, 64% used [0x00000000c0000000,0x00000000c56e52c0,0x00000000c8600000)
 PSPermGen       total 21504K, used 6088K [0x00000000bae00000, 0x00000000bc300000, 0x00000000c0000000)
  object space 21504K, 28% used [0x00000000bae00000,0x00000000bb3f22d8,0x00000000bc300000)
}
Event: 14,457 GC heap before
{Heap before GC invocations=15 (full 2):
 PSYoungGen      total 239104K, used 238683K [0x00000000eaa80000, 0x00000000fd080000, 0x0000000100000000)
  eden space 209920K, 100% used [0x00000000eaa80000,0x00000000f7780000,0x00000000f7780000)
  from space 29184K, 98% used [0x00000000fb400000,0x00000000fd016d30,0x00000000fd080000)
  to   space 44032K, 0% used [0x00000000f7a80000,0x00000000f7a80000,0x00000000fa580000)
 ParOldGen       total 137216K, used 88980K [0x00000000c0000000, 0x00000000c8600000, 0x00000000eaa80000)
  object space 137216K, 64% used [0x00000000c0000000,0x00000000c56e52c0,0x00000000c8600000)
 PSPermGen       total 21504K, used 6103K [0x00000000bae00000, 0x00000000bc300000, 0x00000000c0000000)
  object space 21504K, 28% used [0x00000000bae00000,0x00000000bb3f5d00,0x00000000bc300000)
Event: 14,595 GC heap after
Heap after GC invocations=15 (full 2):
 PSYoungGen      total 257024K, used 44007K [0x00000000eaa80000, 0x0000000100000000, 0x0000000100000000)
  eden space 212992K, 0% used [0x00000000eaa80000,0x00000000eaa80000,0x00000000f7a80000)
  from space 44032K, 99% used [0x00000000f7a80000,0x00000000fa579e68,0x00000000fa580000)
  to   space 57344K, 0% used [0x00000000fc800000,0x00000000fc800000,0x0000000100000000)
 ParOldGen       total 137216K, used 104887K [0x00000000c0000000, 0x00000000c8600000, 0x00000000eaa80000)
  object space 137216K, 76% used [0x00000000c0000000,0x00000000c666dda8,0x00000000c8600000)
 PSPermGen       total 21504K, used 6103K [0x00000000bae00000, 0x00000000bc300000, 0x00000000c0000000)
  object space 21504K, 28% used [0x00000000bae00000,0x00000000bb3f5d00,0x00000000bc300000)
}
Event: 15,626 GC heap before
{Heap before GC invocations=16 (full 2):
 PSYoungGen      total 257024K, used 256999K [0x00000000eaa80000, 0x0000000100000000, 0x0000000100000000)
  eden space 212992K, 100% used [0x00000000eaa80000,0x00000000f7a80000,0x00000000f7a80000)
  from space 44032K, 99% used [0x00000000f7a80000,0x00000000fa579e68,0x00000000fa580000)
  to   space 57344K, 0% used [0x00000000fc800000,0x00000000fc800000,0x0000000100000000)
 ParOldGen       total 137216K, used 104887K [0x00000000c0000000, 0x00000000c8600000, 0x00000000eaa80000)
  object space 137216K, 76% used [0x00000000c0000000,0x00000000c666dda8,0x00000000c8600000)
 PSPermGen       total 21504K, used 6181K [0x00000000bae00000, 0x00000000bc300000, 0x00000000c0000000)
  object space 21504K, 28% used [0x00000000bae00000,0x00000000bb409488,0x00000000bc300000)
Event: 15,795 GC heap after
Heap after GC invocations=16 (full 2):
 PSYoungGen      total 290304K, used 34180K [0x00000000eaa80000, 0x0000000100000000, 0x0000000100000000)
  eden space 232960K, 0% used [0x00000000eaa80000,0x00000000eaa80000,0x00000000f8e00000)
  from space 57344K, 59% used [0x00000000fc800000,0x00000000fe961060,0x0000000100000000)
  to   space 58368K, 0% used [0x00000000f8e00000,0x00000000f8e00000,0x00000000fc700000)
 ParOldGen       total 149504K, used 148745K [0x00000000c0000000, 0x00000000c9200000, 0x00000000eaa80000)
  object space 149504K, 99% used [0x00000000c0000000,0x00000000c9142468,0x00000000c9200000)
 PSPermGen       total 21504K, used 6181K [0x00000000bae00000, 0x00000000bc300000, 0x00000000c0000000)
  object space 21504K, 28% used [0x00000000bae00000,0x00000000bb409488,0x00000000bc300000)
}
Event: 15,796 GC heap before
{Heap before GC invocations=17 (full 3):
 PSYoungGen      total 290304K, used 34180K [0x00000000eaa80000, 0x0000000100000000, 0x0000000100000000)
  eden space 232960K, 0% used [0x00000000eaa80000,0x00000000eaa80000,0x00000000f8e00000)
  from space 57344K, 59% used [0x00000000fc800000,0x00000000fe961060,0x0000000100000000)
  to   space 58368K, 0% used [0x00000000f8e00000,0x00000000f8e00000,0x00000000fc700000)
 ParOldGen       total 149504K, used 148745K [0x00000000c0000000, 0x00000000c9200000, 0x00000000eaa80000)
  object space 149504K, 99% used [0x00000000c0000000,0x00000000c9142468,0x00000000c9200000)
 PSPermGen       total 21504K, used 6181K [0x00000000bae00000, 0x00000000bc300000, 0x00000000c0000000)
  object space 21504K, 28% used [0x00000000bae00000,0x00000000bb409488,0x00000000bc300000)

