# JRE version: Java(TM) SE Runtime Environment (7.0_79-b15) (build 1.7.0_79-b15)
# Java VM: Java HotSpot(TM) 64-Bit Server VM (24.79-b02 mixed mode linux-amd64 compressed oops)
Heap
 PSYoungGen      total 289280K, used 29606K [0x00000000eaa80000, 0x0000000100000000, 0x0000000100000000)
  eden space 231936K, 0% used [0x00000000eaa80000,0x00000000eaa80000,0x00000000f8d00000)
  from space 57344K, 51% used [0x00000000fc800000,0x00000000fe4e98d0,0x0000000100000000)
  to   space 58880K, 0% used [0x00000000f8d00000,0x00000000f8d00000,0x00000000fc680000)
 ParOldGen       total 149504K, used 149378K [0x00000000c0000000, 0x00000000c9200000, 0x00000000eaa80000)
  object space 149504K, 99% used [0x00000000c0000000,0x00000000c91e0858,0x00000000c9200000)
 PSPermGen       total 21504K, used 6199K [0x00000000bae00000, 0x00000000bc300000, 0x00000000c0000000)
  object space 21504K, 28% used [0x00000000bae00000,0x00000000bb40df60,0x00000000bc300000)
GC Heap History (10 events):
Event: 12,320 GC heap after
Heap after GC invocations=12 (full 1):
 PSYoungGen      total 218624K, used 29383K [0x00000000eaa80000, 0x00000000fe100000, 0x0000000100000000)
  eden space 180736K, 0% used [0x00000000eaa80000,0x00000000eaa80000,0x00000000f5b00000)
  from space 37888K, 77% used [0x00000000f5b00000,0x00000000f77b1da8,0x00000000f8000000)
  to   space 41472K, 0% used [0x00000000fb880000,0x00000000fb880000,0x00000000fe100000)
 ParOldGen       total 76288K, used 61853K [0x00000000c0000000, 0x00000000c4a80000, 0x00000000eaa80000)
  object space 76288K, 81% used [0x00000000c0000000,0x00000000c3c67710,0x00000000c4a80000)
 PSPermGen       total 21504K, used 6077K [0x00000000bae00000, 0x00000000bc300000, 0x00000000c0000000)
  object space 21504K, 28% used [0x00000000bae00000,0x00000000bb3ef7f0,0x00000000bc300000)
}
Event: 12,320 GC heap before
{Heap before GC invocations=13 (full 2):
 PSYoungGen      total 218624K, used 29383K [0x00000000eaa80000, 0x00000000fe100000, 0x0000000100000000)
  eden space 180736K, 0% used [0x00000000eaa80000,0x00000000eaa80000,0x00000000f5b00000)
  from space 37888K, 77% used [0x00000000f5b00000,0x00000000f77b1da8,0x00000000f8000000)
  to   space 41472K, 0% used [0x00000000fb880000,0x00000000fb880000,0x00000000fe100000)
 ParOldGen       total 76288K, used 61853K [0x00000000c0000000, 0x00000000c4a80000, 0x00000000eaa80000)
  object space 76288K, 81% used [0x00000000c0000000,0x00000000c3c67710,0x00000000c4a80000)
 PSPermGen       total 21504K, used 6077K [0x00000000bae00000, 0x00000000bc300000, 0x00000000c0000000)
  object space 21504K, 28% used [0x00000000bae00000,0x00000000bb3ef7f0,0x00000000bc300000)
Event: 12,828 GC heap after
Heap after GC invocations=13 (full 2):
 PSYoungGen      total 218624K, used 13351K [0x00000000eaa80000, 0x00000000fe100000, 0x0000000100000000)
  eden space 180736K, 0% used [0x00000000eaa80000,0x00000000eaa80000,0x00000000f5b00000)
  from space 37888K, 35% used [0x00000000f5b00000,0x00000000f6809fc8,0x00000000f8000000)
  to   space 41472K, 0% used [0x00000000fb880000,0x00000000fb880000,0x00000000fe100000)
 ParOldGen       total 134656K, used 76261K [0x00000000c0000000, 0x00000000c8380000, 0x00000000eaa80000)
  object space 134656K, 56% used [0x00000000c0000000,0x00000000c4a795b8,0x00000000c8380000)
 PSPermGen       total 21504K, used 6077K [0x00000000bae00000, 0x00000000bc300000, 0x00000000c0000000)
  object space 21504K, 28% used [0x00000000bae00000,0x00000000bb3ef5f0,0x00000000bc300000)
}
Event: 13,813 GC heap before
{Heap before GC invocations=14 (full 2):
 PSYoungGen      total 218624K, used 194087K [0x00000000eaa80000, 0x00000000fe100000, 0x0000000100000000)
  eden space 180736K, 100% used [0x00000000eaa80000,0x00000000f5b00000,0x00000000f5b00000)
  from space 37888K, 35% used [0x00000000f5b00000,0x00000000f6809fc8,0x00000000f8000000)
  to   space 41472K, 0% used [0x00000000fb880000,0x00000000fb880000,0x00000000fe100000)
 ParOldGen       total 134656K, used 76261K [0x00000000c0000000, 0x00000000c8380000, 0x00000000eaa80000)
  object space 134656K, 56% used [0x00000000c0000000,0x00000000c4a795b8,0x00000000c8380000)
 PSPermGen       total 21504K, used 6089K [0x00000000bae00000, 0x00000000bc300000, 0x00000000c0000000)
  object space 21504K, 28% used [0x00000000bae00000,0x00000000bb3f24f0,0x00000000bc300000)
Event: 13,950 GC heap after
Heap after GC invocations=14 (full 2):
 PSYoungGen      total 244224K, used 28682K [0x00000000eaa80000, 0x00000000fd500000, 0x0000000100000000)
  eden space 215040K, 0% used [0x00000000eaa80000,0x00000000eaa80000,0x00000000f7c80000)
  from space 29184K, 98% used [0x00000000fb880000,0x00000000fd482a40,0x00000000fd500000)
  to   space 44032K, 0% used [0x00000000f7f00000,0x00000000f7f00000,0x00000000faa00000)
 ParOldGen       total 134656K, used 88402K [0x00000000c0000000, 0x00000000c8380000, 0x00000000eaa80000)
  object space 134656K, 65% used [0x00000000c0000000,0x00000000c56549a8,0x00000000c8380000)
 PSPermGen       total 21504K, used 6089K [0x00000000bae00000, 0x00000000bc300000, 0x00000000c0000000)
  object space 21504K, 28% used [0x00000000bae00000,0x00000000bb3f24f0,0x00000000bc300000)
}
Event: 14,684 GC heap before
{Heap before GC invocations=15 (full 2):
 PSYoungGen      total 244224K, used 243722K [0x00000000eaa80000, 0x00000000fd500000, 0x0000000100000000)
  eden space 215040K, 100% used [0x00000000eaa80000,0x00000000f7c80000,0x00000000f7c80000)
  from space 29184K, 98% used [0x00000000fb880000,0x00000000fd482a40,0x00000000fd500000)
  to   space 44032K, 0% used [0x00000000f7f00000,0x00000000f7f00000,0x00000000faa00000)
 ParOldGen       total 134656K, used 88402K [0x00000000c0000000, 0x00000000c8380000, 0x00000000eaa80000)
  object space 134656K, 65% used [0x00000000c0000000,0x00000000c56549a8,0x00000000c8380000)
 PSPermGen       total 21504K, used 6104K [0x00000000bae00000, 0x00000000bc300000, 0x00000000c0000000)
  object space 21504K, 28% used [0x00000000bae00000,0x00000000bb3f6290,0x00000000bc300000)
Event: 14,820 GC heap after
Heap after GC invocations=15 (full 2):
 PSYoungGen      total 261632K, used 44020K [0x00000000eaa80000, 0x0000000100000000, 0x0000000100000000)
  eden space 217600K, 0% used [0x00000000eaa80000,0x00000000eaa80000,0x00000000f7f00000)
  from space 44032K, 99% used [0x00000000f7f00000,0x00000000fa9fd028,0x00000000faa00000)
  to   space 57344K, 0% used [0x00000000fc800000,0x00000000fc800000,0x0000000100000000)
 ParOldGen       total 134656K, used 105443K [0x00000000c0000000, 0x00000000c8380000, 0x00000000eaa80000)
  object space 134656K, 78% used [0x00000000c0000000,0x00000000c66f8c78,0x00000000c8380000)
 PSPermGen       total 21504K, used 6104K [0x00000000bae00000, 0x00000000bc300000, 0x00000000c0000000)
  object space 21504K, 28% used [0x00000000bae00000,0x00000000bb3f6290,0x00000000bc300000)
}
Event: 16,725 GC heap before
{Heap before GC invocations=16 (full 2):
 PSYoungGen      total 261632K, used 261620K [0x00000000eaa80000, 0x0000000100000000, 0x0000000100000000)
  eden space 217600K, 100% used [0x00000000eaa80000,0x00000000f7f00000,0x00000000f7f00000)
  from space 44032K, 99% used [0x00000000f7f00000,0x00000000fa9fd028,0x00000000faa00000)
  to   space 57344K, 0% used [0x00000000fc800000,0x00000000fc800000,0x0000000100000000)
 ParOldGen       total 134656K, used 105443K [0x00000000c0000000, 0x00000000c8380000, 0x00000000eaa80000)
  object space 134656K, 78% used [0x00000000c0000000,0x00000000c66f8c78,0x00000000c8380000)
 PSPermGen       total 21504K, used 6200K [0x00000000bae00000, 0x00000000bc300000, 0x00000000c0000000)
  object space 21504K, 28% used [0x00000000bae00000,0x00000000bb40e210,0x00000000bc300000)
Event: 16,899 GC heap after
Heap after GC invocations=16 (full 2):
 PSYoungGen      total 289280K, used 34546K [0x00000000eaa80000, 0x0000000100000000, 0x0000000100000000)
  eden space 231936K, 0% used [0x00000000eaa80000,0x00000000eaa80000,0x00000000f8d00000)
  from space 57344K, 60% used [0x00000000fc800000,0x00000000fe9bc8f0,0x0000000100000000)
  to   space 58880K, 0% used [0x00000000f8d00000,0x00000000f8d00000,0x00000000fc680000)
 ParOldGen       total 149504K, used 149423K [0x00000000c0000000, 0x00000000c9200000, 0x00000000eaa80000)
  object space 149504K, 99% used [0x00000000c0000000,0x00000000c91ebf98,0x00000000c9200000)
 PSPermGen       total 21504K, used 6200K [0x00000000bae00000, 0x00000000bc300000, 0x00000000c0000000)
  object space 21504K, 28% used [0x00000000bae00000,0x00000000bb40e210,0x00000000bc300000)
}
Event: 16,917 GC heap before
{Heap before GC invocations=17 (full 3):
 PSYoungGen      total 289280K, used 34546K [0x00000000eaa80000, 0x0000000100000000, 0x0000000100000000)
  eden space 231936K, 0% used [0x00000000eaa80000,0x00000000eaa80000,0x00000000f8d00000)
  from space 57344K, 60% used [0x00000000fc800000,0x00000000fe9bc8f0,0x0000000100000000)
  to   space 58880K, 0% used [0x00000000f8d00000,0x00000000f8d00000,0x00000000fc680000)
 ParOldGen       total 149504K, used 149423K [0x00000000c0000000, 0x00000000c9200000, 0x00000000eaa80000)
  object space 149504K, 99% used [0x00000000c0000000,0x00000000c91ebf98,0x00000000c9200000)
 PSPermGen       total 21504K, used 6200K [0x00000000bae00000, 0x00000000bc300000, 0x00000000c0000000)
  object space 21504K, 28% used [0x00000000bae00000,0x00000000bb40e210,0x00000000bc300000)

