# JRE version: Java(TM) SE Runtime Environment (7.0_79-b15) (build 1.7.0_79-b15)
# Java VM: Java HotSpot(TM) 64-Bit Server VM (24.79-b02 mixed mode linux-amd64 compressed oops)
Heap
 PSYoungGen      total 264704K, used 41069K [0x00000000eaa80000, 0x0000000100000000, 0x0000000100000000)
  eden space 199168K, 0% used [0x00000000eaa80000,0x00000000eaa80000,0x00000000f6d00000)
  from space 65536K, 62% used [0x00000000fc000000,0x00000000fe81b7d0,0x0000000100000000)
  to   space 75264K, 0% used [0x00000000f6d00000,0x00000000f6d00000,0x00000000fb680000)
 ParOldGen       total 138240K, used 137801K [0x00000000c0000000, 0x00000000c8700000, 0x00000000eaa80000)
  object space 138240K, 99% used [0x00000000c0000000,0x00000000c8692468,0x00000000c8700000)
 PSPermGen       total 21504K, used 6183K [0x00000000bae00000, 0x00000000bc300000, 0x00000000c0000000)
  object space 21504K, 28% used [0x00000000bae00000,0x00000000bb409f20,0x00000000bc300000)
GC Heap History (10 events):
Event: 12,242 GC heap after
Heap after GC invocations=12 (full 1):
 PSYoungGen      total 219648K, used 29763K [0x00000000eaa80000, 0x00000000fdf00000, 0x0000000100000000)
  eden space 181248K, 0% used [0x00000000eaa80000,0x00000000eaa80000,0x00000000f5b80000)
  from space 38400K, 77% used [0x00000000f5b80000,0x00000000f7890f70,0x00000000f8100000)
  to   space 41984K, 0% used [0x00000000fb600000,0x00000000fb600000,0x00000000fdf00000)
 ParOldGen       total 77312K, used 61204K [0x00000000c0000000, 0x00000000c4b80000, 0x00000000eaa80000)
  object space 77312K, 79% used [0x00000000c0000000,0x00000000c3bc5178,0x00000000c4b80000)
 PSPermGen       total 21504K, used 6081K [0x00000000bae00000, 0x00000000bc300000, 0x00000000c0000000)
  object space 21504K, 28% used [0x00000000bae00000,0x00000000bb3f04c8,0x00000000bc300000)
}
Event: 12,242 GC heap before
{Heap before GC invocations=13 (full 2):
 PSYoungGen      total 219648K, used 29763K [0x00000000eaa80000, 0x00000000fdf00000, 0x0000000100000000)
  eden space 181248K, 0% used [0x00000000eaa80000,0x00000000eaa80000,0x00000000f5b80000)
  from space 38400K, 77% used [0x00000000f5b80000,0x00000000f7890f70,0x00000000f8100000)
  to   space 41984K, 0% used [0x00000000fb600000,0x00000000fb600000,0x00000000fdf00000)
 ParOldGen       total 77312K, used 61204K [0x00000000c0000000, 0x00000000c4b80000, 0x00000000eaa80000)
  object space 77312K, 79% used [0x00000000c0000000,0x00000000c3bc5178,0x00000000c4b80000)
 PSPermGen       total 21504K, used 6081K [0x00000000bae00000, 0x00000000bc300000, 0x00000000c0000000)
  object space 21504K, 28% used [0x00000000bae00000,0x00000000bb3f04c8,0x00000000bc300000)
Event: 12,862 GC heap after
Heap after GC invocations=13 (full 2):
 PSYoungGen      total 219648K, used 12682K [0x00000000eaa80000, 0x00000000fdf00000, 0x0000000100000000)
  eden space 181248K, 0% used [0x00000000eaa80000,0x00000000eaa80000,0x00000000f5b80000)
  from space 38400K, 33% used [0x00000000f5b80000,0x00000000f67e2918,0x00000000f8100000)
  to   space 41984K, 0% used [0x00000000fb600000,0x00000000fb600000,0x00000000fdf00000)
 ParOldGen       total 138240K, used 76938K [0x00000000c0000000, 0x00000000c8700000, 0x00000000eaa80000)
  object space 138240K, 55% used [0x00000000c0000000,0x00000000c4b22910,0x00000000c8700000)
 PSPermGen       total 21504K, used 6080K [0x00000000bae00000, 0x00000000bc300000, 0x00000000c0000000)
  object space 21504K, 28% used [0x00000000bae00000,0x00000000bb3f02c8,0x00000000bc300000)
}
Event: 13,783 GC heap before
{Heap before GC invocations=14 (full 2):
 PSYoungGen      total 219648K, used 193930K [0x00000000eaa80000, 0x00000000fdf00000, 0x0000000100000000)
  eden space 181248K, 100% used [0x00000000eaa80000,0x00000000f5b80000,0x00000000f5b80000)
  from space 38400K, 33% used [0x00000000f5b80000,0x00000000f67e2918,0x00000000f8100000)
  to   space 41984K, 0% used [0x00000000fb600000,0x00000000fb600000,0x00000000fdf00000)
 ParOldGen       total 138240K, used 76938K [0x00000000c0000000, 0x00000000c8700000, 0x00000000eaa80000)
  object space 138240K, 55% used [0x00000000c0000000,0x00000000c4b22910,0x00000000c8700000)
 PSPermGen       total 21504K, used 6091K [0x00000000bae00000, 0x00000000bc300000, 0x00000000c0000000)
  object space 21504K, 28% used [0x00000000bae00000,0x00000000bb3f2c28,0x00000000bc300000)
Event: 13,927 GC heap after
Heap after GC invocations=14 (full 2):
 PSYoungGen      total 250880K, used 40174K [0x00000000eaa80000, 0x00000000fdd80000, 0x0000000100000000)
  eden space 210432K, 0% used [0x00000000eaa80000,0x00000000eaa80000,0x00000000f7800000)
  from space 40448K, 99% used [0x00000000fb600000,0x00000000fdd3baf0,0x00000000fdd80000)
  to   space 48640K, 0% used [0x00000000f7e80000,0x00000000f7e80000,0x00000000fae00000)
 ParOldGen       total 138240K, used 76938K [0x00000000c0000000, 0x00000000c8700000, 0x00000000eaa80000)
  object space 138240K, 55% used [0x00000000c0000000,0x00000000c4b22910,0x00000000c8700000)
 PSPermGen       total 21504K, used 6091K [0x00000000bae00000, 0x00000000bc300000, 0x00000000c0000000)
  object space 21504K, 28% used [0x00000000bae00000,0x00000000bb3f2c28,0x00000000bc300000)
}
Event: 14,759 GC heap before
{Heap before GC invocations=15 (full 2):
 PSYoungGen      total 250880K, used 250606K [0x00000000eaa80000, 0x00000000fdd80000, 0x0000000100000000)
  eden space 210432K, 100% used [0x00000000eaa80000,0x00000000f7800000,0x00000000f7800000)
  from space 40448K, 99% used [0x00000000fb600000,0x00000000fdd3baf0,0x00000000fdd80000)
  to   space 48640K, 0% used [0x00000000f7e80000,0x00000000f7e80000,0x00000000fae00000)
 ParOldGen       total 138240K, used 76938K [0x00000000c0000000, 0x00000000c8700000, 0x00000000eaa80000)
  object space 138240K, 55% used [0x00000000c0000000,0x00000000c4b22910,0x00000000c8700000)
 PSPermGen       total 21504K, used 6108K [0x00000000bae00000, 0x00000000bc300000, 0x00000000c0000000)
  object space 21504K, 28% used [0x00000000bae00000,0x00000000bb3f7168,0x00000000bc300000)
Event: 14,930 GC heap after
Heap after GC invocations=15 (full 2):
 PSYoungGen      total 265728K, used 48636K [0x00000000eaa80000, 0x0000000100000000, 0x0000000100000000)
  eden space 217088K, 0% used [0x00000000eaa80000,0x00000000eaa80000,0x00000000f7e80000)
  from space 48640K, 99% used [0x00000000f7e80000,0x00000000fadff388,0x00000000fae00000)
  to   space 65536K, 0% used [0x00000000fc000000,0x00000000fc000000,0x0000000100000000)
 ParOldGen       total 138240K, used 100422K [0x00000000c0000000, 0x00000000c8700000, 0x00000000eaa80000)
  object space 138240K, 72% used [0x00000000c0000000,0x00000000c6211988,0x00000000c8700000)
 PSPermGen       total 21504K, used 6108K [0x00000000bae00000, 0x00000000bc300000, 0x00000000c0000000)
  object space 21504K, 28% used [0x00000000bae00000,0x00000000bb3f7168,0x00000000bc300000)
}
Event: 16,088 GC heap before
{Heap before GC invocations=16 (full 2):
 PSYoungGen      total 265728K, used 265724K [0x00000000eaa80000, 0x0000000100000000, 0x0000000100000000)
  eden space 217088K, 100% used [0x00000000eaa80000,0x00000000f7e80000,0x00000000f7e80000)
  from space 48640K, 99% used [0x00000000f7e80000,0x00000000fadff388,0x00000000fae00000)
  to   space 65536K, 0% used [0x00000000fc000000,0x00000000fc000000,0x0000000100000000)
 ParOldGen       total 138240K, used 100422K [0x00000000c0000000, 0x00000000c8700000, 0x00000000eaa80000)
  object space 138240K, 72% used [0x00000000c0000000,0x00000000c6211988,0x00000000c8700000)
 PSPermGen       total 21504K, used 6184K [0x00000000bae00000, 0x00000000bc300000, 0x00000000c0000000)
  object space 21504K, 28% used [0x00000000bae00000,0x00000000bb40a230,0x00000000bc300000)
Event: 16,738 GC heap after
Heap after GC invocations=16 (full 2):
 PSYoungGen      total 264704K, used 60826K [0x00000000eaa80000, 0x0000000100000000, 0x0000000100000000)
  eden space 199168K, 0% used [0x00000000eaa80000,0x00000000eaa80000,0x00000000f6d00000)
  from space 65536K, 92% used [0x00000000fc000000,0x00000000ffb66bf0,0x0000000100000000)
  to   space 75264K, 0% used [0x00000000f6d00000,0x00000000f6d00000,0x00000000fb680000)
 ParOldGen       total 138240K, used 121926K [0x00000000c0000000, 0x00000000c8700000, 0x00000000eaa80000)
  object space 138240K, 88% used [0x00000000c0000000,0x00000000c7711948,0x00000000c8700000)
 PSPermGen       total 21504K, used 6184K [0x00000000bae00000, 0x00000000bc300000, 0x00000000c0000000)
  object space 21504K, 28% used [0x00000000bae00000,0x00000000bb40a230,0x00000000bc300000)
}
Event: 16,941 GC heap before
{Heap before GC invocations=17 (full 3):
 PSYoungGen      total 264704K, used 60826K [0x00000000eaa80000, 0x0000000100000000, 0x0000000100000000)
  eden space 199168K, 0% used [0x00000000eaa80000,0x00000000eaa80000,0x00000000f6d00000)
  from space 65536K, 92% used [0x00000000fc000000,0x00000000ffb66bf0,0x0000000100000000)
  to   space 75264K, 0% used [0x00000000f6d00000,0x00000000f6d00000,0x00000000fb680000)
 ParOldGen       total 138240K, used 121926K [0x00000000c0000000, 0x00000000c8700000, 0x00000000eaa80000)
  object space 138240K, 88% used [0x00000000c0000000,0x00000000c7711948,0x00000000c8700000)
 PSPermGen       total 21504K, used 6184K [0x00000000bae00000, 0x00000000bc300000, 0x00000000c0000000)
  object space 21504K, 28% used [0x00000000bae00000,0x00000000bb40a230,0x00000000bc300000)

