# JRE version: Java(TM) SE Runtime Environment (7.0_79-b15) (build 1.7.0_79-b15)
# Java VM: Java HotSpot(TM) 64-Bit Server VM (24.79-b02 mixed mode linux-amd64 compressed oops)
Heap
 PSYoungGen      total 266240K, used 10211K [0x00000000eaa80000, 0x00000000ff900000, 0x0000000100000000)
  eden space 237056K, 0% used [0x00000000eaa80000,0x00000000eaa80000,0x00000000f9200000)
  from space 29184K, 34% used [0x00000000f9200000,0x00000000f9bf8c00,0x00000000fae80000)
  to   space 42496K, 0% used [0x00000000fcf80000,0x00000000fcf80000,0x00000000ff900000)
 ParOldGen       total 78336K, used 78203K [0x00000000c0000000, 0x00000000c4c80000, 0x00000000eaa80000)
  object space 78336K, 99% used [0x00000000c0000000,0x00000000c4c5ef20,0x00000000c4c80000)
 PSPermGen       total 21504K, used 6084K [0x00000000bae00000, 0x00000000bc300000, 0x00000000c0000000)
  object space 21504K, 28% used [0x00000000bae00000,0x00000000bb3f1170,0x00000000bc300000)
GC Heap History (10 events):
Event: 7,821 GC heap after
Heap after GC invocations=6 (full 0):
 PSYoungGen      total 140288K, used 13145K [0x00000000eaa80000, 0x00000000f4a80000, 0x0000000100000000)
  eden space 124416K, 0% used [0x00000000eaa80000,0x00000000eaa80000,0x00000000f2400000)
  from space 15872K, 82% used [0x00000000f3600000,0x00000000f42d6458,0x00000000f4580000)
  to   space 18432K, 0% used [0x00000000f2400000,0x00000000f2400000,0x00000000f3600000)
 ParOldGen       total 40960K, used 22036K [0x00000000c0000000, 0x00000000c2800000, 0x00000000eaa80000)
  object space 40960K, 53% used [0x00000000c0000000,0x00000000c15850e8,0x00000000c2800000)
 PSPermGen       total 21504K, used 5957K [0x00000000bae00000, 0x00000000bc300000, 0x00000000c0000000)
  object space 21504K, 27% used [0x00000000bae00000,0x00000000bb3d1500,0x00000000bc300000)
}
Event: 10,740 GC heap before
{Heap before GC invocations=7 (full 0):
 PSYoungGen      total 140288K, used 137561K [0x00000000eaa80000, 0x00000000f4a80000, 0x0000000100000000)
  eden space 124416K, 100% used [0x00000000eaa80000,0x00000000f2400000,0x00000000f2400000)
  from space 15872K, 82% used [0x00000000f3600000,0x00000000f42d6458,0x00000000f4580000)
  to   space 18432K, 0% used [0x00000000f2400000,0x00000000f2400000,0x00000000f3600000)
 ParOldGen       total 40960K, used 22036K [0x00000000c0000000, 0x00000000c2800000, 0x00000000eaa80000)
  object space 40960K, 53% used [0x00000000c0000000,0x00000000c15850e8,0x00000000c2800000)
 PSPermGen       total 21504K, used 5993K [0x00000000bae00000, 0x00000000bc300000, 0x00000000c0000000)
  object space 21504K, 27% used [0x00000000bae00000,0x00000000bb3da440,0x00000000bc300000)
Event: 10,819 GC heap after
Heap after GC invocations=7 (full 0):
 PSYoungGen      total 142848K, used 18424K [0x00000000eaa80000, 0x00000000fd280000, 0x0000000100000000)
  eden space 124416K, 0% used [0x00000000eaa80000,0x00000000eaa80000,0x00000000f2400000)
  from space 18432K, 99% used [0x00000000f2400000,0x00000000f35fe0f8,0x00000000f3600000)
  to   space 27136K, 0% used [0x00000000fb800000,0x00000000fb800000,0x00000000fd280000)
 ParOldGen       total 40960K, used 31598K [0x00000000c0000000, 0x00000000c2800000, 0x00000000eaa80000)
  object space 40960K, 77% used [0x00000000c0000000,0x00000000c1edb988,0x00000000c2800000)
 PSPermGen       total 21504K, used 5993K [0x00000000bae00000, 0x00000000bc300000, 0x00000000c0000000)
  object space 21504K, 27% used [0x00000000bae00000,0x00000000bb3da440,0x00000000bc300000)
}
Event: 10,819 GC heap before
{Heap before GC invocations=8 (full 1):
 PSYoungGen      total 142848K, used 18424K [0x00000000eaa80000, 0x00000000fd280000, 0x0000000100000000)
  eden space 124416K, 0% used [0x00000000eaa80000,0x00000000eaa80000,0x00000000f2400000)
  from space 18432K, 99% used [0x00000000f2400000,0x00000000f35fe0f8,0x00000000f3600000)
  to   space 27136K, 0% used [0x00000000fb800000,0x00000000fb800000,0x00000000fd280000)
 ParOldGen       total 40960K, used 31598K [0x00000000c0000000, 0x00000000c2800000, 0x00000000eaa80000)
  object space 40960K, 77% used [0x00000000c0000000,0x00000000c1edb988,0x00000000c2800000)
 PSPermGen       total 21504K, used 5993K [0x00000000bae00000, 0x00000000bc300000, 0x00000000c0000000)
  object space 21504K, 27% used [0x00000000bae00000,0x00000000bb3da440,0x00000000bc300000)
Event: 11,216 GC heap after
Heap after GC invocations=8 (full 1):
 PSYoungGen      total 142848K, used 2510K [0x00000000eaa80000, 0x00000000fd280000, 0x0000000100000000)
  eden space 124416K, 0% used [0x00000000eaa80000,0x00000000eaa80000,0x00000000f2400000)
  from space 18432K, 13% used [0x00000000f2400000,0x00000000f2673818,0x00000000f3600000)
  to   space 27136K, 0% used [0x00000000fb800000,0x00000000fb800000,0x00000000fd280000)
 ParOldGen       total 78336K, used 40558K [0x00000000c0000000, 0x00000000c4c80000, 0x00000000eaa80000)
  object space 78336K, 51% used [0x00000000c0000000,0x00000000c279bbc0,0x00000000c4c80000)
 PSPermGen       total 21504K, used 5989K [0x00000000bae00000, 0x00000000bc300000, 0x00000000c0000000)
  object space 21504K, 27% used [0x00000000bae00000,0x00000000bb3d97d0,0x00000000bc300000)
}
Event: 12,644 GC heap before
{Heap before GC invocations=9 (full 1):
 PSYoungGen      total 142848K, used 126926K [0x00000000eaa80000, 0x00000000fd280000, 0x0000000100000000)
  eden space 124416K, 100% used [0x00000000eaa80000,0x00000000f2400000,0x00000000f2400000)
  from space 18432K, 13% used [0x00000000f2400000,0x00000000f2673818,0x00000000f3600000)
  to   space 27136K, 0% used [0x00000000fb800000,0x00000000fb800000,0x00000000fd280000)
 ParOldGen       total 78336K, used 40558K [0x00000000c0000000, 0x00000000c4c80000, 0x00000000eaa80000)
  object space 78336K, 51% used [0x00000000c0000000,0x00000000c279bbc0,0x00000000c4c80000)
 PSPermGen       total 21504K, used 6049K [0x00000000bae00000, 0x00000000bc300000, 0x00000000c0000000)
  object space 21504K, 28% used [0x00000000bae00000,0x00000000bb3e8760,0x00000000bc300000)
Event: 12,777 GC heap after
Heap after GC invocations=9 (full 1):
 PSYoungGen      total 211456K, used 19322K [0x00000000eaa80000, 0x00000000fcb00000, 0x0000000100000000)
  eden space 192000K, 0% used [0x00000000eaa80000,0x00000000eaa80000,0x00000000f6600000)
  from space 19456K, 99% used [0x00000000fb800000,0x00000000fcadea90,0x00000000fcb00000)
  to   space 29184K, 0% used [0x00000000f9200000,0x00000000f9200000,0x00000000fae80000)
 ParOldGen       total 78336K, used 40558K [0x00000000c0000000, 0x00000000c4c80000, 0x00000000eaa80000)
  object space 78336K, 51% used [0x00000000c0000000,0x00000000c279bbc0,0x00000000c4c80000)
 PSPermGen       total 21504K, used 6049K [0x00000000bae00000, 0x00000000bc300000, 0x00000000c0000000)
  object space 21504K, 28% used [0x00000000bae00000,0x00000000bb3e8760,0x00000000bc300000)
}
Event: 14,856 GC heap before
{Heap before GC invocations=10 (full 1):
 PSYoungGen      total 211456K, used 211322K [0x00000000eaa80000, 0x00000000fcb00000, 0x0000000100000000)
  eden space 192000K, 100% used [0x00000000eaa80000,0x00000000f6600000,0x00000000f6600000)
  from space 19456K, 99% used [0x00000000fb800000,0x00000000fcadea90,0x00000000fcb00000)
  to   space 29184K, 0% used [0x00000000f9200000,0x00000000f9200000,0x00000000fae80000)
 ParOldGen       total 78336K, used 40558K [0x00000000c0000000, 0x00000000c4c80000, 0x00000000eaa80000)
  object space 78336K, 51% used [0x00000000c0000000,0x00000000c279bbc0,0x00000000c4c80000)
 PSPermGen       total 21504K, used 6085K [0x00000000bae00000, 0x00000000bc300000, 0x00000000c0000000)
  object space 21504K, 28% used [0x00000000bae00000,0x00000000bb3f1790,0x00000000bc300000)
Event: 14,992 GC heap after
Heap after GC invocations=10 (full 1):
 PSYoungGen      total 266240K, used 29178K [0x00000000eaa80000, 0x00000000ff900000, 0x0000000100000000)
  eden space 237056K, 0% used [0x00000000eaa80000,0x00000000eaa80000,0x00000000f9200000)
  from space 29184K, 99% used [0x00000000f9200000,0x00000000fae7e8a0,0x00000000fae80000)
  to   space 42496K, 0% used [0x00000000fcf80000,0x00000000fcf80000,0x00000000ff900000)
 ParOldGen       total 78336K, used 61083K [0x00000000c0000000, 0x00000000c4c80000, 0x00000000eaa80000)
  object space 78336K, 77% used [0x00000000c0000000,0x00000000c3ba6d28,0x00000000c4c80000)
 PSPermGen       total 21504K, used 6085K [0x00000000bae00000, 0x00000000bc300000, 0x00000000c0000000)
  object space 21504K, 28% used [0x00000000bae00000,0x00000000bb3f1790,0x00000000bc300000)
}
Event: 14,992 GC heap before
{Heap before GC invocations=11 (full 2):
 PSYoungGen      total 266240K, used 29178K [0x00000000eaa80000, 0x00000000ff900000, 0x0000000100000000)
  eden space 237056K, 0% used [0x00000000eaa80000,0x00000000eaa80000,0x00000000f9200000)
  from space 29184K, 99% used [0x00000000f9200000,0x00000000fae7e8a0,0x00000000fae80000)
  to   space 42496K, 0% used [0x00000000fcf80000,0x00000000fcf80000,0x00000000ff900000)
 ParOldGen       total 78336K, used 61083K [0x00000000c0000000, 0x00000000c4c80000, 0x00000000eaa80000)
  object space 78336K, 77% used [0x00000000c0000000,0x00000000c3ba6d28,0x00000000c4c80000)
 PSPermGen       total 21504K, used 6085K [0x00000000bae00000, 0x00000000bc300000, 0x00000000c0000000)
  object space 21504K, 28% used [0x00000000bae00000,0x00000000bb3f1790,0x00000000bc300000)

