# JRE version: Java(TM) SE Runtime Environment (7.0_79-b15) (build 1.7.0_79-b15)
# Java VM: Java HotSpot(TM) 64-Bit Server VM (24.79-b02 mixed mode linux-amd64 compressed oops)
Heap
 PSYoungGen      total 281600K, used 23910K [0x00000000eaa80000, 0x0000000100000000, 0x0000000100000000)
  eden space 243200K, 0% used [0x00000000eaa80000,0x00000000eaa80000,0x00000000f9800000)
  from space 38400K, 62% used [0x00000000f9800000,0x00000000faf59bc0,0x00000000fbd80000)
  to   space 56832K, 0% used [0x00000000fc880000,0x00000000fc880000,0x0000000100000000)
 ParOldGen       total 137216K, used 136779K [0x00000000c0000000, 0x00000000c8600000, 0x00000000eaa80000)
  object space 137216K, 99% used [0x00000000c0000000,0x00000000c8592ec0,0x00000000c8600000)
 PSPermGen       total 21504K, used 6120K [0x00000000bae00000, 0x00000000bc300000, 0x00000000c0000000)
  object space 21504K, 28% used [0x00000000bae00000,0x00000000bb3fa190,0x00000000bc300000)
GC Heap History (10 events):
Event: 10,286 GC heap after
Heap after GC invocations=9 (full 1):
 PSYoungGen      total 215040K, used 19847K [0x00000000eaa80000, 0x00000000fcc80000, 0x0000000100000000)
  eden space 195072K, 0% used [0x00000000eaa80000,0x00000000eaa80000,0x00000000f6900000)
  from space 19968K, 99% used [0x00000000fb900000,0x00000000fcc61c50,0x00000000fcc80000)
  to   space 29184K, 0% used [0x00000000f9380000,0x00000000f9380000,0x00000000fb000000)
 ParOldGen       total 78336K, used 40918K [0x00000000c0000000, 0x00000000c4c80000, 0x00000000eaa80000)
  object space 78336K, 52% used [0x00000000c0000000,0x00000000c27f5900,0x00000000c4c80000)
 PSPermGen       total 21504K, used 6049K [0x00000000bae00000, 0x00000000bc300000, 0x00000000c0000000)
  object space 21504K, 28% used [0x00000000bae00000,0x00000000bb3e8618,0x00000000bc300000)
}
Event: 12,094 GC heap before
{Heap before GC invocations=10 (full 1):
 PSYoungGen      total 215040K, used 214919K [0x00000000eaa80000, 0x00000000fcc80000, 0x0000000100000000)
  eden space 195072K, 100% used [0x00000000eaa80000,0x00000000f6900000,0x00000000f6900000)
  from space 19968K, 99% used [0x00000000fb900000,0x00000000fcc61c50,0x00000000fcc80000)
  to   space 29184K, 0% used [0x00000000f9380000,0x00000000f9380000,0x00000000fb000000)
 ParOldGen       total 78336K, used 40918K [0x00000000c0000000, 0x00000000c4c80000, 0x00000000eaa80000)
  object space 78336K, 52% used [0x00000000c0000000,0x00000000c27f5900,0x00000000c4c80000)
 PSPermGen       total 21504K, used 6082K [0x00000000bae00000, 0x00000000bc300000, 0x00000000c0000000)
  object space 21504K, 28% used [0x00000000bae00000,0x00000000bb3f0a58,0x00000000bc300000)
Event: 12,210 GC heap after
Heap after GC invocations=10 (full 1):
 PSYoungGen      total 267776K, used 29171K [0x00000000eaa80000, 0x00000000fff00000, 0x0000000100000000)
  eden space 238592K, 0% used [0x00000000eaa80000,0x00000000eaa80000,0x00000000f9380000)
  from space 29184K, 99% used [0x00000000f9380000,0x00000000faffcc30,0x00000000fb000000)
  to   space 43520K, 0% used [0x00000000fd480000,0x00000000fd480000,0x00000000fff00000)
 ParOldGen       total 78336K, used 62795K [0x00000000c0000000, 0x00000000c4c80000, 0x00000000eaa80000)
  object space 78336K, 80% used [0x00000000c0000000,0x00000000c3d52df0,0x00000000c4c80000)
 PSPermGen       total 21504K, used 6082K [0x00000000bae00000, 0x00000000bc300000, 0x00000000c0000000)
  object space 21504K, 28% used [0x00000000bae00000,0x00000000bb3f0a58,0x00000000bc300000)
}
Event: 12,211 GC heap before
{Heap before GC invocations=11 (full 2):
 PSYoungGen      total 267776K, used 29171K [0x00000000eaa80000, 0x00000000fff00000, 0x0000000100000000)
  eden space 238592K, 0% used [0x00000000eaa80000,0x00000000eaa80000,0x00000000f9380000)
  from space 29184K, 99% used [0x00000000f9380000,0x00000000faffcc30,0x00000000fb000000)
  to   space 43520K, 0% used [0x00000000fd480000,0x00000000fd480000,0x00000000fff00000)
 ParOldGen       total 78336K, used 62795K [0x00000000c0000000, 0x00000000c4c80000, 0x00000000eaa80000)
  object space 78336K, 80% used [0x00000000c0000000,0x00000000c3d52df0,0x00000000c4c80000)
 PSPermGen       total 21504K, used 6082K [0x00000000bae00000, 0x00000000bc300000, 0x00000000c0000000)
  object space 21504K, 28% used [0x00000000bae00000,0x00000000bb3f0a58,0x00000000bc300000)
Event: 12,959 GC heap after
Heap after GC invocations=11 (full 2):
 PSYoungGen      total 267776K, used 11598K [0x00000000eaa80000, 0x00000000fff00000, 0x0000000100000000)
  eden space 238592K, 0% used [0x00000000eaa80000,0x00000000eaa80000,0x00000000f9380000)
  from space 29184K, 39% used [0x00000000f9380000,0x00000000f9ed38d8,0x00000000fb000000)
  to   space 43520K, 0% used [0x00000000fd480000,0x00000000fd480000,0x00000000fff00000)
 ParOldGen       total 137216K, used 78306K [0x00000000c0000000, 0x00000000c8600000, 0x00000000eaa80000)
  object space 137216K, 57% used [0x00000000c0000000,0x00000000c4c789d0,0x00000000c8600000)
 PSPermGen       total 21504K, used 6081K [0x00000000bae00000, 0x00000000bc300000, 0x00000000c0000000)
  object space 21504K, 28% used [0x00000000bae00000,0x00000000bb3f04f8,0x00000000bc300000)
}
Event: 14,311 GC heap before
{Heap before GC invocations=12 (full 2):
 PSYoungGen      total 267776K, used 250190K [0x00000000eaa80000, 0x00000000fff00000, 0x0000000100000000)
  eden space 238592K, 100% used [0x00000000eaa80000,0x00000000f9380000,0x00000000f9380000)
  from space 29184K, 39% used [0x00000000f9380000,0x00000000f9ed38d8,0x00000000fb000000)
  to   space 43520K, 0% used [0x00000000fd480000,0x00000000fd480000,0x00000000fff00000)
 ParOldGen       total 137216K, used 78306K [0x00000000c0000000, 0x00000000c8600000, 0x00000000eaa80000)
  object space 137216K, 57% used [0x00000000c0000000,0x00000000c4c789d0,0x00000000c8600000)
 PSPermGen       total 21504K, used 6095K [0x00000000bae00000, 0x00000000bc300000, 0x00000000c0000000)
  object space 21504K, 28% used [0x00000000bae00000,0x00000000bb3f3f50,0x00000000bc300000)
Event: 14,433 GC heap after
Heap after GC invocations=12 (full 2):
 PSYoungGen      total 286720K, used 43508K [0x00000000eaa80000, 0x0000000100000000, 0x0000000100000000)
  eden space 243200K, 0% used [0x00000000eaa80000,0x00000000eaa80000,0x00000000f9800000)
  from space 43520K, 99% used [0x00000000fd480000,0x00000000ffefd3f8,0x00000000fff00000)
  to   space 53248K, 0% used [0x00000000f9800000,0x00000000f9800000,0x00000000fcc00000)
 ParOldGen       total 137216K, used 84037K [0x00000000c0000000, 0x00000000c8600000, 0x00000000eaa80000)
  object space 137216K, 61% used [0x00000000c0000000,0x00000000c5211728,0x00000000c8600000)
 PSPermGen       total 21504K, used 6095K [0x00000000bae00000, 0x00000000bc300000, 0x00000000c0000000)
  object space 21504K, 28% used [0x00000000bae00000,0x00000000bb3f3f50,0x00000000bc300000)
}
Event: 15,248 GC heap before
{Heap before GC invocations=13 (full 2):
 PSYoungGen      total 286720K, used 286708K [0x00000000eaa80000, 0x0000000100000000, 0x0000000100000000)
  eden space 243200K, 100% used [0x00000000eaa80000,0x00000000f9800000,0x00000000f9800000)
  from space 43520K, 99% used [0x00000000fd480000,0x00000000ffefd3f8,0x00000000fff00000)
  to   space 53248K, 0% used [0x00000000f9800000,0x00000000f9800000,0x00000000fcc00000)
 ParOldGen       total 137216K, used 84037K [0x00000000c0000000, 0x00000000c8600000, 0x00000000eaa80000)
  object space 137216K, 61% used [0x00000000c0000000,0x00000000c5211728,0x00000000c8600000)
 PSPermGen       total 21504K, used 6121K [0x00000000bae00000, 0x00000000bc300000, 0x00000000c0000000)
  object space 21504K, 28% used [0x00000000bae00000,0x00000000bb3fa450,0x00000000bc300000)
Event: 15,429 GC heap after
Heap after GC invocations=13 (full 2):
 PSYoungGen      total 281600K, used 37932K [0x00000000eaa80000, 0x0000000100000000, 0x0000000100000000)
  eden space 243200K, 0% used [0x00000000eaa80000,0x00000000eaa80000,0x00000000f9800000)
  from space 38400K, 98% used [0x00000000f9800000,0x00000000fbd0b290,0x00000000fbd80000)
  to   space 56832K, 0% used [0x00000000fc880000,0x00000000fc880000,0x0000000100000000)
 ParOldGen       total 137216K, used 125709K [0x00000000c0000000, 0x00000000c8600000, 0x00000000eaa80000)
  object space 137216K, 91% used [0x00000000c0000000,0x00000000c7ac3668,0x00000000c8600000)
 PSPermGen       total 21504K, used 6121K [0x00000000bae00000, 0x00000000bc300000, 0x00000000c0000000)
  object space 21504K, 28% used [0x00000000bae00000,0x00000000bb3fa450,0x00000000bc300000)
}
Event: 15,429 GC heap before
{Heap before GC invocations=14 (full 3):
 PSYoungGen      total 281600K, used 37932K [0x00000000eaa80000, 0x0000000100000000, 0x0000000100000000)
  eden space 243200K, 0% used [0x00000000eaa80000,0x00000000eaa80000,0x00000000f9800000)
  from space 38400K, 98% used [0x00000000f9800000,0x00000000fbd0b290,0x00000000fbd80000)
  to   space 56832K, 0% used [0x00000000fc880000,0x00000000fc880000,0x0000000100000000)
 ParOldGen       total 137216K, used 125709K [0x00000000c0000000, 0x00000000c8600000, 0x00000000eaa80000)
  object space 137216K, 91% used [0x00000000c0000000,0x00000000c7ac3668,0x00000000c8600000)
 PSPermGen       total 21504K, used 6121K [0x00000000bae00000, 0x00000000bc300000, 0x00000000c0000000)
  object space 21504K, 28% used [0x00000000bae00000,0x00000000bb3fa450,0x00000000bc300000)

