# JRE version: Java(TM) SE Runtime Environment (7.0_79-b15) (build 1.7.0_79-b15)
# Java VM: Java HotSpot(TM) 64-Bit Server VM (24.79-b02 mixed mode linux-amd64 compressed oops)
Heap
 PSYoungGen      total 246272K, used 32030K [0x00000000eaa80000, 0x0000000100000000, 0x0000000100000000)
  eden space 209920K, 0% used [0x00000000eaa80000,0x00000000eaa80000,0x00000000f7780000)
  from space 36352K, 88% used [0x00000000fb000000,0x00000000fcf47bf0,0x00000000fd380000)
  to   space 57856K, 0% used [0x00000000f7780000,0x00000000f7780000,0x00000000fb000000)
 ParOldGen       total 87552K, used 87459K [0x00000000c0000000, 0x00000000c5580000, 0x00000000eaa80000)
  object space 87552K, 99% used [0x00000000c0000000,0x00000000c5568f90,0x00000000c5580000)
 PSPermGen       total 21504K, used 6093K [0x00000000bae00000, 0x00000000bc300000, 0x00000000c0000000)
  object space 21504K, 28% used [0x00000000bae00000,0x00000000bb3f3598,0x00000000bc300000)
GC Heap History (10 events):
Event: 9,661 GC heap after
Heap after GC invocations=7 (full 0):
 PSYoungGen      total 142848K, used 17913K [0x00000000eaa80000, 0x00000000fd480000, 0x0000000100000000)
  eden space 124928K, 0% used [0x00000000eaa80000,0x00000000eaa80000,0x00000000f2480000)
  from space 17920K, 99% used [0x00000000f2480000,0x00000000f35fe5f8,0x00000000f3600000)
  to   space 27648K, 0% used [0x00000000fb980000,0x00000000fb980000,0x00000000fd480000)
 ParOldGen       total 40960K, used 33747K [0x00000000c0000000, 0x00000000c2800000, 0x00000000eaa80000)
  object space 40960K, 82% used [0x00000000c0000000,0x00000000c20f4c30,0x00000000c2800000)
 PSPermGen       total 21504K, used 5992K [0x00000000bae00000, 0x00000000bc300000, 0x00000000c0000000)
  object space 21504K, 27% used [0x00000000bae00000,0x00000000bb3da170,0x00000000bc300000)
}
Event: 9,661 GC heap before
{Heap before GC invocations=8 (full 1):
 PSYoungGen      total 142848K, used 17913K [0x00000000eaa80000, 0x00000000fd480000, 0x0000000100000000)
  eden space 124928K, 0% used [0x00000000eaa80000,0x00000000eaa80000,0x00000000f2480000)
  from space 17920K, 99% used [0x00000000f2480000,0x00000000f35fe5f8,0x00000000f3600000)
  to   space 27648K, 0% used [0x00000000fb980000,0x00000000fb980000,0x00000000fd480000)
 ParOldGen       total 40960K, used 33747K [0x00000000c0000000, 0x00000000c2800000, 0x00000000eaa80000)
  object space 40960K, 82% used [0x00000000c0000000,0x00000000c20f4c30,0x00000000c2800000)
 PSPermGen       total 21504K, used 5992K [0x00000000bae00000, 0x00000000bc300000, 0x00000000c0000000)
  object space 21504K, 27% used [0x00000000bae00000,0x00000000bb3da170,0x00000000bc300000)
Event: 10,187 GC heap after
Heap after GC invocations=8 (full 1):
 PSYoungGen      total 142848K, used 4535K [0x00000000eaa80000, 0x00000000fd480000, 0x0000000100000000)
  eden space 124928K, 0% used [0x00000000eaa80000,0x00000000eaa80000,0x00000000f2480000)
  from space 17920K, 25% used [0x00000000f2480000,0x00000000f28edeb0,0x00000000f3600000)
  to   space 27648K, 0% used [0x00000000fb980000,0x00000000fb980000,0x00000000fd480000)
 ParOldGen       total 81920K, used 40559K [0x00000000c0000000, 0x00000000c5000000, 0x00000000eaa80000)
  object space 81920K, 49% used [0x00000000c0000000,0x00000000c279bc68,0x00000000c5000000)
 PSPermGen       total 21504K, used 5988K [0x00000000bae00000, 0x00000000bc300000, 0x00000000c0000000)
  object space 21504K, 27% used [0x00000000bae00000,0x00000000bb3d91a0,0x00000000bc300000)
}
Event: 11,417 GC heap before
{Heap before GC invocations=9 (full 1):
 PSYoungGen      total 142848K, used 129463K [0x00000000eaa80000, 0x00000000fd480000, 0x0000000100000000)
  eden space 124928K, 100% used [0x00000000eaa80000,0x00000000f2480000,0x00000000f2480000)
  from space 17920K, 25% used [0x00000000f2480000,0x00000000f28edeb0,0x00000000f3600000)
  to   space 27648K, 0% used [0x00000000fb980000,0x00000000fb980000,0x00000000fd480000)
 ParOldGen       total 81920K, used 40559K [0x00000000c0000000, 0x00000000c5000000, 0x00000000eaa80000)
  object space 81920K, 49% used [0x00000000c0000000,0x00000000c279bc68,0x00000000c5000000)
 PSPermGen       total 21504K, used 6047K [0x00000000bae00000, 0x00000000bc300000, 0x00000000c0000000)
  object space 21504K, 28% used [0x00000000bae00000,0x00000000bb3e7fc0,0x00000000bc300000)
Event: 11,504 GC heap after
Heap after GC invocations=9 (full 1):
 PSYoungGen      total 192000K, used 19930K [0x00000000eaa80000, 0x00000000fcd00000, 0x0000000100000000)
  eden space 172032K, 0% used [0x00000000eaa80000,0x00000000eaa80000,0x00000000f5280000)
  from space 19968K, 99% used [0x00000000fb980000,0x00000000fccf6a80,0x00000000fcd00000)
  to   space 29696K, 0% used [0x00000000f9300000,0x00000000f9300000,0x00000000fb000000)
 ParOldGen       total 81920K, used 40559K [0x00000000c0000000, 0x00000000c5000000, 0x00000000eaa80000)
  object space 81920K, 49% used [0x00000000c0000000,0x00000000c279bc68,0x00000000c5000000)
 PSPermGen       total 21504K, used 6047K [0x00000000bae00000, 0x00000000bc300000, 0x00000000c0000000)
  object space 21504K, 28% used [0x00000000bae00000,0x00000000bb3e7fc0,0x00000000bc300000)
}
Event: 13,141 GC heap before
{Heap before GC invocations=10 (full 1):
 PSYoungGen      total 192000K, used 191962K [0x00000000eaa80000, 0x00000000fcd00000, 0x0000000100000000)
  eden space 172032K, 100% used [0x00000000eaa80000,0x00000000f5280000,0x00000000f5280000)
  from space 19968K, 99% used [0x00000000fb980000,0x00000000fccf6a80,0x00000000fcd00000)
  to   space 29696K, 0% used [0x00000000f9300000,0x00000000f9300000,0x00000000fb000000)
 ParOldGen       total 81920K, used 40559K [0x00000000c0000000, 0x00000000c5000000, 0x00000000eaa80000)
  object space 81920K, 49% used [0x00000000c0000000,0x00000000c279bc68,0x00000000c5000000)
 PSPermGen       total 21504K, used 6078K [0x00000000bae00000, 0x00000000bc300000, 0x00000000c0000000)
  object space 21504K, 28% used [0x00000000bae00000,0x00000000bb3ef848,0x00000000bc300000)
Event: 13,295 GC heap after
Heap after GC invocations=10 (full 1):
 PSYoungGen      total 249856K, used 29680K [0x00000000eaa80000, 0x00000000fd380000, 0x0000000100000000)
  eden space 220160K, 0% used [0x00000000eaa80000,0x00000000eaa80000,0x00000000f8180000)
  from space 29696K, 99% used [0x00000000f9300000,0x00000000faffc248,0x00000000fb000000)
  to   space 36352K, 0% used [0x00000000fb000000,0x00000000fb000000,0x00000000fd380000)
 ParOldGen       total 81920K, used 58093K [0x00000000c0000000, 0x00000000c5000000, 0x00000000eaa80000)
  object space 81920K, 70% used [0x00000000c0000000,0x00000000c38bb418,0x00000000c5000000)
 PSPermGen       total 21504K, used 6078K [0x00000000bae00000, 0x00000000bc300000, 0x00000000c0000000)
  object space 21504K, 28% used [0x00000000bae00000,0x00000000bb3ef848,0x00000000bc300000)
}
Event: 14,853 GC heap before
{Heap before GC invocations=11 (full 1):
 PSYoungGen      total 249856K, used 249840K [0x00000000eaa80000, 0x00000000fd380000, 0x0000000100000000)
  eden space 220160K, 100% used [0x00000000eaa80000,0x00000000f8180000,0x00000000f8180000)
  from space 29696K, 99% used [0x00000000f9300000,0x00000000faffc248,0x00000000fb000000)
  to   space 36352K, 0% used [0x00000000fb000000,0x00000000fb000000,0x00000000fd380000)
 ParOldGen       total 81920K, used 58093K [0x00000000c0000000, 0x00000000c5000000, 0x00000000eaa80000)
  object space 81920K, 70% used [0x00000000c0000000,0x00000000c38bb418,0x00000000c5000000)
 PSPermGen       total 21504K, used 6094K [0x00000000bae00000, 0x00000000bc300000, 0x00000000c0000000)
  object space 21504K, 28% used [0x00000000bae00000,0x00000000bb3f3a58,0x00000000bc300000)
Event: 15,015 GC heap after
Heap after GC invocations=11 (full 1):
 PSYoungGen      total 246272K, used 36343K [0x00000000eaa80000, 0x0000000100000000, 0x0000000100000000)
  eden space 209920K, 0% used [0x00000000eaa80000,0x00000000eaa80000,0x00000000f7780000)
  from space 36352K, 99% used [0x00000000fb000000,0x00000000fd37dfe8,0x00000000fd380000)
  to   space 57856K, 0% used [0x00000000f7780000,0x00000000f7780000,0x00000000fb000000)
 ParOldGen       total 87552K, used 87077K [0x00000000c0000000, 0x00000000c5580000, 0x00000000eaa80000)
  object space 87552K, 99% used [0x00000000c0000000,0x00000000c5509760,0x00000000c5580000)
 PSPermGen       total 21504K, used 6094K [0x00000000bae00000, 0x00000000bc300000, 0x00000000c0000000)
  object space 21504K, 28% used [0x00000000bae00000,0x00000000bb3f3a58,0x00000000bc300000)
}
Event: 15,080 GC heap before
{Heap before GC invocations=12 (full 2):
 PSYoungGen      total 246272K, used 36343K [0x00000000eaa80000, 0x0000000100000000, 0x0000000100000000)
  eden space 209920K, 0% used [0x00000000eaa80000,0x00000000eaa80000,0x00000000f7780000)
  from space 36352K, 99% used [0x00000000fb000000,0x00000000fd37dfe8,0x00000000fd380000)
  to   space 57856K, 0% used [0x00000000f7780000,0x00000000f7780000,0x00000000fb000000)
 ParOldGen       total 87552K, used 87077K [0x00000000c0000000, 0x00000000c5580000, 0x00000000eaa80000)
  object space 87552K, 99% used [0x00000000c0000000,0x00000000c5509760,0x00000000c5580000)
 PSPermGen       total 21504K, used 6094K [0x00000000bae00000, 0x00000000bc300000, 0x00000000c0000000)
  object space 21504K, 28% used [0x00000000bae00000,0x00000000bb3f3a58,0x00000000bc300000)

