# JRE version: Java(TM) SE Runtime Environment (7.0_79-b15) (build 1.7.0_79-b15)
# Java VM: Java HotSpot(TM) 64-Bit Server VM (24.79-b02 mixed mode linux-amd64 compressed oops)
Heap
 PSYoungGen      total 269824K, used 41524K [0x00000000eaa80000, 0x0000000100000000, 0x0000000100000000)
  eden space 204288K, 0% used [0x00000000eaa80000,0x00000000eaa80000,0x00000000f7200000)
  from space 65536K, 63% used [0x00000000fc000000,0x00000000fe88d328,0x0000000100000000)
  to   space 72704K, 0% used [0x00000000f7200000,0x00000000f7200000,0x00000000fb900000)
 ParOldGen       total 141312K, used 141008K [0x00000000c0000000, 0x00000000c8a00000, 0x00000000eaa80000)
  object space 141312K, 99% used [0x00000000c0000000,0x00000000c89b4160,0x00000000c8a00000)
 PSPermGen       total 21504K, used 6279K [0x00000000bae00000, 0x00000000bc300000, 0x00000000c0000000)
  object space 21504K, 29% used [0x00000000bae00000,0x00000000bb421f00,0x00000000bc300000)
GC Heap History (10 events):
Event: 12,137 GC heap after
Heap after GC invocations=12 (full 1):
 PSYoungGen      total 221184K, used 29767K [0x00000000eaa80000, 0x00000000fdc00000, 0x0000000100000000)
  eden space 183296K, 0% used [0x00000000eaa80000,0x00000000eaa80000,0x00000000f5d80000)
  from space 37888K, 78% used [0x00000000f5d80000,0x00000000f7a91eb0,0x00000000f8280000)
  to   space 41472K, 0% used [0x00000000fb380000,0x00000000fb380000,0x00000000fdc00000)
 ParOldGen       total 78848K, used 62829K [0x00000000c0000000, 0x00000000c4d00000, 0x00000000eaa80000)
  object space 78848K, 79% used [0x00000000c0000000,0x00000000c3d5b680,0x00000000c4d00000)
 PSPermGen       total 21504K, used 6078K [0x00000000bae00000, 0x00000000bc300000, 0x00000000c0000000)
  object space 21504K, 28% used [0x00000000bae00000,0x00000000bb3ef8d0,0x00000000bc300000)
}
Event: 12,137 GC heap before
{Heap before GC invocations=13 (full 2):
 PSYoungGen      total 221184K, used 29767K [0x00000000eaa80000, 0x00000000fdc00000, 0x0000000100000000)
  eden space 183296K, 0% used [0x00000000eaa80000,0x00000000eaa80000,0x00000000f5d80000)
  from space 37888K, 78% used [0x00000000f5d80000,0x00000000f7a91eb0,0x00000000f8280000)
  to   space 41472K, 0% used [0x00000000fb380000,0x00000000fb380000,0x00000000fdc00000)
 ParOldGen       total 78848K, used 62829K [0x00000000c0000000, 0x00000000c4d00000, 0x00000000eaa80000)
  object space 78848K, 79% used [0x00000000c0000000,0x00000000c3d5b680,0x00000000c4d00000)
 PSPermGen       total 21504K, used 6078K [0x00000000bae00000, 0x00000000bc300000, 0x00000000c0000000)
  object space 21504K, 28% used [0x00000000bae00000,0x00000000bb3ef8d0,0x00000000bc300000)
Event: 12,723 GC heap after
Heap after GC invocations=13 (full 2):
 PSYoungGen      total 221184K, used 12209K [0x00000000eaa80000, 0x00000000fdc00000, 0x0000000100000000)
  eden space 183296K, 0% used [0x00000000eaa80000,0x00000000eaa80000,0x00000000f5d80000)
  from space 37888K, 32% used [0x00000000f5d80000,0x00000000f696c7c8,0x00000000f8280000)
  to   space 41472K, 0% used [0x00000000fb380000,0x00000000fb380000,0x00000000fdc00000)
 ParOldGen       total 141312K, used 78631K [0x00000000c0000000, 0x00000000c8a00000, 0x00000000eaa80000)
  object space 141312K, 55% used [0x00000000c0000000,0x00000000c4cc9f70,0x00000000c8a00000)
 PSPermGen       total 21504K, used 6077K [0x00000000bae00000, 0x00000000bc300000, 0x00000000c0000000)
  object space 21504K, 28% used [0x00000000bae00000,0x00000000bb3ef7d0,0x00000000bc300000)
}
Event: 13,853 GC heap before
{Heap before GC invocations=14 (full 2):
 PSYoungGen      total 221184K, used 195505K [0x00000000eaa80000, 0x00000000fdc00000, 0x0000000100000000)
  eden space 183296K, 100% used [0x00000000eaa80000,0x00000000f5d80000,0x00000000f5d80000)
  from space 37888K, 32% used [0x00000000f5d80000,0x00000000f696c7c8,0x00000000f8280000)
  to   space 41472K, 0% used [0x00000000fb380000,0x00000000fb380000,0x00000000fdc00000)
 ParOldGen       total 141312K, used 78631K [0x00000000c0000000, 0x00000000c8a00000, 0x00000000eaa80000)
  object space 141312K, 55% used [0x00000000c0000000,0x00000000c4cc9f70,0x00000000c8a00000)
 PSPermGen       total 21504K, used 6090K [0x00000000bae00000, 0x00000000bc300000, 0x00000000c0000000)
  object space 21504K, 28% used [0x00000000bae00000,0x00000000bb3f2be8,0x00000000bc300000)
Event: 14,055 GC heap after
Heap after GC invocations=14 (full 2):
 PSYoungGen      total 258048K, used 40222K [0x00000000eaa80000, 0x00000000fdc00000, 0x0000000100000000)
  eden space 216576K, 0% used [0x00000000eaa80000,0x00000000eaa80000,0x00000000f7e00000)
  from space 41472K, 96% used [0x00000000fb380000,0x00000000fdac7a40,0x00000000fdc00000)
  to   space 48128K, 0% used [0x00000000f7e00000,0x00000000f7e00000,0x00000000fad00000)
 ParOldGen       total 141312K, used 78631K [0x00000000c0000000, 0x00000000c8a00000, 0x00000000eaa80000)
  object space 141312K, 55% used [0x00000000c0000000,0x00000000c4cc9f70,0x00000000c8a00000)
 PSPermGen       total 21504K, used 6090K [0x00000000bae00000, 0x00000000bc300000, 0x00000000c0000000)
  object space 21504K, 28% used [0x00000000bae00000,0x00000000bb3f2be8,0x00000000bc300000)
}
Event: 14,907 GC heap before
{Heap before GC invocations=15 (full 2):
 PSYoungGen      total 258048K, used 256657K [0x00000000eaa80000, 0x00000000fdc00000, 0x0000000100000000)
  eden space 216576K, 99% used [0x00000000eaa80000,0x00000000f7ddcce0,0x00000000f7e00000)
  from space 41472K, 96% used [0x00000000fb380000,0x00000000fdac7a40,0x00000000fdc00000)
  to   space 48128K, 0% used [0x00000000f7e00000,0x00000000f7e00000,0x00000000fad00000)
 ParOldGen       total 141312K, used 78631K [0x00000000c0000000, 0x00000000c8a00000, 0x00000000eaa80000)
  object space 141312K, 55% used [0x00000000c0000000,0x00000000c4cc9f70,0x00000000c8a00000)
 PSPermGen       total 21504K, used 6106K [0x00000000bae00000, 0x00000000bc300000, 0x00000000c0000000)
  object space 21504K, 28% used [0x00000000bae00000,0x00000000bb3f69f0,0x00000000bc300000)
Event: 15,073 GC heap after
Heap after GC invocations=15 (full 2):
 PSYoungGen      total 264704K, used 48126K [0x00000000eaa80000, 0x0000000100000000, 0x0000000100000000)
  eden space 216576K, 0% used [0x00000000eaa80000,0x00000000eaa80000,0x00000000f7e00000)
  from space 48128K, 99% used [0x00000000f7e00000,0x00000000facff980,0x00000000fad00000)
  to   space 65536K, 0% used [0x00000000fc000000,0x00000000fc000000,0x0000000100000000)
 ParOldGen       total 141312K, used 103113K [0x00000000c0000000, 0x00000000c8a00000, 0x00000000eaa80000)
  object space 141312K, 72% used [0x00000000c0000000,0x00000000c64b2598,0x00000000c8a00000)
 PSPermGen       total 21504K, used 6106K [0x00000000bae00000, 0x00000000bc300000, 0x00000000c0000000)
  object space 21504K, 28% used [0x00000000bae00000,0x00000000bb3f69f0,0x00000000bc300000)
}
Event: 18,115 GC heap before
{Heap before GC invocations=16 (full 2):
 PSYoungGen      total 264704K, used 264702K [0x00000000eaa80000, 0x0000000100000000, 0x0000000100000000)
  eden space 216576K, 100% used [0x00000000eaa80000,0x00000000f7e00000,0x00000000f7e00000)
  from space 48128K, 99% used [0x00000000f7e00000,0x00000000facff980,0x00000000fad00000)
  to   space 65536K, 0% used [0x00000000fc000000,0x00000000fc000000,0x0000000100000000)
 ParOldGen       total 141312K, used 103113K [0x00000000c0000000, 0x00000000c8a00000, 0x00000000eaa80000)
  object space 141312K, 72% used [0x00000000c0000000,0x00000000c64b2598,0x00000000c8a00000)
 PSPermGen       total 21504K, used 6280K [0x00000000bae00000, 0x00000000bc300000, 0x00000000c0000000)
  object space 21504K, 29% used [0x00000000bae00000,0x00000000bb4222f0,0x00000000bc300000)
Event: 18,290 GC heap after
Heap after GC invocations=16 (full 2):
 PSYoungGen      total 269824K, used 54270K [0x00000000eaa80000, 0x0000000100000000, 0x0000000100000000)
  eden space 204288K, 0% used [0x00000000eaa80000,0x00000000eaa80000,0x00000000f7200000)
  from space 65536K, 82% used [0x00000000fc000000,0x00000000ff4ff820,0x0000000100000000)
  to   space 72704K, 0% used [0x00000000f7200000,0x00000000f7200000,0x00000000fb900000)
 ParOldGen       total 141312K, used 133200K [0x00000000c0000000, 0x00000000c8a00000, 0x00000000eaa80000)
  object space 141312K, 94% used [0x00000000c0000000,0x00000000c8214178,0x00000000c8a00000)
 PSPermGen       total 21504K, used 6280K [0x00000000bae00000, 0x00000000bc300000, 0x00000000c0000000)
  object space 21504K, 29% used [0x00000000bae00000,0x00000000bb4222f0,0x00000000bc300000)
}
Event: 18,418 GC heap before
{Heap before GC invocations=17 (full 3):
 PSYoungGen      total 269824K, used 54270K [0x00000000eaa80000, 0x0000000100000000, 0x0000000100000000)
  eden space 204288K, 0% used [0x00000000eaa80000,0x00000000eaa80000,0x00000000f7200000)
  from space 65536K, 82% used [0x00000000fc000000,0x00000000ff4ff820,0x0000000100000000)
  to   space 72704K, 0% used [0x00000000f7200000,0x00000000f7200000,0x00000000fb900000)
 ParOldGen       total 141312K, used 133200K [0x00000000c0000000, 0x00000000c8a00000, 0x00000000eaa80000)
  object space 141312K, 94% used [0x00000000c0000000,0x00000000c8214178,0x00000000c8a00000)
 PSPermGen       total 21504K, used 6280K [0x00000000bae00000, 0x00000000bc300000, 0x00000000c0000000)
  object space 21504K, 29% used [0x00000000bae00000,0x00000000bb4222f0,0x00000000bc300000)

