# JRE version: Java(TM) SE Runtime Environment (7.0_79-b15) (build 1.7.0_79-b15)
# Java VM: Java HotSpot(TM) 64-Bit Server VM (24.79-b02 mixed mode linux-amd64 compressed oops)
Heap
 PSYoungGen      total 256512K, used 18691K [0x00000000eaa80000, 0x0000000100000000, 0x0000000100000000)
  eden space 182784K, 0% used [0x00000000eaa80000,0x00000000eaa80000,0x00000000f5d00000)
  from space 73728K, 25% used [0x00000000fb800000,0x00000000fca40e48,0x0000000100000000)
  to   space 83456K, 0% used [0x00000000f5d00000,0x00000000f5d00000,0x00000000fae80000)
 ParOldGen       total 147968K, used 147860K [0x00000000c0000000, 0x00000000c9080000, 0x00000000eaa80000)
  object space 147968K, 99% used [0x00000000c0000000,0x00000000c9065360,0x00000000c9080000)
 PSPermGen       total 21504K, used 6359K [0x00000000bae00000, 0x00000000bc300000, 0x00000000c0000000)
  object space 21504K, 29% used [0x00000000bae00000,0x00000000bb435f98,0x00000000bc300000)
GC Heap History (10 events):
Event: 11,242 GC heap after
Heap after GC invocations=10 (full 1):
 PSYoungGen      total 257024K, used 29182K [0x00000000eaa80000, 0x00000000fdb00000, 0x0000000100000000)
  eden space 227840K, 0% used [0x00000000eaa80000,0x00000000eaa80000,0x00000000f8900000)
  from space 29184K, 99% used [0x00000000f9400000,0x00000000fb07f9d0,0x00000000fb080000)
  to   space 41984K, 0% used [0x00000000fb200000,0x00000000fb200000,0x00000000fdb00000)
 ParOldGen       total 80384K, used 58965K [0x00000000c0000000, 0x00000000c4e80000, 0x00000000eaa80000)
  object space 80384K, 73% used [0x00000000c0000000,0x00000000c3995718,0x00000000c4e80000)
 PSPermGen       total 21504K, used 6083K [0x00000000bae00000, 0x00000000bc300000, 0x00000000c0000000)
  object space 21504K, 28% used [0x00000000bae00000,0x00000000bb3f0c48,0x00000000bc300000)
}
Event: 12,670 GC heap before
{Heap before GC invocations=11 (full 1):
 PSYoungGen      total 257024K, used 257022K [0x00000000eaa80000, 0x00000000fdb00000, 0x0000000100000000)
  eden space 227840K, 100% used [0x00000000eaa80000,0x00000000f8900000,0x00000000f8900000)
  from space 29184K, 99% used [0x00000000f9400000,0x00000000fb07f9d0,0x00000000fb080000)
  to   space 41984K, 0% used [0x00000000fb200000,0x00000000fb200000,0x00000000fdb00000)
 ParOldGen       total 80384K, used 58965K [0x00000000c0000000, 0x00000000c4e80000, 0x00000000eaa80000)
  object space 80384K, 73% used [0x00000000c0000000,0x00000000c3995718,0x00000000c4e80000)
 PSPermGen       total 21504K, used 6097K [0x00000000bae00000, 0x00000000bc300000, 0x00000000c0000000)
  object space 21504K, 28% used [0x00000000bae00000,0x00000000bb3f4448,0x00000000bc300000)
Event: 12,821 GC heap after
Heap after GC invocations=11 (full 1):
 PSYoungGen      total 253952K, used 41959K [0x00000000eaa80000, 0x0000000100000000, 0x0000000100000000)
  eden space 211968K, 0% used [0x00000000eaa80000,0x00000000eaa80000,0x00000000f7980000)
  from space 41984K, 99% used [0x00000000fb200000,0x00000000fdaf9f68,0x00000000fdb00000)
  to   space 57856K, 0% used [0x00000000f7980000,0x00000000f7980000,0x00000000fb200000)
 ParOldGen       total 81920K, used 81715K [0x00000000c0000000, 0x00000000c5000000, 0x00000000eaa80000)
  object space 81920K, 99% used [0x00000000c0000000,0x00000000c4fccdc8,0x00000000c5000000)
 PSPermGen       total 21504K, used 6097K [0x00000000bae00000, 0x00000000bc300000, 0x00000000c0000000)
  object space 21504K, 28% used [0x00000000bae00000,0x00000000bb3f4448,0x00000000bc300000)
}
Event: 12,821 GC heap before
{Heap before GC invocations=12 (full 2):
 PSYoungGen      total 253952K, used 41959K [0x00000000eaa80000, 0x0000000100000000, 0x0000000100000000)
  eden space 211968K, 0% used [0x00000000eaa80000,0x00000000eaa80000,0x00000000f7980000)
  from space 41984K, 99% used [0x00000000fb200000,0x00000000fdaf9f68,0x00000000fdb00000)
  to   space 57856K, 0% used [0x00000000f7980000,0x00000000f7980000,0x00000000fb200000)
 ParOldGen       total 81920K, used 81715K [0x00000000c0000000, 0x00000000c5000000, 0x00000000eaa80000)
  object space 81920K, 99% used [0x00000000c0000000,0x00000000c4fccdc8,0x00000000c5000000)
 PSPermGen       total 21504K, used 6097K [0x00000000bae00000, 0x00000000bc300000, 0x00000000c0000000)
  object space 21504K, 28% used [0x00000000bae00000,0x00000000bb3f4448,0x00000000bc300000)
Event: 13,779 GC heap after
Heap after GC invocations=12 (full 2):
 PSYoungGen      total 253952K, used 38697K [0x00000000eaa80000, 0x0000000100000000, 0x0000000100000000)
  eden space 211968K, 0% used [0x00000000eaa80000,0x00000000eaa80000,0x00000000f7980000)
  from space 41984K, 92% used [0x00000000fb200000,0x00000000fd7ca600,0x00000000fdb00000)
  to   space 57856K, 0% used [0x00000000f7980000,0x00000000f7980000,0x00000000fb200000)
 ParOldGen       total 147968K, used 81629K [0x00000000c0000000, 0x00000000c9080000, 0x00000000eaa80000)
  object space 147968K, 55% used [0x00000000c0000000,0x00000000c4fb7750,0x00000000c9080000)
 PSPermGen       total 21504K, used 6095K [0x00000000bae00000, 0x00000000bc300000, 0x00000000c0000000)
  object space 21504K, 28% used [0x00000000bae00000,0x00000000bb3f3ee8,0x00000000bc300000)
}
Event: 14,519 GC heap before
{Heap before GC invocations=13 (full 2):
 PSYoungGen      total 253952K, used 250665K [0x00000000eaa80000, 0x0000000100000000, 0x0000000100000000)
  eden space 211968K, 100% used [0x00000000eaa80000,0x00000000f7980000,0x00000000f7980000)
  from space 41984K, 92% used [0x00000000fb200000,0x00000000fd7ca600,0x00000000fdb00000)
  to   space 57856K, 0% used [0x00000000f7980000,0x00000000f7980000,0x00000000fb200000)
 ParOldGen       total 147968K, used 81629K [0x00000000c0000000, 0x00000000c9080000, 0x00000000eaa80000)
  object space 147968K, 55% used [0x00000000c0000000,0x00000000c4fb7750,0x00000000c9080000)
 PSPermGen       total 21504K, used 6119K [0x00000000bae00000, 0x00000000bc300000, 0x00000000c0000000)
  object space 21504K, 28% used [0x00000000bae00000,0x00000000bb3f9d30,0x00000000bc300000)
Event: 14,696 GC heap after
Heap after GC invocations=13 (full 2):
 PSYoungGen      total 269824K, used 57845K [0x00000000eaa80000, 0x0000000100000000, 0x0000000100000000)
  eden space 211968K, 0% used [0x00000000eaa80000,0x00000000eaa80000,0x00000000f7980000)
  from space 57856K, 99% used [0x00000000f7980000,0x00000000fb1fd4e0,0x00000000fb200000)
  to   space 73728K, 0% used [0x00000000fb800000,0x00000000fb800000,0x0000000100000000)
 ParOldGen       total 147968K, used 97416K [0x00000000c0000000, 0x00000000c9080000, 0x00000000eaa80000)
  object space 147968K, 65% used [0x00000000c0000000,0x00000000c5f22008,0x00000000c9080000)
 PSPermGen       total 21504K, used 6119K [0x00000000bae00000, 0x00000000bc300000, 0x00000000c0000000)
  object space 21504K, 28% used [0x00000000bae00000,0x00000000bb3f9d30,0x00000000bc300000)
}
Event: 18,147 GC heap before
{Heap before GC invocations=14 (full 2):
 PSYoungGen      total 269824K, used 269813K [0x00000000eaa80000, 0x0000000100000000, 0x0000000100000000)
  eden space 211968K, 100% used [0x00000000eaa80000,0x00000000f7980000,0x00000000f7980000)
  from space 57856K, 99% used [0x00000000f7980000,0x00000000fb1fd4e0,0x00000000fb200000)
  to   space 73728K, 0% used [0x00000000fb800000,0x00000000fb800000,0x0000000100000000)
 ParOldGen       total 147968K, used 97416K [0x00000000c0000000, 0x00000000c9080000, 0x00000000eaa80000)
  object space 147968K, 65% used [0x00000000c0000000,0x00000000c5f22008,0x00000000c9080000)
 PSPermGen       total 21504K, used 6360K [0x00000000bae00000, 0x00000000bc300000, 0x00000000c0000000)
  object space 21504K, 29% used [0x00000000bae00000,0x00000000bb436348,0x00000000bc300000)
Event: 18,338 GC heap after
Heap after GC invocations=14 (full 2):
 PSYoungGen      total 256512K, used 64560K [0x00000000eaa80000, 0x0000000100000000, 0x0000000100000000)
  eden space 182784K, 0% used [0x00000000eaa80000,0x00000000eaa80000,0x00000000f5d00000)
  from space 73728K, 87% used [0x00000000fb800000,0x00000000ff70c370,0x0000000100000000)
  to   space 83456K, 0% used [0x00000000f5d00000,0x00000000f5d00000,0x00000000fae80000)
 ParOldGen       total 147968K, used 124031K [0x00000000c0000000, 0x00000000c9080000, 0x00000000eaa80000)
  object space 147968K, 83% used [0x00000000c0000000,0x00000000c791fd20,0x00000000c9080000)
 PSPermGen       total 21504K, used 6360K [0x00000000bae00000, 0x00000000bc300000, 0x00000000c0000000)
  object space 21504K, 29% used [0x00000000bae00000,0x00000000bb436348,0x00000000bc300000)
}
Event: 18,338 GC heap before
{Heap before GC invocations=15 (full 3):
 PSYoungGen      total 256512K, used 64560K [0x00000000eaa80000, 0x0000000100000000, 0x0000000100000000)
  eden space 182784K, 0% used [0x00000000eaa80000,0x00000000eaa80000,0x00000000f5d00000)
  from space 73728K, 87% used [0x00000000fb800000,0x00000000ff70c370,0x0000000100000000)
  to   space 83456K, 0% used [0x00000000f5d00000,0x00000000f5d00000,0x00000000fae80000)
 ParOldGen       total 147968K, used 124031K [0x00000000c0000000, 0x00000000c9080000, 0x00000000eaa80000)
  object space 147968K, 83% used [0x00000000c0000000,0x00000000c791fd20,0x00000000c9080000)
 PSPermGen       total 21504K, used 6360K [0x00000000bae00000, 0x00000000bc300000, 0x00000000c0000000)
  object space 21504K, 29% used [0x00000000bae00000,0x00000000bb436348,0x00000000bc300000)

