# JRE version: Java(TM) SE Runtime Environment (7.0_79-b15) (build 1.7.0_79-b15)
# Java VM: Java HotSpot(TM) 64-Bit Server VM (24.79-b02 mixed mode linux-amd64 compressed oops)
Heap
 PSYoungGen      total 286720K, used 22998K [0x00000000eaa80000, 0x0000000100000000, 0x0000000100000000)
  eden space 228864K, 0% used [0x00000000eaa80000,0x00000000eaa80000,0x00000000f8a00000)
  from space 57856K, 39% used [0x00000000fc780000,0x00000000fddf5b10,0x0000000100000000)
  to   space 60416K, 0% used [0x00000000f8a00000,0x00000000f8a00000,0x00000000fc500000)
 ParOldGen       total 150016K, used 149695K [0x00000000c0000000, 0x00000000c9280000, 0x00000000eaa80000)
  object space 150016K, 99% used [0x00000000c0000000,0x00000000c922fe50,0x00000000c9280000)
 PSPermGen       total 21504K, used 6348K [0x00000000bae00000, 0x00000000bc300000, 0x00000000c0000000)
  object space 21504K, 29% used [0x00000000bae00000,0x00000000bb433380,0x00000000bc300000)
GC Heap History (10 events):
Event: 12,400 GC heap after
Heap after GC invocations=12 (full 1):
 PSYoungGen      total 219648K, used 29789K [0x00000000eaa80000, 0x00000000fe080000, 0x0000000100000000)
  eden space 182272K, 0% used [0x00000000eaa80000,0x00000000eaa80000,0x00000000f5c80000)
  from space 37376K, 79% used [0x00000000f5c80000,0x00000000f79974d8,0x00000000f8100000)
  to   space 40960K, 0% used [0x00000000fb880000,0x00000000fb880000,0x00000000fe080000)
 ParOldGen       total 77312K, used 61569K [0x00000000c0000000, 0x00000000c4b80000, 0x00000000eaa80000)
  object space 77312K, 79% used [0x00000000c0000000,0x00000000c3c204e0,0x00000000c4b80000)
 PSPermGen       total 21504K, used 6083K [0x00000000bae00000, 0x00000000bc300000, 0x00000000c0000000)
  object space 21504K, 28% used [0x00000000bae00000,0x00000000bb3f0fb8,0x00000000bc300000)
}
Event: 12,400 GC heap before
{Heap before GC invocations=13 (full 2):
 PSYoungGen      total 219648K, used 29789K [0x00000000eaa80000, 0x00000000fe080000, 0x0000000100000000)
  eden space 182272K, 0% used [0x00000000eaa80000,0x00000000eaa80000,0x00000000f5c80000)
  from space 37376K, 79% used [0x00000000f5c80000,0x00000000f79974d8,0x00000000f8100000)
  to   space 40960K, 0% used [0x00000000fb880000,0x00000000fb880000,0x00000000fe080000)
 ParOldGen       total 77312K, used 61569K [0x00000000c0000000, 0x00000000c4b80000, 0x00000000eaa80000)
  object space 77312K, 79% used [0x00000000c0000000,0x00000000c3c204e0,0x00000000c4b80000)
 PSPermGen       total 21504K, used 6083K [0x00000000bae00000, 0x00000000bc300000, 0x00000000c0000000)
  object space 21504K, 28% used [0x00000000bae00000,0x00000000bb3f0fb8,0x00000000bc300000)
Event: 13,010 GC heap after
Heap after GC invocations=13 (full 2):
 PSYoungGen      total 219648K, used 12680K [0x00000000eaa80000, 0x00000000fe080000, 0x0000000100000000)
  eden space 182272K, 0% used [0x00000000eaa80000,0x00000000eaa80000,0x00000000f5c80000)
  from space 37376K, 33% used [0x00000000f5c80000,0x00000000f68e22a0,0x00000000f8100000)
  to   space 40960K, 0% used [0x00000000fb880000,0x00000000fb880000,0x00000000fe080000)
 ParOldGen       total 138240K, used 77239K [0x00000000c0000000, 0x00000000c8700000, 0x00000000eaa80000)
  object space 138240K, 55% used [0x00000000c0000000,0x00000000c4b6df78,0x00000000c8700000)
 PSPermGen       total 21504K, used 6083K [0x00000000bae00000, 0x00000000bc300000, 0x00000000c0000000)
  object space 21504K, 28% used [0x00000000bae00000,0x00000000bb3f0d38,0x00000000bc300000)
}
Event: 14,144 GC heap before
{Heap before GC invocations=14 (full 2):
 PSYoungGen      total 219648K, used 194952K [0x00000000eaa80000, 0x00000000fe080000, 0x0000000100000000)
  eden space 182272K, 100% used [0x00000000eaa80000,0x00000000f5c80000,0x00000000f5c80000)
  from space 37376K, 33% used [0x00000000f5c80000,0x00000000f68e22a0,0x00000000f8100000)
  to   space 40960K, 0% used [0x00000000fb880000,0x00000000fb880000,0x00000000fe080000)
 ParOldGen       total 138240K, used 77239K [0x00000000c0000000, 0x00000000c8700000, 0x00000000eaa80000)
  object space 138240K, 55% used [0x00000000c0000000,0x00000000c4b6df78,0x00000000c8700000)
 PSPermGen       total 21504K, used 6092K [0x00000000bae00000, 0x00000000bc300000, 0x00000000c0000000)
  object space 21504K, 28% used [0x00000000bae00000,0x00000000bb3f30b8,0x00000000bc300000)
Event: 14,255 GC heap after
Heap after GC invocations=14 (full 2):
 PSYoungGen      total 241664K, used 29932K [0x00000000eaa80000, 0x00000000fd600000, 0x0000000100000000)
  eden space 211456K, 0% used [0x00000000eaa80000,0x00000000eaa80000,0x00000000f7900000)
  from space 30208K, 99% used [0x00000000fb880000,0x00000000fd5bb368,0x00000000fd600000)
  to   space 44032K, 0% used [0x00000000f8000000,0x00000000f8000000,0x00000000fab00000)
 ParOldGen       total 138240K, used 88703K [0x00000000c0000000, 0x00000000c8700000, 0x00000000eaa80000)
  object space 138240K, 64% used [0x00000000c0000000,0x00000000c569fc40,0x00000000c8700000)
 PSPermGen       total 21504K, used 6092K [0x00000000bae00000, 0x00000000bc300000, 0x00000000c0000000)
  object space 21504K, 28% used [0x00000000bae00000,0x00000000bb3f30b8,0x00000000bc300000)
}
Event: 15,262 GC heap before
{Heap before GC invocations=15 (full 2):
 PSYoungGen      total 241664K, used 241388K [0x00000000eaa80000, 0x00000000fd600000, 0x0000000100000000)
  eden space 211456K, 100% used [0x00000000eaa80000,0x00000000f7900000,0x00000000f7900000)
  from space 30208K, 99% used [0x00000000fb880000,0x00000000fd5bb368,0x00000000fd600000)
  to   space 44032K, 0% used [0x00000000f8000000,0x00000000f8000000,0x00000000fab00000)
 ParOldGen       total 138240K, used 88703K [0x00000000c0000000, 0x00000000c8700000, 0x00000000eaa80000)
  object space 138240K, 64% used [0x00000000c0000000,0x00000000c569fc40,0x00000000c8700000)
 PSPermGen       total 21504K, used 6110K [0x00000000bae00000, 0x00000000bc300000, 0x00000000c0000000)
  object space 21504K, 28% used [0x00000000bae00000,0x00000000bb3f7b38,0x00000000bc300000)
Event: 15,416 GC heap after
Heap after GC invocations=15 (full 2):
 PSYoungGen      total 262656K, used 44006K [0x00000000eaa80000, 0x0000000100000000, 0x0000000100000000)
  eden space 218624K, 0% used [0x00000000eaa80000,0x00000000eaa80000,0x00000000f8000000)
  from space 44032K, 99% used [0x00000000f8000000,0x00000000faaf9b98,0x00000000fab00000)
  to   space 57856K, 0% used [0x00000000fc780000,0x00000000fc780000,0x0000000100000000)
 ParOldGen       total 138240K, used 105682K [0x00000000c0000000, 0x00000000c8700000, 0x00000000eaa80000)
  object space 138240K, 76% used [0x00000000c0000000,0x00000000c6734a90,0x00000000c8700000)
 PSPermGen       total 21504K, used 6110K [0x00000000bae00000, 0x00000000bc300000, 0x00000000c0000000)
  object space 21504K, 28% used [0x00000000bae00000,0x00000000bb3f7b38,0x00000000bc300000)
}
Event: 18,303 GC heap before
{Heap before GC invocations=16 (full 2):
 PSYoungGen      total 262656K, used 262630K [0x00000000eaa80000, 0x0000000100000000, 0x0000000100000000)
  eden space 218624K, 100% used [0x00000000eaa80000,0x00000000f8000000,0x00000000f8000000)
  from space 44032K, 99% used [0x00000000f8000000,0x00000000faaf9b98,0x00000000fab00000)
  to   space 57856K, 0% used [0x00000000fc780000,0x00000000fc780000,0x0000000100000000)
 ParOldGen       total 138240K, used 105682K [0x00000000c0000000, 0x00000000c8700000, 0x00000000eaa80000)
  object space 138240K, 76% used [0x00000000c0000000,0x00000000c6734a90,0x00000000c8700000)
 PSPermGen       total 21504K, used 6350K [0x00000000bae00000, 0x00000000bc300000, 0x00000000c0000000)
  object space 21504K, 29% used [0x00000000bae00000,0x00000000bb433810,0x00000000bc300000)
Event: 18,515 GC heap after
Heap after GC invocations=16 (full 2):
 PSYoungGen      total 286720K, used 37901K [0x00000000eaa80000, 0x0000000100000000, 0x0000000100000000)
  eden space 228864K, 0% used [0x00000000eaa80000,0x00000000eaa80000,0x00000000f8a00000)
  from space 57856K, 65% used [0x00000000fc780000,0x00000000fec834e0,0x0000000100000000)
  to   space 60416K, 0% used [0x00000000f8a00000,0x00000000f8a00000,0x00000000fc500000)
 ParOldGen       total 150016K, used 149576K [0x00000000c0000000, 0x00000000c9280000, 0x00000000eaa80000)
  object space 150016K, 99% used [0x00000000c0000000,0x00000000c92122f0,0x00000000c9280000)
 PSPermGen       total 21504K, used 6350K [0x00000000bae00000, 0x00000000bc300000, 0x00000000c0000000)
  object space 21504K, 29% used [0x00000000bae00000,0x00000000bb433810,0x00000000bc300000)
}
Event: 18,533 GC heap before
{Heap before GC invocations=17 (full 3):
 PSYoungGen      total 286720K, used 37901K [0x00000000eaa80000, 0x0000000100000000, 0x0000000100000000)
  eden space 228864K, 0% used [0x00000000eaa80000,0x00000000eaa80000,0x00000000f8a00000)
  from space 57856K, 65% used [0x00000000fc780000,0x00000000fec834e0,0x0000000100000000)
  to   space 60416K, 0% used [0x00000000f8a00000,0x00000000f8a00000,0x00000000fc500000)
 ParOldGen       total 150016K, used 149576K [0x00000000c0000000, 0x00000000c9280000, 0x00000000eaa80000)
  object space 150016K, 99% used [0x00000000c0000000,0x00000000c92122f0,0x00000000c9280000)
 PSPermGen       total 21504K, used 6350K [0x00000000bae00000, 0x00000000bc300000, 0x00000000c0000000)
  object space 21504K, 29% used [0x00000000bae00000,0x00000000bb433810,0x00000000bc300000)

