# JRE version: Java(TM) SE Runtime Environment (7.0_79-b15) (build 1.7.0_79-b15)
# Java VM: Java HotSpot(TM) 64-Bit Server VM (24.79-b02 mixed mode linux-amd64 compressed oops)
Heap
 PSYoungGen      total 221184K, used 30560K [0x00000000eaa80000, 0x00000000fa800000, 0x0000000100000000)
  eden space 187392K, 0% used [0x00000000eaa80000,0x00000000eaa80000,0x00000000f6180000)
  from space 33792K, 90% used [0x00000000f6180000,0x00000000f7f58030,0x00000000f8280000)
  to   space 29184K, 0% used [0x00000000f8280000,0x00000000f8280000,0x00000000f9f00000)
 ParOldGen       total 77312K, used 61552K [0x00000000c0000000, 0x00000000c4b80000, 0x00000000eaa80000)
  object space 77312K, 79% used [0x00000000c0000000,0x00000000c3c1c3c8,0x00000000c4b80000)
 PSPermGen       total 21504K, used 6082K [0x00000000bae00000, 0x00000000bc300000, 0x00000000c0000000)
  object space 21504K, 28% used [0x00000000bae00000,0x00000000bb3f0a08,0x00000000bc300000)
GC Heap History (10 events):
Event: 5,946 GC heap after
Heap after GC invocations=7 (full 0):
 PSYoungGen      total 73728K, used 11259K [0x00000000eaa80000, 0x00000000f4480000, 0x0000000100000000)
  eden space 62464K, 0% used [0x00000000eaa80000,0x00000000eaa80000,0x00000000ee780000)
  from space 11264K, 99% used [0x00000000ee780000,0x00000000ef27efb0,0x00000000ef280000)
  to   space 16384K, 0% used [0x00000000f3480000,0x00000000f3480000,0x00000000f4480000)
 ParOldGen       total 40960K, used 17103K [0x00000000c0000000, 0x00000000c2800000, 0x00000000eaa80000)
  object space 40960K, 41% used [0x00000000c0000000,0x00000000c10b3eb8,0x00000000c2800000)
 PSPermGen       total 21504K, used 5939K [0x00000000bae00000, 0x00000000bc300000, 0x00000000c0000000)
  object space 21504K, 27% used [0x00000000bae00000,0x00000000bb3cccf0,0x00000000bc300000)
}
Event: 7,597 GC heap before
{Heap before GC invocations=8 (full 0):
 PSYoungGen      total 73728K, used 73723K [0x00000000eaa80000, 0x00000000f4480000, 0x0000000100000000)
  eden space 62464K, 100% used [0x00000000eaa80000,0x00000000ee780000,0x00000000ee780000)
  from space 11264K, 99% used [0x00000000ee780000,0x00000000ef27efb0,0x00000000ef280000)
  to   space 16384K, 0% used [0x00000000f3480000,0x00000000f3480000,0x00000000f4480000)
 ParOldGen       total 40960K, used 17103K [0x00000000c0000000, 0x00000000c2800000, 0x00000000eaa80000)
  object space 40960K, 41% used [0x00000000c0000000,0x00000000c10b3eb8,0x00000000c2800000)
 PSPermGen       total 21504K, used 5971K [0x00000000bae00000, 0x00000000bc300000, 0x00000000c0000000)
  object space 21504K, 27% used [0x00000000bae00000,0x00000000bb3d4c70,0x00000000bc300000)
Event: 7,648 GC heap after
Heap after GC invocations=8 (full 0):
 PSYoungGen      total 136192K, used 16356K [0x00000000eaa80000, 0x00000000f4e80000, 0x0000000100000000)
  eden space 119808K, 0% used [0x00000000eaa80000,0x00000000eaa80000,0x00000000f1f80000)
  from space 16384K, 99% used [0x00000000f3480000,0x00000000f44792c8,0x00000000f4480000)
  to   space 21504K, 0% used [0x00000000f1f80000,0x00000000f1f80000,0x00000000f3480000)
 ParOldGen       total 40960K, used 21405K [0x00000000c0000000, 0x00000000c2800000, 0x00000000eaa80000)
  object space 40960K, 52% used [0x00000000c0000000,0x00000000c14e7740,0x00000000c2800000)
 PSPermGen       total 21504K, used 5971K [0x00000000bae00000, 0x00000000bc300000, 0x00000000c0000000)
  object space 21504K, 27% used [0x00000000bae00000,0x00000000bb3d4c70,0x00000000bc300000)
}
Event: 9,356 GC heap before
{Heap before GC invocations=9 (full 0):
 PSYoungGen      total 136192K, used 136164K [0x00000000eaa80000, 0x00000000f4e80000, 0x0000000100000000)
  eden space 119808K, 100% used [0x00000000eaa80000,0x00000000f1f80000,0x00000000f1f80000)
  from space 16384K, 99% used [0x00000000f3480000,0x00000000f44792c8,0x00000000f4480000)
  to   space 21504K, 0% used [0x00000000f1f80000,0x00000000f1f80000,0x00000000f3480000)
 ParOldGen       total 40960K, used 21405K [0x00000000c0000000, 0x00000000c2800000, 0x00000000eaa80000)
  object space 40960K, 52% used [0x00000000c0000000,0x00000000c14e7740,0x00000000c2800000)
 PSPermGen       total 21504K, used 5995K [0x00000000bae00000, 0x00000000bc300000, 0x00000000c0000000)
  object space 21504K, 27% used [0x00000000bae00000,0x00000000bb3daff8,0x00000000bc300000)
Event: 9,442 GC heap after
Heap after GC invocations=9 (full 0):
 PSYoungGen      total 141312K, used 21498K [0x00000000eaa80000, 0x00000000f9f00000, 0x0000000100000000)
  eden space 119808K, 0% used [0x00000000eaa80000,0x00000000eaa80000,0x00000000f1f80000)
  from space 21504K, 99% used [0x00000000f1f80000,0x00000000f347e9f0,0x00000000f3480000)
  to   space 29184K, 0% used [0x00000000f8280000,0x00000000f8280000,0x00000000f9f00000)
 ParOldGen       total 40960K, used 30687K [0x00000000c0000000, 0x00000000c2800000, 0x00000000eaa80000)
  object space 40960K, 74% used [0x00000000c0000000,0x00000000c1df7ff8,0x00000000c2800000)
 PSPermGen       total 21504K, used 5995K [0x00000000bae00000, 0x00000000bc300000, 0x00000000c0000000)
  object space 21504K, 27% used [0x00000000bae00000,0x00000000bb3daff8,0x00000000bc300000)
}
Event: 11,025 GC heap before
{Heap before GC invocations=10 (full 0):
 PSYoungGen      total 141312K, used 141306K [0x00000000eaa80000, 0x00000000f9f00000, 0x0000000100000000)
  eden space 119808K, 100% used [0x00000000eaa80000,0x00000000f1f80000,0x00000000f1f80000)
  from space 21504K, 99% used [0x00000000f1f80000,0x00000000f347e9f0,0x00000000f3480000)
  to   space 29184K, 0% used [0x00000000f8280000,0x00000000f8280000,0x00000000f9f00000)
 ParOldGen       total 40960K, used 30687K [0x00000000c0000000, 0x00000000c2800000, 0x00000000eaa80000)
  object space 40960K, 74% used [0x00000000c0000000,0x00000000c1df7ff8,0x00000000c2800000)
 PSPermGen       total 21504K, used 6057K [0x00000000bae00000, 0x00000000bc300000, 0x00000000c0000000)
  object space 21504K, 28% used [0x00000000bae00000,0x00000000bb3ea6c8,0x00000000bc300000)
Event: 11,116 GC heap after
Heap after GC invocations=10 (full 0):
 PSYoungGen      total 216576K, used 28677K [0x00000000eaa80000, 0x00000000fa800000, 0x0000000100000000)
  eden space 187392K, 0% used [0x00000000eaa80000,0x00000000eaa80000,0x00000000f6180000)
  from space 29184K, 98% used [0x00000000f8280000,0x00000000f9e81468,0x00000000f9f00000)
  to   space 33792K, 0% used [0x00000000f6180000,0x00000000f6180000,0x00000000f8280000)
 ParOldGen       total 40960K, used 40166K [0x00000000c0000000, 0x00000000c2800000, 0x00000000eaa80000)
  object space 40960K, 98% used [0x00000000c0000000,0x00000000c2739910,0x00000000c2800000)
 PSPermGen       total 21504K, used 6057K [0x00000000bae00000, 0x00000000bc300000, 0x00000000c0000000)
  object space 21504K, 28% used [0x00000000bae00000,0x00000000bb3ea6c8,0x00000000bc300000)
}
Event: 11,116 GC heap before
{Heap before GC invocations=11 (full 1):
 PSYoungGen      total 216576K, used 28677K [0x00000000eaa80000, 0x00000000fa800000, 0x0000000100000000)
  eden space 187392K, 0% used [0x00000000eaa80000,0x00000000eaa80000,0x00000000f6180000)
  from space 29184K, 98% used [0x00000000f8280000,0x00000000f9e81468,0x00000000f9f00000)
  to   space 33792K, 0% used [0x00000000f6180000,0x00000000f6180000,0x00000000f8280000)
 ParOldGen       total 40960K, used 40166K [0x00000000c0000000, 0x00000000c2800000, 0x00000000eaa80000)
  object space 40960K, 98% used [0x00000000c0000000,0x00000000c2739910,0x00000000c2800000)
 PSPermGen       total 21504K, used 6057K [0x00000000bae00000, 0x00000000bc300000, 0x00000000c0000000)
  object space 21504K, 28% used [0x00000000bae00000,0x00000000bb3ea6c8,0x00000000bc300000)
Event: 11,686 GC heap after
Heap after GC invocations=11 (full 1):
 PSYoungGen      total 216576K, used 21369K [0x00000000eaa80000, 0x00000000fa800000, 0x0000000100000000)
  eden space 187392K, 0% used [0x00000000eaa80000,0x00000000eaa80000,0x00000000f6180000)
  from space 29184K, 73% used [0x00000000f8280000,0x00000000f975e438,0x00000000f9f00000)
  to   space 33792K, 0% used [0x00000000f6180000,0x00000000f6180000,0x00000000f8280000)
 ParOldGen       total 77312K, used 40722K [0x00000000c0000000, 0x00000000c4b80000, 0x00000000eaa80000)
  object space 77312K, 52% used [0x00000000c0000000,0x00000000c27c4b10,0x00000000c4b80000)
 PSPermGen       total 21504K, used 6053K [0x00000000bae00000, 0x00000000bc300000, 0x00000000c0000000)
  object space 21504K, 28% used [0x00000000bae00000,0x00000000bb3e95d8,0x00000000bc300000)
}
Event: 14,294 GC heap before
{Heap before GC invocations=12 (full 1):
 PSYoungGen      total 216576K, used 208761K [0x00000000eaa80000, 0x00000000fa800000, 0x0000000100000000)
  eden space 187392K, 100% used [0x00000000eaa80000,0x00000000f6180000,0x00000000f6180000)
  from space 29184K, 73% used [0x00000000f8280000,0x00000000f975e438,0x00000000f9f00000)
  to   space 33792K, 0% used [0x00000000f6180000,0x00000000f6180000,0x00000000f8280000)
 ParOldGen       total 77312K, used 40722K [0x00000000c0000000, 0x00000000c4b80000, 0x00000000eaa80000)
  object space 77312K, 52% used [0x00000000c0000000,0x00000000c27c4b10,0x00000000c4b80000)
 PSPermGen       total 21504K, used 6082K [0x00000000bae00000, 0x00000000bc300000, 0x00000000c0000000)
  object space 21504K, 28% used [0x00000000bae00000,0x00000000bb3f0a08,0x00000000bc300000)

