# JRE version: Java(TM) SE Runtime Environment (7.0_79-b15) (build 1.7.0_79-b15)
# Java VM: Java HotSpot(TM) 64-Bit Server VM (24.79-b02 mixed mode linux-amd64 compressed oops)
Heap
 PSYoungGen      total 265216K, used 265214K [0x00000000eaa80000, 0x00000000fe380000, 0x0000000100000000)
  eden space 235520K, 100% used [0x00000000eaa80000,0x00000000f9080000,0x00000000f9080000)
  from space 29696K, 99% used [0x00000000f9300000,0x00000000fafff9e0,0x00000000fb000000)
  to   space 42496K, 99% used [0x00000000fba00000,0x00000000fe37ea38,0x00000000fe380000)
 ParOldGen       total 83456K, used 83450K [0x00000000c0000000, 0x00000000c5180000, 0x00000000eaa80000)
  object space 83456K, 99% used [0x00000000c0000000,0x00000000c517e900,0x00000000c5180000)
 PSPermGen       total 21504K, used 6094K [0x00000000bae00000, 0x00000000bc300000, 0x00000000c0000000)
  object space 21504K, 28% used [0x00000000bae00000,0x00000000bb3f38f0,0x00000000bc300000)
GC Heap History (10 events):
Event: 7,365 GC heap after
Heap after GC invocations=6 (full 0):
 PSYoungGen      total 139776K, used 12430K [0x00000000eaa80000, 0x00000000f4780000, 0x0000000100000000)
  eden space 124928K, 0% used [0x00000000eaa80000,0x00000000eaa80000,0x00000000f2480000)
  from space 14848K, 83% used [0x00000000f3500000,0x00000000f41239a8,0x00000000f4380000)
  to   space 16896K, 0% used [0x00000000f2480000,0x00000000f2480000,0x00000000f3500000)
 ParOldGen       total 40960K, used 20437K [0x00000000c0000000, 0x00000000c2800000, 0x00000000eaa80000)
  object space 40960K, 49% used [0x00000000c0000000,0x00000000c13f5618,0x00000000c2800000)
 PSPermGen       total 21504K, used 5954K [0x00000000bae00000, 0x00000000bc300000, 0x00000000c0000000)
  object space 21504K, 27% used [0x00000000bae00000,0x00000000bb3d0bd0,0x00000000bc300000)
}
Event: 9,311 GC heap before
{Heap before GC invocations=7 (full 0):
 PSYoungGen      total 139776K, used 137358K [0x00000000eaa80000, 0x00000000f4780000, 0x0000000100000000)
  eden space 124928K, 100% used [0x00000000eaa80000,0x00000000f2480000,0x00000000f2480000)
  from space 14848K, 83% used [0x00000000f3500000,0x00000000f41239a8,0x00000000f4380000)
  to   space 16896K, 0% used [0x00000000f2480000,0x00000000f2480000,0x00000000f3500000)
 ParOldGen       total 40960K, used 20437K [0x00000000c0000000, 0x00000000c2800000, 0x00000000eaa80000)
  object space 40960K, 49% used [0x00000000c0000000,0x00000000c13f5618,0x00000000c2800000)
 PSPermGen       total 21504K, used 5989K [0x00000000bae00000, 0x00000000bc300000, 0x00000000c0000000)
  object space 21504K, 27% used [0x00000000bae00000,0x00000000bb3d95c0,0x00000000bc300000)
Event: 9,436 GC heap after
Heap after GC invocations=7 (full 0):
 PSYoungGen      total 141824K, used 16887K [0x00000000eaa80000, 0x00000000fd380000, 0x0000000100000000)
  eden space 124928K, 0% used [0x00000000eaa80000,0x00000000eaa80000,0x00000000f2480000)
  from space 16896K, 99% used [0x00000000f2480000,0x00000000f34fdf28,0x00000000f3500000)
  to   space 27136K, 0% used [0x00000000fb900000,0x00000000fb900000,0x00000000fd380000)
 ParOldGen       total 40960K, used 33202K [0x00000000c0000000, 0x00000000c2800000, 0x00000000eaa80000)
  object space 40960K, 81% used [0x00000000c0000000,0x00000000c206cb70,0x00000000c2800000)
 PSPermGen       total 21504K, used 5989K [0x00000000bae00000, 0x00000000bc300000, 0x00000000c0000000)
  object space 21504K, 27% used [0x00000000bae00000,0x00000000bb3d95c0,0x00000000bc300000)
}
Event: 9,436 GC heap before
{Heap before GC invocations=8 (full 1):
 PSYoungGen      total 141824K, used 16887K [0x00000000eaa80000, 0x00000000fd380000, 0x0000000100000000)
  eden space 124928K, 0% used [0x00000000eaa80000,0x00000000eaa80000,0x00000000f2480000)
  from space 16896K, 99% used [0x00000000f2480000,0x00000000f34fdf28,0x00000000f3500000)
  to   space 27136K, 0% used [0x00000000fb900000,0x00000000fb900000,0x00000000fd380000)
 ParOldGen       total 40960K, used 33202K [0x00000000c0000000, 0x00000000c2800000, 0x00000000eaa80000)
  object space 40960K, 81% used [0x00000000c0000000,0x00000000c206cb70,0x00000000c2800000)
 PSPermGen       total 21504K, used 5989K [0x00000000bae00000, 0x00000000bc300000, 0x00000000c0000000)
  object space 21504K, 27% used [0x00000000bae00000,0x00000000bb3d95c0,0x00000000bc300000)
Event: 9,910 GC heap after
Heap after GC invocations=8 (full 1):
 PSYoungGen      total 141824K, used 4060K [0x00000000eaa80000, 0x00000000fd380000, 0x0000000100000000)
  eden space 124928K, 0% used [0x00000000eaa80000,0x00000000eaa80000,0x00000000f2480000)
  from space 16896K, 24% used [0x00000000f2480000,0x00000000f2877180,0x00000000f3500000)
  to   space 27136K, 0% used [0x00000000fb900000,0x00000000fb900000,0x00000000fd380000)
 ParOldGen       total 80896K, used 40632K [0x00000000c0000000, 0x00000000c4f00000, 0x00000000eaa80000)
  object space 80896K, 50% used [0x00000000c0000000,0x00000000c27ae1a8,0x00000000c4f00000)
 PSPermGen       total 21504K, used 5986K [0x00000000bae00000, 0x00000000bc300000, 0x00000000c0000000)
  object space 21504K, 27% used [0x00000000bae00000,0x00000000bb3d8910,0x00000000bc300000)
}
Event: 11,455 GC heap before
{Heap before GC invocations=9 (full 1):
 PSYoungGen      total 141824K, used 128988K [0x00000000eaa80000, 0x00000000fd380000, 0x0000000100000000)
  eden space 124928K, 100% used [0x00000000eaa80000,0x00000000f2480000,0x00000000f2480000)
  from space 16896K, 24% used [0x00000000f2480000,0x00000000f2877180,0x00000000f3500000)
  to   space 27136K, 0% used [0x00000000fb900000,0x00000000fb900000,0x00000000fd380000)
 ParOldGen       total 80896K, used 40632K [0x00000000c0000000, 0x00000000c4f00000, 0x00000000eaa80000)
  object space 80896K, 50% used [0x00000000c0000000,0x00000000c27ae1a8,0x00000000c4f00000)
 PSPermGen       total 21504K, used 6047K [0x00000000bae00000, 0x00000000bc300000, 0x00000000c0000000)
  object space 21504K, 28% used [0x00000000bae00000,0x00000000bb3e7cd8,0x00000000bc300000)
Event: 11,548 GC heap after
Heap after GC invocations=9 (full 1):
 PSYoungGen      total 200192K, used 20103K [0x00000000eaa80000, 0x00000000fcd00000, 0x0000000100000000)
  eden space 179712K, 0% used [0x00000000eaa80000,0x00000000eaa80000,0x00000000f5a00000)
  from space 20480K, 98% used [0x00000000fb900000,0x00000000fcca1c50,0x00000000fcd00000)
  to   space 29696K, 0% used [0x00000000f9300000,0x00000000f9300000,0x00000000fb000000)
 ParOldGen       total 80896K, used 40640K [0x00000000c0000000, 0x00000000c4f00000, 0x00000000eaa80000)
  object space 80896K, 50% used [0x00000000c0000000,0x00000000c27b01a8,0x00000000c4f00000)
 PSPermGen       total 21504K, used 6047K [0x00000000bae00000, 0x00000000bc300000, 0x00000000c0000000)
  object space 21504K, 28% used [0x00000000bae00000,0x00000000bb3e7cd8,0x00000000bc300000)
}
Event: 13,641 GC heap before
{Heap before GC invocations=10 (full 1):
 PSYoungGen      total 200192K, used 199815K [0x00000000eaa80000, 0x00000000fcd00000, 0x0000000100000000)
  eden space 179712K, 100% used [0x00000000eaa80000,0x00000000f5a00000,0x00000000f5a00000)
  from space 20480K, 98% used [0x00000000fb900000,0x00000000fcca1c50,0x00000000fcd00000)
  to   space 29696K, 0% used [0x00000000f9300000,0x00000000f9300000,0x00000000fb000000)
 ParOldGen       total 80896K, used 40640K [0x00000000c0000000, 0x00000000c4f00000, 0x00000000eaa80000)
  object space 80896K, 50% used [0x00000000c0000000,0x00000000c27b01a8,0x00000000c4f00000)
 PSPermGen       total 21504K, used 6079K [0x00000000bae00000, 0x00000000bc300000, 0x00000000c0000000)
  object space 21504K, 28% used [0x00000000bae00000,0x00000000bb3efce8,0x00000000bc300000)
Event: 13,852 GC heap after
Heap after GC invocations=10 (full 1):
 PSYoungGen      total 265216K, used 29694K [0x00000000eaa80000, 0x00000000fe380000, 0x0000000100000000)
  eden space 235520K, 0% used [0x00000000eaa80000,0x00000000eaa80000,0x00000000f9080000)
  from space 29696K, 99% used [0x00000000f9300000,0x00000000fafff9e0,0x00000000fb000000)
  to   space 42496K, 0% used [0x00000000fba00000,0x00000000fba00000,0x00000000fe380000)
 ParOldGen       total 80896K, used 59248K [0x00000000c0000000, 0x00000000c4f00000, 0x00000000eaa80000)
  object space 80896K, 73% used [0x00000000c0000000,0x00000000c39dc220,0x00000000c4f00000)
 PSPermGen       total 21504K, used 6079K [0x00000000bae00000, 0x00000000bc300000, 0x00000000c0000000)
  object space 21504K, 28% used [0x00000000bae00000,0x00000000bb3efce8,0x00000000bc300000)
}
Event: 16,868 GC heap before
{Heap before GC invocations=11 (full 1):
 PSYoungGen      total 265216K, used 265214K [0x00000000eaa80000, 0x00000000fe380000, 0x0000000100000000)
  eden space 235520K, 100% used [0x00000000eaa80000,0x00000000f9080000,0x00000000f9080000)
  from space 29696K, 99% used [0x00000000f9300000,0x00000000fafff9e0,0x00000000fb000000)
  to   space 42496K, 0% used [0x00000000fba00000,0x00000000fba00000,0x00000000fe380000)
 ParOldGen       total 80896K, used 59248K [0x00000000c0000000, 0x00000000c4f00000, 0x00000000eaa80000)
  object space 80896K, 73% used [0x00000000c0000000,0x00000000c39dc220,0x00000000c4f00000)
 PSPermGen       total 21504K, used 6094K [0x00000000bae00000, 0x00000000bc300000, 0x00000000c0000000)
  object space 21504K, 28% used [0x00000000bae00000,0x00000000bb3f38f0,0x00000000bc300000)

