# JRE version: Java(TM) SE Runtime Environment (7.0_79-b15) (build 1.7.0_79-b15)
# Java VM: Java HotSpot(TM) 64-Bit Server VM (24.79-b02 mixed mode linux-amd64 compressed oops)
Heap
 PSYoungGen      total 219136K, used 29459K [0x00000000eaa80000, 0x00000000fae00000, 0x0000000100000000)
  eden space 181760K, 0% used [0x00000000eaa80000,0x00000000eaa80000,0x00000000f5c00000)
  from space 37376K, 78% used [0x00000000f5c00000,0x00000000f78c4d58,0x00000000f8080000)
  to   space 28160K, 0% used [0x00000000f8080000,0x00000000f8080000,0x00000000f9c00000)
 ParOldGen       total 76288K, used 62576K [0x00000000c0000000, 0x00000000c4a80000, 0x00000000eaa80000)
  object space 76288K, 82% used [0x00000000c0000000,0x00000000c3d1c248,0x00000000c4a80000)
 PSPermGen       total 21504K, used 6070K [0x00000000bae00000, 0x00000000bc300000, 0x00000000c0000000)
  object space 21504K, 28% used [0x00000000bae00000,0x00000000bb3edbd8,0x00000000bc300000)
GC Heap History (10 events):
Event: 7,272 GC heap after
Heap after GC invocations=7 (full 0):
 PSYoungGen      total 72704K, used 10749K [0x00000000eaa80000, 0x00000000f4280000, 0x0000000100000000)
  eden space 61952K, 0% used [0x00000000eaa80000,0x00000000eaa80000,0x00000000ee700000)
  from space 10752K, 99% used [0x00000000ee700000,0x00000000ef17f670,0x00000000ef180000)
  to   space 15872K, 0% used [0x00000000f3300000,0x00000000f3300000,0x00000000f4280000)
 ParOldGen       total 40960K, used 16161K [0x00000000c0000000, 0x00000000c2800000, 0x00000000eaa80000)
  object space 40960K, 39% used [0x00000000c0000000,0x00000000c0fc8550,0x00000000c2800000)
 PSPermGen       total 21504K, used 5937K [0x00000000bae00000, 0x00000000bc300000, 0x00000000c0000000)
  object space 21504K, 27% used [0x00000000bae00000,0x00000000bb3cc540,0x00000000bc300000)
}
Event: 8,245 GC heap before
{Heap before GC invocations=8 (full 0):
 PSYoungGen      total 72704K, used 72701K [0x00000000eaa80000, 0x00000000f4280000, 0x0000000100000000)
  eden space 61952K, 100% used [0x00000000eaa80000,0x00000000ee700000,0x00000000ee700000)
  from space 10752K, 99% used [0x00000000ee700000,0x00000000ef17f670,0x00000000ef180000)
  to   space 15872K, 0% used [0x00000000f3300000,0x00000000f3300000,0x00000000f4280000)
 ParOldGen       total 40960K, used 16161K [0x00000000c0000000, 0x00000000c2800000, 0x00000000eaa80000)
  object space 40960K, 39% used [0x00000000c0000000,0x00000000c0fc8550,0x00000000c2800000)
 PSPermGen       total 21504K, used 5965K [0x00000000bae00000, 0x00000000bc300000, 0x00000000c0000000)
  object space 21504K, 27% used [0x00000000bae00000,0x00000000bb3d3770,0x00000000bc300000)
Event: 8,295 GC heap after
Heap after GC invocations=8 (full 0):
 PSYoungGen      total 135168K, used 15868K [0x00000000eaa80000, 0x00000000f4b80000, 0x0000000100000000)
  eden space 119296K, 0% used [0x00000000eaa80000,0x00000000eaa80000,0x00000000f1f00000)
  from space 15872K, 99% used [0x00000000f3300000,0x00000000f427f2c8,0x00000000f4280000)
  to   space 20480K, 0% used [0x00000000f1f00000,0x00000000f1f00000,0x00000000f3300000)
 ParOldGen       total 40960K, used 19899K [0x00000000c0000000, 0x00000000c2800000, 0x00000000eaa80000)
  object space 40960K, 48% used [0x00000000c0000000,0x00000000c136ef90,0x00000000c2800000)
 PSPermGen       total 21504K, used 5965K [0x00000000bae00000, 0x00000000bc300000, 0x00000000c0000000)
  object space 21504K, 27% used [0x00000000bae00000,0x00000000bb3d3770,0x00000000bc300000)
}
Event: 9,655 GC heap before
{Heap before GC invocations=9 (full 0):
 PSYoungGen      total 135168K, used 135164K [0x00000000eaa80000, 0x00000000f4b80000, 0x0000000100000000)
  eden space 119296K, 100% used [0x00000000eaa80000,0x00000000f1f00000,0x00000000f1f00000)
  from space 15872K, 99% used [0x00000000f3300000,0x00000000f427f2c8,0x00000000f4280000)
  to   space 20480K, 0% used [0x00000000f1f00000,0x00000000f1f00000,0x00000000f3300000)
 ParOldGen       total 40960K, used 19899K [0x00000000c0000000, 0x00000000c2800000, 0x00000000eaa80000)
  object space 40960K, 48% used [0x00000000c0000000,0x00000000c136ef90,0x00000000c2800000)
 PSPermGen       total 21504K, used 5993K [0x00000000bae00000, 0x00000000bc300000, 0x00000000c0000000)
  object space 21504K, 27% used [0x00000000bae00000,0x00000000bb3da508,0x00000000bc300000)
Event: 9,730 GC heap after
Heap after GC invocations=9 (full 0):
 PSYoungGen      total 139776K, used 20453K [0x00000000eaa80000, 0x00000000f9c00000, 0x0000000100000000)
  eden space 119296K, 0% used [0x00000000eaa80000,0x00000000eaa80000,0x00000000f1f00000)
  from space 20480K, 99% used [0x00000000f1f00000,0x00000000f32f94c8,0x00000000f3300000)
  to   space 28160K, 0% used [0x00000000f8080000,0x00000000f8080000,0x00000000f9c00000)
 ParOldGen       total 40960K, used 29586K [0x00000000c0000000, 0x00000000c2800000, 0x00000000eaa80000)
  object space 40960K, 72% used [0x00000000c0000000,0x00000000c1ce49e0,0x00000000c2800000)
 PSPermGen       total 21504K, used 5993K [0x00000000bae00000, 0x00000000bc300000, 0x00000000c0000000)
  object space 21504K, 27% used [0x00000000bae00000,0x00000000bb3da508,0x00000000bc300000)
}
Event: 10,830 GC heap before
{Heap before GC invocations=10 (full 0):
 PSYoungGen      total 139776K, used 139749K [0x00000000eaa80000, 0x00000000f9c00000, 0x0000000100000000)
  eden space 119296K, 100% used [0x00000000eaa80000,0x00000000f1f00000,0x00000000f1f00000)
  from space 20480K, 99% used [0x00000000f1f00000,0x00000000f32f94c8,0x00000000f3300000)
  to   space 28160K, 0% used [0x00000000f8080000,0x00000000f8080000,0x00000000f9c00000)
 ParOldGen       total 40960K, used 29586K [0x00000000c0000000, 0x00000000c2800000, 0x00000000eaa80000)
  object space 40960K, 72% used [0x00000000c0000000,0x00000000c1ce49e0,0x00000000c2800000)
 PSPermGen       total 21504K, used 6053K [0x00000000bae00000, 0x00000000bc300000, 0x00000000c0000000)
  object space 21504K, 28% used [0x00000000bae00000,0x00000000bb3e9560,0x00000000bc300000)
Event: 10,960 GC heap after
Heap after GC invocations=10 (full 0):
 PSYoungGen      total 209920K, used 28147K [0x00000000eaa80000, 0x00000000fae00000, 0x0000000100000000)
  eden space 181760K, 0% used [0x00000000eaa80000,0x00000000eaa80000,0x00000000f5c00000)
  from space 28160K, 99% used [0x00000000f8080000,0x00000000f9bfcc90,0x00000000f9c00000)
  to   space 37376K, 0% used [0x00000000f5c00000,0x00000000f5c00000,0x00000000f8080000)
 ParOldGen       total 40960K, used 40738K [0x00000000c0000000, 0x00000000c2800000, 0x00000000eaa80000)
  object space 40960K, 99% used [0x00000000c0000000,0x00000000c27c8be0,0x00000000c2800000)
 PSPermGen       total 21504K, used 6053K [0x00000000bae00000, 0x00000000bc300000, 0x00000000c0000000)
  object space 21504K, 28% used [0x00000000bae00000,0x00000000bb3e9560,0x00000000bc300000)
}
Event: 10,988 GC heap before
{Heap before GC invocations=11 (full 1):
 PSYoungGen      total 209920K, used 28147K [0x00000000eaa80000, 0x00000000fae00000, 0x0000000100000000)
  eden space 181760K, 0% used [0x00000000eaa80000,0x00000000eaa80000,0x00000000f5c00000)
  from space 28160K, 99% used [0x00000000f8080000,0x00000000f9bfcc90,0x00000000f9c00000)
  to   space 37376K, 0% used [0x00000000f5c00000,0x00000000f5c00000,0x00000000f8080000)
 ParOldGen       total 40960K, used 40738K [0x00000000c0000000, 0x00000000c2800000, 0x00000000eaa80000)
  object space 40960K, 99% used [0x00000000c0000000,0x00000000c27c8be0,0x00000000c2800000)
 PSPermGen       total 21504K, used 6053K [0x00000000bae00000, 0x00000000bc300000, 0x00000000c0000000)
  object space 21504K, 28% used [0x00000000bae00000,0x00000000bb3e9560,0x00000000bc300000)
Event: 11,559 GC heap after
Heap after GC invocations=11 (full 1):
 PSYoungGen      total 209920K, used 21926K [0x00000000eaa80000, 0x00000000fae00000, 0x0000000100000000)
  eden space 181760K, 0% used [0x00000000eaa80000,0x00000000eaa80000,0x00000000f5c00000)
  from space 28160K, 77% used [0x00000000f8080000,0x00000000f95e99e8,0x00000000f9c00000)
  to   space 37376K, 0% used [0x00000000f5c00000,0x00000000f5c00000,0x00000000f8080000)
 ParOldGen       total 76288K, used 40686K [0x00000000c0000000, 0x00000000c4a80000, 0x00000000eaa80000)
  object space 76288K, 53% used [0x00000000c0000000,0x00000000c27bb838,0x00000000c4a80000)
 PSPermGen       total 21504K, used 6048K [0x00000000bae00000, 0x00000000bc300000, 0x00000000c0000000)
  object space 21504K, 28% used [0x00000000bae00000,0x00000000bb3e83b0,0x00000000bc300000)
}
Event: 12,894 GC heap before
{Heap before GC invocations=12 (full 1):
 PSYoungGen      total 209920K, used 203686K [0x00000000eaa80000, 0x00000000fae00000, 0x0000000100000000)
  eden space 181760K, 100% used [0x00000000eaa80000,0x00000000f5c00000,0x00000000f5c00000)
  from space 28160K, 77% used [0x00000000f8080000,0x00000000f95e99e8,0x00000000f9c00000)
  to   space 37376K, 0% used [0x00000000f5c00000,0x00000000f5c00000,0x00000000f8080000)
 ParOldGen       total 76288K, used 40686K [0x00000000c0000000, 0x00000000c4a80000, 0x00000000eaa80000)
  object space 76288K, 53% used [0x00000000c0000000,0x00000000c27bb838,0x00000000c4a80000)
 PSPermGen       total 21504K, used 6070K [0x00000000bae00000, 0x00000000bc300000, 0x00000000c0000000)
  object space 21504K, 28% used [0x00000000bae00000,0x00000000bb3edbd8,0x00000000bc300000)

