# JRE version: Java(TM) SE Runtime Environment (7.0_79-b15) (build 1.7.0_79-b15)
# Java VM: Java HotSpot(TM) 64-Bit Server VM (24.79-b02 mixed mode linux-amd64 compressed oops)
Heap
 PSYoungGen      total 261120K, used 27814K [0x00000000eaa80000, 0x0000000100000000, 0x0000000100000000)
  eden space 189952K, 0% used [0x00000000eaa80000,0x00000000eaa80000,0x00000000f6400000)
  from space 71168K, 39% used [0x00000000fba80000,0x00000000fd5a9a38,0x0000000100000000)
  to   space 79872K, 0% used [0x00000000f6400000,0x00000000f6400000,0x00000000fb200000)
 ParOldGen       total 151552K, used 151434K [0x00000000c0000000, 0x00000000c9400000, 0x00000000eaa80000)
  object space 151552K, 99% used [0x00000000c0000000,0x00000000c93e2b10,0x00000000c9400000)
 PSPermGen       total 21504K, used 6210K [0x00000000bae00000, 0x00000000bc300000, 0x00000000c0000000)
  object space 21504K, 28% used [0x00000000bae00000,0x00000000bb4108d0,0x00000000bc300000)
GC Heap History (10 events):
Event: 15,261 GC heap after
Heap after GC invocations=10 (full 1):
 PSYoungGen      total 252928K, used 29182K [0x00000000eaa80000, 0x00000000fd600000, 0x0000000100000000)
  eden space 223744K, 0% used [0x00000000eaa80000,0x00000000eaa80000,0x00000000f8500000)
  from space 29184K, 99% used [0x00000000f9380000,0x00000000fafff9e0,0x00000000fb000000)
  to   space 38912K, 0% used [0x00000000fb000000,0x00000000fb000000,0x00000000fd600000)
 ParOldGen       total 80384K, used 58504K [0x00000000c0000000, 0x00000000c4e80000, 0x00000000eaa80000)
  object space 80384K, 72% used [0x00000000c0000000,0x00000000c39223d0,0x00000000c4e80000)
 PSPermGen       total 21504K, used 6080K [0x00000000bae00000, 0x00000000bc300000, 0x00000000c0000000)
  object space 21504K, 28% used [0x00000000bae00000,0x00000000bb3f0058,0x00000000bc300000)
}
Event: 17,390 GC heap before
{Heap before GC invocations=11 (full 1):
 PSYoungGen      total 252928K, used 252926K [0x00000000eaa80000, 0x00000000fd600000, 0x0000000100000000)
  eden space 223744K, 100% used [0x00000000eaa80000,0x00000000f8500000,0x00000000f8500000)
  from space 29184K, 99% used [0x00000000f9380000,0x00000000fafff9e0,0x00000000fb000000)
  to   space 38912K, 0% used [0x00000000fb000000,0x00000000fb000000,0x00000000fd600000)
 ParOldGen       total 80384K, used 58504K [0x00000000c0000000, 0x00000000c4e80000, 0x00000000eaa80000)
  object space 80384K, 72% used [0x00000000c0000000,0x00000000c39223d0,0x00000000c4e80000)
 PSPermGen       total 21504K, used 6100K [0x00000000bae00000, 0x00000000bc300000, 0x00000000c0000000)
  object space 21504K, 28% used [0x00000000bae00000,0x00000000bb3f5110,0x00000000bc300000)
Event: 17,561 GC heap after
Heap after GC invocations=11 (full 1):
 PSYoungGen      total 249856K, used 38885K [0x00000000eaa80000, 0x0000000100000000, 0x0000000100000000)
  eden space 210944K, 0% used [0x00000000eaa80000,0x00000000eaa80000,0x00000000f7880000)
  from space 38912K, 99% used [0x00000000fb000000,0x00000000fd5f9430,0x00000000fd600000)
  to   space 56832K, 0% used [0x00000000f7880000,0x00000000f7880000,0x00000000fb000000)
 ParOldGen       total 83968K, used 83760K [0x00000000c0000000, 0x00000000c5200000, 0x00000000eaa80000)
  object space 83968K, 99% used [0x00000000c0000000,0x00000000c51cc290,0x00000000c5200000)
 PSPermGen       total 21504K, used 6100K [0x00000000bae00000, 0x00000000bc300000, 0x00000000c0000000)
  object space 21504K, 28% used [0x00000000bae00000,0x00000000bb3f5110,0x00000000bc300000)
}
Event: 17,561 GC heap before
{Heap before GC invocations=12 (full 2):
 PSYoungGen      total 249856K, used 38885K [0x00000000eaa80000, 0x0000000100000000, 0x0000000100000000)
  eden space 210944K, 0% used [0x00000000eaa80000,0x00000000eaa80000,0x00000000f7880000)
  from space 38912K, 99% used [0x00000000fb000000,0x00000000fd5f9430,0x00000000fd600000)
  to   space 56832K, 0% used [0x00000000f7880000,0x00000000f7880000,0x00000000fb000000)
 ParOldGen       total 83968K, used 83760K [0x00000000c0000000, 0x00000000c5200000, 0x00000000eaa80000)
  object space 83968K, 99% used [0x00000000c0000000,0x00000000c51cc290,0x00000000c5200000)
 PSPermGen       total 21504K, used 6100K [0x00000000bae00000, 0x00000000bc300000, 0x00000000c0000000)
  object space 21504K, 28% used [0x00000000bae00000,0x00000000bb3f5110,0x00000000bc300000)
Event: 18,886 GC heap after
Heap after GC invocations=12 (full 2):
 PSYoungGen      total 249856K, used 35598K [0x00000000eaa80000, 0x0000000100000000, 0x0000000100000000)
  eden space 210944K, 0% used [0x00000000eaa80000,0x00000000eaa80000,0x00000000f7880000)
  from space 38912K, 91% used [0x00000000fb000000,0x00000000fd2c3bd8,0x00000000fd600000)
  to   space 56832K, 0% used [0x00000000f7880000,0x00000000f7880000,0x00000000fb000000)
 ParOldGen       total 151552K, used 83497K [0x00000000c0000000, 0x00000000c9400000, 0x00000000eaa80000)
  object space 151552K, 55% used [0x00000000c0000000,0x00000000c518a5f0,0x00000000c9400000)
 PSPermGen       total 21504K, used 6099K [0x00000000bae00000, 0x00000000bc300000, 0x00000000c0000000)
  object space 21504K, 28% used [0x00000000bae00000,0x00000000bb3f4d10,0x00000000bc300000)
}
Event: 20,213 GC heap before
{Heap before GC invocations=13 (full 2):
 PSYoungGen      total 249856K, used 246542K [0x00000000eaa80000, 0x0000000100000000, 0x0000000100000000)
  eden space 210944K, 100% used [0x00000000eaa80000,0x00000000f7880000,0x00000000f7880000)
  from space 38912K, 91% used [0x00000000fb000000,0x00000000fd2c3bd8,0x00000000fd600000)
  to   space 56832K, 0% used [0x00000000f7880000,0x00000000f7880000,0x00000000fb000000)
 ParOldGen       total 151552K, used 83497K [0x00000000c0000000, 0x00000000c9400000, 0x00000000eaa80000)
  object space 151552K, 55% used [0x00000000c0000000,0x00000000c518a5f0,0x00000000c9400000)
 PSPermGen       total 21504K, used 6118K [0x00000000bae00000, 0x00000000bc300000, 0x00000000c0000000)
  object space 21504K, 28% used [0x00000000bae00000,0x00000000bb3f9b48,0x00000000bc300000)
Event: 20,450 GC heap after
Heap after GC invocations=13 (full 2):
 PSYoungGen      total 267776K, used 56824K [0x00000000eaa80000, 0x0000000100000000, 0x0000000100000000)
  eden space 210944K, 0% used [0x00000000eaa80000,0x00000000eaa80000,0x00000000f7880000)
  from space 56832K, 99% used [0x00000000f7880000,0x00000000faffe210,0x00000000fb000000)
  to   space 71168K, 0% used [0x00000000fba80000,0x00000000fba80000,0x0000000100000000)
 ParOldGen       total 151552K, used 95516K [0x00000000c0000000, 0x00000000c9400000, 0x00000000eaa80000)
  object space 151552K, 63% used [0x00000000c0000000,0x00000000c5d473b0,0x00000000c9400000)
 PSPermGen       total 21504K, used 6118K [0x00000000bae00000, 0x00000000bc300000, 0x00000000c0000000)
  object space 21504K, 28% used [0x00000000bae00000,0x00000000bb3f9b48,0x00000000bc300000)
}
Event: 24,893 GC heap before
{Heap before GC invocations=14 (full 2):
 PSYoungGen      total 267776K, used 267768K [0x00000000eaa80000, 0x0000000100000000, 0x0000000100000000)
  eden space 210944K, 100% used [0x00000000eaa80000,0x00000000f7880000,0x00000000f7880000)
  from space 56832K, 99% used [0x00000000f7880000,0x00000000faffe210,0x00000000fb000000)
  to   space 71168K, 0% used [0x00000000fba80000,0x00000000fba80000,0x0000000100000000)
 ParOldGen       total 151552K, used 95516K [0x00000000c0000000, 0x00000000c9400000, 0x00000000eaa80000)
  object space 151552K, 63% used [0x00000000c0000000,0x00000000c5d473b0,0x00000000c9400000)
 PSPermGen       total 21504K, used 6210K [0x00000000bae00000, 0x00000000bc300000, 0x00000000c0000000)
  object space 21504K, 28% used [0x00000000bae00000,0x00000000bb410b40,0x00000000bc300000)
Event: 25,282 GC heap after
Heap after GC invocations=14 (full 2):
 PSYoungGen      total 261120K, used 60858K [0x00000000eaa80000, 0x0000000100000000, 0x0000000100000000)
  eden space 189952K, 0% used [0x00000000eaa80000,0x00000000eaa80000,0x00000000f6400000)
  from space 71168K, 85% used [0x00000000fba80000,0x00000000ff5eebc8,0x0000000100000000)
  to   space 79872K, 0% used [0x00000000f6400000,0x00000000f6400000,0x00000000fb200000)
 ParOldGen       total 151552K, used 123784K [0x00000000c0000000, 0x00000000c9400000, 0x00000000eaa80000)
  object space 151552K, 81% used [0x00000000c0000000,0x00000000c78e2268,0x00000000c9400000)
 PSPermGen       total 21504K, used 6210K [0x00000000bae00000, 0x00000000bc300000, 0x00000000c0000000)
  object space 21504K, 28% used [0x00000000bae00000,0x00000000bb410b40,0x00000000bc300000)
}
Event: 25,282 GC heap before
{Heap before GC invocations=15 (full 3):
 PSYoungGen      total 261120K, used 60858K [0x00000000eaa80000, 0x0000000100000000, 0x0000000100000000)
  eden space 189952K, 0% used [0x00000000eaa80000,0x00000000eaa80000,0x00000000f6400000)
  from space 71168K, 85% used [0x00000000fba80000,0x00000000ff5eebc8,0x0000000100000000)
  to   space 79872K, 0% used [0x00000000f6400000,0x00000000f6400000,0x00000000fb200000)
 ParOldGen       total 151552K, used 123784K [0x00000000c0000000, 0x00000000c9400000, 0x00000000eaa80000)
  object space 151552K, 81% used [0x00000000c0000000,0x00000000c78e2268,0x00000000c9400000)
 PSPermGen       total 21504K, used 6210K [0x00000000bae00000, 0x00000000bc300000, 0x00000000c0000000)
  object space 21504K, 28% used [0x00000000bae00000,0x00000000bb410b40,0x00000000bc300000)

