# JRE version: Java(TM) SE Runtime Environment (7.0_79-b15) (build 1.7.0_79-b15)
# Java VM: Java HotSpot(TM) 64-Bit Server VM (24.79-b02 mixed mode linux-amd64 compressed oops)
Heap
 PSYoungGen      total 289280K, used 30093K [0x00000000eaa80000, 0x0000000100000000, 0x0000000100000000)
  eden space 231936K, 0% used [0x00000000eaa80000,0x00000000eaa80000,0x00000000f8d00000)
  from space 57344K, 52% used [0x00000000fc800000,0x00000000fe563610,0x0000000100000000)
  to   space 58880K, 0% used [0x00000000f8d00000,0x00000000f8d00000,0x00000000fc680000)
 ParOldGen       total 149504K, used 149474K [0x00000000c0000000, 0x00000000c9200000, 0x00000000eaa80000)
  object space 149504K, 99% used [0x00000000c0000000,0x00000000c91f8b50,0x00000000c9200000)
 PSPermGen       total 21504K, used 6202K [0x00000000bae00000, 0x00000000bc300000, 0x00000000c0000000)
  object space 21504K, 28% used [0x00000000bae00000,0x00000000bb40e8a8,0x00000000bc300000)
GC Heap History (10 events):
Event: 13,727 GC heap after
Heap after GC invocations=12 (full 1):
 PSYoungGen      total 218112K, used 29482K [0x00000000eaa80000, 0x00000000fde00000, 0x0000000100000000)
  eden space 180736K, 0% used [0x00000000eaa80000,0x00000000eaa80000,0x00000000f5b00000)
  from space 37376K, 78% used [0x00000000f5b00000,0x00000000f77ca8b8,0x00000000f7f80000)
  to   space 40960K, 0% used [0x00000000fb600000,0x00000000fb600000,0x00000000fde00000)
 ParOldGen       total 76288K, used 61103K [0x00000000c0000000, 0x00000000c4a80000, 0x00000000eaa80000)
  object space 76288K, 80% used [0x00000000c0000000,0x00000000c3babf50,0x00000000c4a80000)
 PSPermGen       total 21504K, used 6084K [0x00000000bae00000, 0x00000000bc300000, 0x00000000c0000000)
  object space 21504K, 28% used [0x00000000bae00000,0x00000000bb3f1070,0x00000000bc300000)
}
Event: 13,727 GC heap before
{Heap before GC invocations=13 (full 2):
 PSYoungGen      total 218112K, used 29482K [0x00000000eaa80000, 0x00000000fde00000, 0x0000000100000000)
  eden space 180736K, 0% used [0x00000000eaa80000,0x00000000eaa80000,0x00000000f5b00000)
  from space 37376K, 78% used [0x00000000f5b00000,0x00000000f77ca8b8,0x00000000f7f80000)
  to   space 40960K, 0% used [0x00000000fb600000,0x00000000fb600000,0x00000000fde00000)
 ParOldGen       total 76288K, used 61103K [0x00000000c0000000, 0x00000000c4a80000, 0x00000000eaa80000)
  object space 76288K, 80% used [0x00000000c0000000,0x00000000c3babf50,0x00000000c4a80000)
 PSPermGen       total 21504K, used 6084K [0x00000000bae00000, 0x00000000bc300000, 0x00000000c0000000)
  object space 21504K, 28% used [0x00000000bae00000,0x00000000bb3f1070,0x00000000bc300000)
Event: 14,240 GC heap after
Heap after GC invocations=13 (full 2):
 PSYoungGen      total 218112K, used 12923K [0x00000000eaa80000, 0x00000000fde00000, 0x0000000100000000)
  eden space 180736K, 0% used [0x00000000eaa80000,0x00000000eaa80000,0x00000000f5b00000)
  from space 37376K, 34% used [0x00000000f5b00000,0x00000000f679ecf0,0x00000000f7f80000)
  to   space 40960K, 0% used [0x00000000fb600000,0x00000000fb600000,0x00000000fde00000)
 ParOldGen       total 136192K, used 76212K [0x00000000c0000000, 0x00000000c8500000, 0x00000000eaa80000)
  object space 136192K, 55% used [0x00000000c0000000,0x00000000c4a6d338,0x00000000c8500000)
 PSPermGen       total 21504K, used 6083K [0x00000000bae00000, 0x00000000bc300000, 0x00000000c0000000)
  object space 21504K, 28% used [0x00000000bae00000,0x00000000bb3f0ed0,0x00000000bc300000)
}
Event: 15,256 GC heap before
{Heap before GC invocations=14 (full 2):
 PSYoungGen      total 218112K, used 193659K [0x00000000eaa80000, 0x00000000fde00000, 0x0000000100000000)
  eden space 180736K, 100% used [0x00000000eaa80000,0x00000000f5b00000,0x00000000f5b00000)
  from space 37376K, 34% used [0x00000000f5b00000,0x00000000f679ecf0,0x00000000f7f80000)
  to   space 40960K, 0% used [0x00000000fb600000,0x00000000fb600000,0x00000000fde00000)
 ParOldGen       total 136192K, used 76212K [0x00000000c0000000, 0x00000000c8500000, 0x00000000eaa80000)
  object space 136192K, 55% used [0x00000000c0000000,0x00000000c4a6d338,0x00000000c8500000)
 PSPermGen       total 21504K, used 6094K [0x00000000bae00000, 0x00000000bc300000, 0x00000000c0000000)
  object space 21504K, 28% used [0x00000000bae00000,0x00000000bb3f3ba8,0x00000000bc300000)
Event: 15,372 GC heap after
Heap after GC invocations=14 (full 2):
 PSYoungGen      total 240640K, used 29083K [0x00000000eaa80000, 0x00000000fd280000, 0x0000000100000000)
  eden space 211456K, 0% used [0x00000000eaa80000,0x00000000eaa80000,0x00000000f7900000)
  from space 29184K, 99% used [0x00000000fb600000,0x00000000fd266ee0,0x00000000fd280000)
  to   space 43520K, 0% used [0x00000000f7d80000,0x00000000f7d80000,0x00000000fa800000)
 ParOldGen       total 136192K, used 87866K [0x00000000c0000000, 0x00000000c8500000, 0x00000000eaa80000)
  object space 136192K, 64% used [0x00000000c0000000,0x00000000c55ce948,0x00000000c8500000)
 PSPermGen       total 21504K, used 6094K [0x00000000bae00000, 0x00000000bc300000, 0x00000000c0000000)
  object space 21504K, 28% used [0x00000000bae00000,0x00000000bb3f3ba8,0x00000000bc300000)
}
Event: 16,235 GC heap before
{Heap before GC invocations=15 (full 2):
 PSYoungGen      total 240640K, used 240539K [0x00000000eaa80000, 0x00000000fd280000, 0x0000000100000000)
  eden space 211456K, 100% used [0x00000000eaa80000,0x00000000f7900000,0x00000000f7900000)
  from space 29184K, 99% used [0x00000000fb600000,0x00000000fd266ee0,0x00000000fd280000)
  to   space 43520K, 0% used [0x00000000f7d80000,0x00000000f7d80000,0x00000000fa800000)
 ParOldGen       total 136192K, used 87866K [0x00000000c0000000, 0x00000000c8500000, 0x00000000eaa80000)
  object space 136192K, 64% used [0x00000000c0000000,0x00000000c55ce948,0x00000000c8500000)
 PSPermGen       total 21504K, used 6110K [0x00000000bae00000, 0x00000000bc300000, 0x00000000c0000000)
  object space 21504K, 28% used [0x00000000bae00000,0x00000000bb3f7a00,0x00000000bc300000)
Event: 16,361 GC heap after
Heap after GC invocations=15 (full 2):
 PSYoungGen      total 259584K, used 43504K [0x00000000eaa80000, 0x0000000100000000, 0x0000000100000000)
  eden space 216064K, 0% used [0x00000000eaa80000,0x00000000eaa80000,0x00000000f7d80000)
  from space 43520K, 99% used [0x00000000f7d80000,0x00000000fa7fc3c0,0x00000000fa800000)
  to   space 57344K, 0% used [0x00000000fc800000,0x00000000fc800000,0x0000000100000000)
 ParOldGen       total 136192K, used 105196K [0x00000000c0000000, 0x00000000c8500000, 0x00000000eaa80000)
  object space 136192K, 77% used [0x00000000c0000000,0x00000000c66bb140,0x00000000c8500000)
 PSPermGen       total 21504K, used 6110K [0x00000000bae00000, 0x00000000bc300000, 0x00000000c0000000)
  object space 21504K, 28% used [0x00000000bae00000,0x00000000bb3f7a00,0x00000000bc300000)
}
Event: 18,895 GC heap before
{Heap before GC invocations=16 (full 2):
 PSYoungGen      total 259584K, used 259568K [0x00000000eaa80000, 0x0000000100000000, 0x0000000100000000)
  eden space 216064K, 100% used [0x00000000eaa80000,0x00000000f7d80000,0x00000000f7d80000)
  from space 43520K, 99% used [0x00000000f7d80000,0x00000000fa7fc3c0,0x00000000fa800000)
  to   space 57344K, 0% used [0x00000000fc800000,0x00000000fc800000,0x0000000100000000)
 ParOldGen       total 136192K, used 105196K [0x00000000c0000000, 0x00000000c8500000, 0x00000000eaa80000)
  object space 136192K, 77% used [0x00000000c0000000,0x00000000c66bb140,0x00000000c8500000)
 PSPermGen       total 21504K, used 6202K [0x00000000bae00000, 0x00000000bc300000, 0x00000000c0000000)
  object space 21504K, 28% used [0x00000000bae00000,0x00000000bb40ebd8,0x00000000bc300000)
Event: 19,108 GC heap after
Heap after GC invocations=16 (full 2):
 PSYoungGen      total 289280K, used 34549K [0x00000000eaa80000, 0x0000000100000000, 0x0000000100000000)
  eden space 231936K, 0% used [0x00000000eaa80000,0x00000000eaa80000,0x00000000f8d00000)
  from space 57344K, 60% used [0x00000000fc800000,0x00000000fe9bd668,0x0000000100000000)
  to   space 58880K, 0% used [0x00000000f8d00000,0x00000000f8d00000,0x00000000fc680000)
 ParOldGen       total 149504K, used 148651K [0x00000000c0000000, 0x00000000c9200000, 0x00000000eaa80000)
  object space 149504K, 99% used [0x00000000c0000000,0x00000000c912afc8,0x00000000c9200000)
 PSPermGen       total 21504K, used 6202K [0x00000000bae00000, 0x00000000bc300000, 0x00000000c0000000)
  object space 21504K, 28% used [0x00000000bae00000,0x00000000bb40ebd8,0x00000000bc300000)
}
Event: 19,137 GC heap before
{Heap before GC invocations=17 (full 3):
 PSYoungGen      total 289280K, used 34549K [0x00000000eaa80000, 0x0000000100000000, 0x0000000100000000)
  eden space 231936K, 0% used [0x00000000eaa80000,0x00000000eaa80000,0x00000000f8d00000)
  from space 57344K, 60% used [0x00000000fc800000,0x00000000fe9bd668,0x0000000100000000)
  to   space 58880K, 0% used [0x00000000f8d00000,0x00000000f8d00000,0x00000000fc680000)
 ParOldGen       total 149504K, used 148651K [0x00000000c0000000, 0x00000000c9200000, 0x00000000eaa80000)
  object space 149504K, 99% used [0x00000000c0000000,0x00000000c912afc8,0x00000000c9200000)
 PSPermGen       total 21504K, used 6202K [0x00000000bae00000, 0x00000000bc300000, 0x00000000c0000000)
  object space 21504K, 28% used [0x00000000bae00000,0x00000000bb40ebd8,0x00000000bc300000)

