# JRE version: Java(TM) SE Runtime Environment (7.0_79-b15) (build 1.7.0_79-b15)
# Java VM: Java HotSpot(TM) 64-Bit Server VM (24.79-b02 mixed mode linux-amd64 compressed oops)
Heap
 PSYoungGen      total 288256K, used 30954K [0x00000000eaa80000, 0x0000000100000000, 0x0000000100000000)
  eden space 230912K, 0% used [0x00000000eaa80000,0x00000000eaa80000,0x00000000f8c00000)
  from space 57344K, 53% used [0x00000000fc800000,0x00000000fe63aaf0,0x0000000100000000)
  to   space 59392K, 0% used [0x00000000f8c00000,0x00000000f8c00000,0x00000000fc600000)
 ParOldGen       total 149504K, used 149280K [0x00000000c0000000, 0x00000000c9200000, 0x00000000eaa80000)
  object space 149504K, 99% used [0x00000000c0000000,0x00000000c91c80f8,0x00000000c9200000)
 PSPermGen       total 21504K, used 6225K [0x00000000bae00000, 0x00000000bc300000, 0x00000000c0000000)
  object space 21504K, 28% used [0x00000000bae00000,0x00000000bb414620,0x00000000bc300000)
GC Heap History (10 events):
Event: 14,022 GC heap after
Heap after GC invocations=12 (full 1):
 PSYoungGen      total 218624K, used 29382K [0x00000000eaa80000, 0x00000000fe480000, 0x0000000100000000)
  eden space 181760K, 0% used [0x00000000eaa80000,0x00000000eaa80000,0x00000000f5c00000)
  from space 36864K, 79% used [0x00000000f5c00000,0x00000000f78b1a80,0x00000000f8000000)
  to   space 40448K, 0% used [0x00000000fbd00000,0x00000000fbd00000,0x00000000fe480000)
 ParOldGen       total 75264K, used 61316K [0x00000000c0000000, 0x00000000c4980000, 0x00000000eaa80000)
  object space 75264K, 81% used [0x00000000c0000000,0x00000000c3be1238,0x00000000c4980000)
 PSPermGen       total 21504K, used 6086K [0x00000000bae00000, 0x00000000bc300000, 0x00000000c0000000)
  object space 21504K, 28% used [0x00000000bae00000,0x00000000bb3f18e0,0x00000000bc300000)
}
Event: 14,022 GC heap before
{Heap before GC invocations=13 (full 2):
 PSYoungGen      total 218624K, used 29382K [0x00000000eaa80000, 0x00000000fe480000, 0x0000000100000000)
  eden space 181760K, 0% used [0x00000000eaa80000,0x00000000eaa80000,0x00000000f5c00000)
  from space 36864K, 79% used [0x00000000f5c00000,0x00000000f78b1a80,0x00000000f8000000)
  to   space 40448K, 0% used [0x00000000fbd00000,0x00000000fbd00000,0x00000000fe480000)
 ParOldGen       total 75264K, used 61316K [0x00000000c0000000, 0x00000000c4980000, 0x00000000eaa80000)
  object space 75264K, 81% used [0x00000000c0000000,0x00000000c3be1238,0x00000000c4980000)
 PSPermGen       total 21504K, used 6086K [0x00000000bae00000, 0x00000000bc300000, 0x00000000c0000000)
  object space 21504K, 28% used [0x00000000bae00000,0x00000000bb3f18e0,0x00000000bc300000)
Event: 14,631 GC heap after
Heap after GC invocations=13 (full 2):
 PSYoungGen      total 218624K, used 13830K [0x00000000eaa80000, 0x00000000fe480000, 0x0000000100000000)
  eden space 181760K, 0% used [0x00000000eaa80000,0x00000000eaa80000,0x00000000f5c00000)
  from space 36864K, 37% used [0x00000000f5c00000,0x00000000f69818a8,0x00000000f8000000)
  to   space 40448K, 0% used [0x00000000fbd00000,0x00000000fbd00000,0x00000000fe480000)
 ParOldGen       total 132096K, used 75035K [0x00000000c0000000, 0x00000000c8100000, 0x00000000eaa80000)
  object space 132096K, 56% used [0x00000000c0000000,0x00000000c4946e30,0x00000000c8100000)
 PSPermGen       total 21504K, used 6085K [0x00000000bae00000, 0x00000000bc300000, 0x00000000c0000000)
  object space 21504K, 28% used [0x00000000bae00000,0x00000000bb3f1500,0x00000000bc300000)
}
Event: 16,205 GC heap before
{Heap before GC invocations=14 (full 2):
 PSYoungGen      total 218624K, used 195590K [0x00000000eaa80000, 0x00000000fe480000, 0x0000000100000000)
  eden space 181760K, 100% used [0x00000000eaa80000,0x00000000f5c00000,0x00000000f5c00000)
  from space 36864K, 37% used [0x00000000f5c00000,0x00000000f69818a8,0x00000000f8000000)
  to   space 40448K, 0% used [0x00000000fbd00000,0x00000000fbd00000,0x00000000fe480000)
 ParOldGen       total 132096K, used 75035K [0x00000000c0000000, 0x00000000c8100000, 0x00000000eaa80000)
  object space 132096K, 56% used [0x00000000c0000000,0x00000000c4946e30,0x00000000c8100000)
 PSPermGen       total 21504K, used 6097K [0x00000000bae00000, 0x00000000bc300000, 0x00000000c0000000)
  object space 21504K, 28% used [0x00000000bae00000,0x00000000bb3f4690,0x00000000bc300000)
Event: 16,407 GC heap after
Heap after GC invocations=14 (full 2):
 PSYoungGen      total 247296K, used 29019K [0x00000000eaa80000, 0x00000000fd980000, 0x0000000100000000)
  eden space 218112K, 0% used [0x00000000eaa80000,0x00000000eaa80000,0x00000000f7f80000)
  from space 29184K, 99% used [0x00000000fbd00000,0x00000000fd956d30,0x00000000fd980000)
  to   space 43008K, 0% used [0x00000000f8580000,0x00000000f8580000,0x00000000faf80000)
 ParOldGen       total 132096K, used 87653K [0x00000000c0000000, 0x00000000c8100000, 0x00000000eaa80000)
  object space 132096K, 66% used [0x00000000c0000000,0x00000000c5599640,0x00000000c8100000)
 PSPermGen       total 21504K, used 6097K [0x00000000bae00000, 0x00000000bc300000, 0x00000000c0000000)
  object space 21504K, 28% used [0x00000000bae00000,0x00000000bb3f4690,0x00000000bc300000)
}
Event: 18,292 GC heap before
{Heap before GC invocations=15 (full 2):
 PSYoungGen      total 247296K, used 247131K [0x00000000eaa80000, 0x00000000fd980000, 0x0000000100000000)
  eden space 218112K, 100% used [0x00000000eaa80000,0x00000000f7f80000,0x00000000f7f80000)
  from space 29184K, 99% used [0x00000000fbd00000,0x00000000fd956d30,0x00000000fd980000)
  to   space 43008K, 0% used [0x00000000f8580000,0x00000000f8580000,0x00000000faf80000)
 ParOldGen       total 132096K, used 87653K [0x00000000c0000000, 0x00000000c8100000, 0x00000000eaa80000)
  object space 132096K, 66% used [0x00000000c0000000,0x00000000c5599640,0x00000000c8100000)
 PSPermGen       total 21504K, used 6119K [0x00000000bae00000, 0x00000000bc300000, 0x00000000c0000000)
  object space 21504K, 28% used [0x00000000bae00000,0x00000000bb3f9d48,0x00000000bc300000)
Event: 18,414 GC heap after
Heap after GC invocations=15 (full 2):
 PSYoungGen      total 267264K, used 42997K [0x00000000eaa80000, 0x0000000100000000, 0x0000000100000000)
  eden space 224256K, 0% used [0x00000000eaa80000,0x00000000eaa80000,0x00000000f8580000)
  from space 43008K, 99% used [0x00000000f8580000,0x00000000faf7d628,0x00000000faf80000)
  to   space 57344K, 0% used [0x00000000fc800000,0x00000000fc800000,0x0000000100000000)
 ParOldGen       total 132096K, used 106077K [0x00000000c0000000, 0x00000000c8100000, 0x00000000eaa80000)
  object space 132096K, 80% used [0x00000000c0000000,0x00000000c67975b8,0x00000000c8100000)
 PSPermGen       total 21504K, used 6119K [0x00000000bae00000, 0x00000000bc300000, 0x00000000c0000000)
  object space 21504K, 28% used [0x00000000bae00000,0x00000000bb3f9d48,0x00000000bc300000)
}
Event: 22,277 GC heap before
{Heap before GC invocations=16 (full 2):
 PSYoungGen      total 267264K, used 267253K [0x00000000eaa80000, 0x0000000100000000, 0x0000000100000000)
  eden space 224256K, 100% used [0x00000000eaa80000,0x00000000f8580000,0x00000000f8580000)
  from space 43008K, 99% used [0x00000000f8580000,0x00000000faf7d628,0x00000000faf80000)
  to   space 57344K, 0% used [0x00000000fc800000,0x00000000fc800000,0x0000000100000000)
 ParOldGen       total 132096K, used 106077K [0x00000000c0000000, 0x00000000c8100000, 0x00000000eaa80000)
  object space 132096K, 80% used [0x00000000c0000000,0x00000000c67975b8,0x00000000c8100000)
 PSPermGen       total 21504K, used 6226K [0x00000000bae00000, 0x00000000bc300000, 0x00000000c0000000)
  object space 21504K, 28% used [0x00000000bae00000,0x00000000bb4149d0,0x00000000bc300000)
Event: 22,528 GC heap after
Heap after GC invocations=16 (full 2):
 PSYoungGen      total 288256K, used 35804K [0x00000000eaa80000, 0x0000000100000000, 0x0000000100000000)
  eden space 230912K, 0% used [0x00000000eaa80000,0x00000000eaa80000,0x00000000f8c00000)
  from space 57344K, 62% used [0x00000000fc800000,0x00000000feaf7150,0x0000000100000000)
  to   space 59392K, 0% used [0x00000000f8c00000,0x00000000f8c00000,0x00000000fc600000)
 ParOldGen       total 149504K, used 148513K [0x00000000c0000000, 0x00000000c9200000, 0x00000000eaa80000)
  object space 149504K, 99% used [0x00000000c0000000,0x00000000c9108678,0x00000000c9200000)
 PSPermGen       total 21504K, used 6226K [0x00000000bae00000, 0x00000000bc300000, 0x00000000c0000000)
  object space 21504K, 28% used [0x00000000bae00000,0x00000000bb4149d0,0x00000000bc300000)
}
Event: 22,564 GC heap before
{Heap before GC invocations=17 (full 3):
 PSYoungGen      total 288256K, used 35804K [0x00000000eaa80000, 0x0000000100000000, 0x0000000100000000)
  eden space 230912K, 0% used [0x00000000eaa80000,0x00000000eaa80000,0x00000000f8c00000)
  from space 57344K, 62% used [0x00000000fc800000,0x00000000feaf7150,0x0000000100000000)
  to   space 59392K, 0% used [0x00000000f8c00000,0x00000000f8c00000,0x00000000fc600000)
 ParOldGen       total 149504K, used 148513K [0x00000000c0000000, 0x00000000c9200000, 0x00000000eaa80000)
  object space 149504K, 99% used [0x00000000c0000000,0x00000000c9108678,0x00000000c9200000)
 PSPermGen       total 21504K, used 6226K [0x00000000bae00000, 0x00000000bc300000, 0x00000000c0000000)
  object space 21504K, 28% used [0x00000000bae00000,0x00000000bb4149d0,0x00000000bc300000)

