# JRE version: Java(TM) SE Runtime Environment (7.0_79-b15) (build 1.7.0_79-b15)
# Java VM: Java HotSpot(TM) 64-Bit Server VM (24.79-b02 mixed mode linux-amd64 compressed oops)
Heap
 PSYoungGen      total 284160K, used 0K [0x00000000eaa80000, 0x0000000100000000, 0x0000000100000000)
  eden space 227840K, 0% used [0x00000000eaa80000,0x00000000eaa80000,0x00000000f8900000)
  from space 56320K, 0% used [0x00000000fc900000,0x00000000fc900000,0x0000000100000000)
  to   space 60928K, 0% used [0x00000000f8900000,0x00000000f8900000,0x00000000fc480000)
 ParOldGen       total 145920K, used 145088K [0x00000000c0000000, 0x00000000c8e80000, 0x00000000eaa80000)
  object space 145920K, 99% used [0x00000000c0000000,0x00000000c8db0150,0x00000000c8e80000)
 PSPermGen       total 21504K, used 6379K [0x00000000bae00000, 0x00000000bc300000, 0x00000000c0000000)
  object space 21504K, 29% used [0x00000000bae00000,0x00000000bb43af58,0x00000000bc300000)
GC Heap History (10 events):
Event: 17,248 GC heap after
Heap after GC invocations=12 (full 1):
 PSYoungGen      total 219648K, used 30141K [0x00000000eaa80000, 0x00000000fe480000, 0x0000000100000000)
  eden space 185344K, 0% used [0x00000000eaa80000,0x00000000eaa80000,0x00000000f5f80000)
  from space 34304K, 87% used [0x00000000f5f80000,0x00000000f7cef4d8,0x00000000f8100000)
  to   space 38400K, 0% used [0x00000000fbf00000,0x00000000fbf00000,0x00000000fe480000)
 ParOldGen       total 77824K, used 61115K [0x00000000c0000000, 0x00000000c4c00000, 0x00000000eaa80000)
  object space 77824K, 78% used [0x00000000c0000000,0x00000000c3baefd8,0x00000000c4c00000)
 PSPermGen       total 21504K, used 6082K [0x00000000bae00000, 0x00000000bc300000, 0x00000000c0000000)
  object space 21504K, 28% used [0x00000000bae00000,0x00000000bb3f0970,0x00000000bc300000)
}
Event: 17,248 GC heap before
{Heap before GC invocations=13 (full 2):
 PSYoungGen      total 219648K, used 30141K [0x00000000eaa80000, 0x00000000fe480000, 0x0000000100000000)
  eden space 185344K, 0% used [0x00000000eaa80000,0x00000000eaa80000,0x00000000f5f80000)
  from space 34304K, 87% used [0x00000000f5f80000,0x00000000f7cef4d8,0x00000000f8100000)
  to   space 38400K, 0% used [0x00000000fbf00000,0x00000000fbf00000,0x00000000fe480000)
 ParOldGen       total 77824K, used 61115K [0x00000000c0000000, 0x00000000c4c00000, 0x00000000eaa80000)
  object space 77824K, 78% used [0x00000000c0000000,0x00000000c3baefd8,0x00000000c4c00000)
 PSPermGen       total 21504K, used 6082K [0x00000000bae00000, 0x00000000bc300000, 0x00000000c0000000)
  object space 21504K, 28% used [0x00000000bae00000,0x00000000bb3f0970,0x00000000bc300000)
Event: 18,726 GC heap after
Heap after GC invocations=13 (full 2):
 PSYoungGen      total 219648K, used 13101K [0x00000000eaa80000, 0x00000000fe480000, 0x0000000100000000)
  eden space 185344K, 0% used [0x00000000eaa80000,0x00000000eaa80000,0x00000000f5f80000)
  from space 34304K, 38% used [0x00000000f5f80000,0x00000000f6c4b6c0,0x00000000f8100000)
  to   space 38400K, 0% used [0x00000000fbf00000,0x00000000fbf00000,0x00000000fe480000)
 ParOldGen       total 138752K, used 77627K [0x00000000c0000000, 0x00000000c8780000, 0x00000000eaa80000)
  object space 138752K, 55% used [0x00000000c0000000,0x00000000c4bceda0,0x00000000c8780000)
 PSPermGen       total 21504K, used 6082K [0x00000000bae00000, 0x00000000bc300000, 0x00000000c0000000)
  object space 21504K, 28% used [0x00000000bae00000,0x00000000bb3f08f0,0x00000000bc300000)
}
Event: 21,884 GC heap before
{Heap before GC invocations=14 (full 2):
 PSYoungGen      total 219648K, used 198445K [0x00000000eaa80000, 0x00000000fe480000, 0x0000000100000000)
  eden space 185344K, 100% used [0x00000000eaa80000,0x00000000f5f80000,0x00000000f5f80000)
  from space 34304K, 38% used [0x00000000f5f80000,0x00000000f6c4b6c0,0x00000000f8100000)
  to   space 38400K, 0% used [0x00000000fbf00000,0x00000000fbf00000,0x00000000fe480000)
 ParOldGen       total 138752K, used 77627K [0x00000000c0000000, 0x00000000c8780000, 0x00000000eaa80000)
  object space 138752K, 55% used [0x00000000c0000000,0x00000000c4bceda0,0x00000000c8780000)
 PSPermGen       total 21504K, used 6094K [0x00000000bae00000, 0x00000000bc300000, 0x00000000c0000000)
  object space 21504K, 28% used [0x00000000bae00000,0x00000000bb3f3878,0x00000000bc300000)
Event: 22,372 GC heap after
Heap after GC invocations=14 (full 2):
 PSYoungGen      total 242688K, used 29016K [0x00000000eaa80000, 0x00000000fdb80000, 0x0000000100000000)
  eden space 213504K, 0% used [0x00000000eaa80000,0x00000000eaa80000,0x00000000f7b00000)
  from space 29184K, 99% used [0x00000000fbf00000,0x00000000fdb56098,0x00000000fdb80000)
  to   space 41472K, 0% used [0x00000000f8a80000,0x00000000f8a80000,0x00000000fb300000)
 ParOldGen       total 138752K, used 89493K [0x00000000c0000000, 0x00000000c8780000, 0x00000000eaa80000)
  object space 138752K, 64% used [0x00000000c0000000,0x00000000c5765488,0x00000000c8780000)
 PSPermGen       total 21504K, used 6094K [0x00000000bae00000, 0x00000000bc300000, 0x00000000c0000000)
  object space 21504K, 28% used [0x00000000bae00000,0x00000000bb3f3878,0x00000000bc300000)
}
Event: 25,362 GC heap before
{Heap before GC invocations=15 (full 2):
 PSYoungGen      total 242688K, used 242520K [0x00000000eaa80000, 0x00000000fdb80000, 0x0000000100000000)
  eden space 213504K, 100% used [0x00000000eaa80000,0x00000000f7b00000,0x00000000f7b00000)
  from space 29184K, 99% used [0x00000000fbf00000,0x00000000fdb56098,0x00000000fdb80000)
  to   space 41472K, 0% used [0x00000000f8a80000,0x00000000f8a80000,0x00000000fb300000)
 ParOldGen       total 138752K, used 89493K [0x00000000c0000000, 0x00000000c8780000, 0x00000000eaa80000)
  object space 138752K, 64% used [0x00000000c0000000,0x00000000c5765488,0x00000000c8780000)
 PSPermGen       total 21504K, used 6109K [0x00000000bae00000, 0x00000000bc300000, 0x00000000c0000000)
  object space 21504K, 28% used [0x00000000bae00000,0x00000000bb3f7720,0x00000000bc300000)
Event: 25,754 GC heap after
Heap after GC invocations=15 (full 2):
 PSYoungGen      total 270848K, used 41466K [0x00000000eaa80000, 0x0000000100000000, 0x0000000100000000)
  eden space 229376K, 0% used [0x00000000eaa80000,0x00000000eaa80000,0x00000000f8a80000)
  from space 41472K, 99% used [0x00000000f8a80000,0x00000000fb2fe9b0,0x00000000fb300000)
  to   space 56320K, 0% used [0x00000000fc900000,0x00000000fc900000,0x0000000100000000)
 ParOldGen       total 138752K, used 109849K [0x00000000c0000000, 0x00000000c8780000, 0x00000000eaa80000)
  object space 138752K, 79% used [0x00000000c0000000,0x00000000c6b46500,0x00000000c8780000)
 PSPermGen       total 21504K, used 6109K [0x00000000bae00000, 0x00000000bc300000, 0x00000000c0000000)
  object space 21504K, 28% used [0x00000000bae00000,0x00000000bb3f7720,0x00000000bc300000)
}
Event: 36,394 GC heap before
{Heap before GC invocations=16 (full 2):
 PSYoungGen      total 270848K, used 270842K [0x00000000eaa80000, 0x0000000100000000, 0x0000000100000000)
  eden space 229376K, 100% used [0x00000000eaa80000,0x00000000f8a80000,0x00000000f8a80000)
  from space 41472K, 99% used [0x00000000f8a80000,0x00000000fb2fe9b0,0x00000000fb300000)
  to   space 56320K, 0% used [0x00000000fc900000,0x00000000fc900000,0x0000000100000000)
 ParOldGen       total 138752K, used 109849K [0x00000000c0000000, 0x00000000c8780000, 0x00000000eaa80000)
  object space 138752K, 79% used [0x00000000c0000000,0x00000000c6b46500,0x00000000c8780000)
 PSPermGen       total 21504K, used 6380K [0x00000000bae00000, 0x00000000bc300000, 0x00000000c0000000)
  object space 21504K, 29% used [0x00000000bae00000,0x00000000bb43b3c8,0x00000000bc300000)
Event: 37,744 GC heap after
Heap after GC invocations=16 (full 2):
 PSYoungGen      total 284160K, used 42524K [0x00000000eaa80000, 0x0000000100000000, 0x0000000100000000)
  eden space 227840K, 0% used [0x00000000eaa80000,0x00000000eaa80000,0x00000000f8900000)
  from space 56320K, 75% used [0x00000000fc900000,0x00000000ff287210,0x0000000100000000)
  to   space 60928K, 0% used [0x00000000f8900000,0x00000000f8900000,0x00000000fc480000)
 ParOldGen       total 145920K, used 145636K [0x00000000c0000000, 0x00000000c8e80000, 0x00000000eaa80000)
  object space 145920K, 99% used [0x00000000c0000000,0x00000000c8e39120,0x00000000c8e80000)
 PSPermGen       total 21504K, used 6380K [0x00000000bae00000, 0x00000000bc300000, 0x00000000c0000000)
  object space 21504K, 29% used [0x00000000bae00000,0x00000000bb43b3c8,0x00000000bc300000)
}
Event: 38,029 GC heap before
{Heap before GC invocations=17 (full 3):
 PSYoungGen      total 284160K, used 42524K [0x00000000eaa80000, 0x0000000100000000, 0x0000000100000000)
  eden space 227840K, 0% used [0x00000000eaa80000,0x00000000eaa80000,0x00000000f8900000)
  from space 56320K, 75% used [0x00000000fc900000,0x00000000ff287210,0x0000000100000000)
  to   space 60928K, 0% used [0x00000000f8900000,0x00000000f8900000,0x00000000fc480000)
 ParOldGen       total 145920K, used 145636K [0x00000000c0000000, 0x00000000c8e80000, 0x00000000eaa80000)
  object space 145920K, 99% used [0x00000000c0000000,0x00000000c8e39120,0x00000000c8e80000)
 PSPermGen       total 21504K, used 6380K [0x00000000bae00000, 0x00000000bc300000, 0x00000000c0000000)
  object space 21504K, 29% used [0x00000000bae00000,0x00000000bb43b3c8,0x00000000bc300000)

