# JRE version: Java(TM) SE Runtime Environment (7.0_79-b15) (build 1.7.0_79-b15)
# Java VM: Java HotSpot(TM) 64-Bit Server VM (24.79-b02 mixed mode linux-amd64 compressed oops)
Heap
 PSYoungGen      total 273920K, used 22439K [0x00000000eaa80000, 0x0000000100000000, 0x0000000100000000)
  eden space 225792K, 0% used [0x00000000eaa80000,0x00000000eaa80000,0x00000000f8700000)
  from space 48128K, 46% used [0x00000000fd100000,0x00000000fe6e9ec0,0x0000000100000000)
  to   space 61952K, 0% used [0x00000000f8700000,0x00000000f8700000,0x00000000fc380000)
 ParOldGen       total 151552K, used 151082K [0x00000000c0000000, 0x00000000c9400000, 0x00000000eaa80000)
  object space 151552K, 99% used [0x00000000c0000000,0x00000000c938ab70,0x00000000c9400000)
 PSPermGen       total 21504K, used 6135K [0x00000000bae00000, 0x00000000bc300000, 0x00000000c0000000)
  object space 21504K, 28% used [0x00000000bae00000,0x00000000bb3fdfb0,0x00000000bc300000)
GC Heap History (10 events):
Event: 15,251 GC heap after
Heap after GC invocations=12 (full 1):
 PSYoungGen      total 210432K, used 32237K [0x00000000eaa80000, 0x00000000fca80000, 0x0000000100000000)
  eden space 178176K, 0% used [0x00000000eaa80000,0x00000000eaa80000,0x00000000f5880000)
  from space 32256K, 99% used [0x00000000f5880000,0x00000000f77fb7d8,0x00000000f7800000)
  to   space 43008K, 0% used [0x00000000fa080000,0x00000000fa080000,0x00000000fca80000)
 ParOldGen       total 74752K, used 55898K [0x00000000c0000000, 0x00000000c4900000, 0x00000000eaa80000)
  object space 74752K, 74% used [0x00000000c0000000,0x00000000c36969b8,0x00000000c4900000)
 PSPermGen       total 21504K, used 6079K [0x00000000bae00000, 0x00000000bc300000, 0x00000000c0000000)
  object space 21504K, 28% used [0x00000000bae00000,0x00000000bb3eff98,0x00000000bc300000)
}
Event: 16,875 GC heap before
{Heap before GC invocations=13 (full 1):
 PSYoungGen      total 210432K, used 210413K [0x00000000eaa80000, 0x00000000fca80000, 0x0000000100000000)
  eden space 178176K, 100% used [0x00000000eaa80000,0x00000000f5880000,0x00000000f5880000)
  from space 32256K, 99% used [0x00000000f5880000,0x00000000f77fb7d8,0x00000000f7800000)
  to   space 43008K, 0% used [0x00000000fa080000,0x00000000fa080000,0x00000000fca80000)
 ParOldGen       total 74752K, used 55898K [0x00000000c0000000, 0x00000000c4900000, 0x00000000eaa80000)
  object space 74752K, 74% used [0x00000000c0000000,0x00000000c36969b8,0x00000000c4900000)
 PSPermGen       total 21504K, used 6093K [0x00000000bae00000, 0x00000000bc300000, 0x00000000c0000000)
  object space 21504K, 28% used [0x00000000bae00000,0x00000000bb3f3478,0x00000000bc300000)
Event: 17,005 GC heap after
Heap after GC invocations=13 (full 1):
 PSYoungGen      total 249856K, used 28419K [0x00000000eaa80000, 0x00000000ff000000, 0x0000000100000000)
  eden space 206848K, 0% used [0x00000000eaa80000,0x00000000eaa80000,0x00000000f7480000)
  from space 43008K, 66% used [0x00000000fa080000,0x00000000fbc40f88,0x00000000fca80000)
  to   space 45056K, 0% used [0x00000000f7480000,0x00000000f7480000,0x00000000fa080000)
 ParOldGen       total 89600K, used 88171K [0x00000000c0000000, 0x00000000c5780000, 0x00000000eaa80000)
  object space 89600K, 98% used [0x00000000c0000000,0x00000000c561aff8,0x00000000c5780000)
 PSPermGen       total 21504K, used 6093K [0x00000000bae00000, 0x00000000bc300000, 0x00000000c0000000)
  object space 21504K, 28% used [0x00000000bae00000,0x00000000bb3f3478,0x00000000bc300000)
}
Event: 17,005 GC heap before
{Heap before GC invocations=14 (full 2):
 PSYoungGen      total 249856K, used 28419K [0x00000000eaa80000, 0x00000000ff000000, 0x0000000100000000)
  eden space 206848K, 0% used [0x00000000eaa80000,0x00000000eaa80000,0x00000000f7480000)
  from space 43008K, 66% used [0x00000000fa080000,0x00000000fbc40f88,0x00000000fca80000)
  to   space 45056K, 0% used [0x00000000f7480000,0x00000000f7480000,0x00000000fa080000)
 ParOldGen       total 89600K, used 88171K [0x00000000c0000000, 0x00000000c5780000, 0x00000000eaa80000)
  object space 89600K, 98% used [0x00000000c0000000,0x00000000c561aff8,0x00000000c5780000)
 PSPermGen       total 21504K, used 6093K [0x00000000bae00000, 0x00000000bc300000, 0x00000000c0000000)
  object space 21504K, 28% used [0x00000000bae00000,0x00000000bb3f3478,0x00000000bc300000)
Event: 17,858 GC heap after
Heap after GC invocations=14 (full 2):
 PSYoungGen      total 249856K, used 23095K [0x00000000eaa80000, 0x00000000ff000000, 0x0000000100000000)
  eden space 206848K, 0% used [0x00000000eaa80000,0x00000000eaa80000,0x00000000f7480000)
  from space 43008K, 53% used [0x00000000fa080000,0x00000000fb70dcf0,0x00000000fca80000)
  to   space 45056K, 0% used [0x00000000f7480000,0x00000000f7480000,0x00000000fa080000)
 ParOldGen       total 151552K, used 89427K [0x00000000c0000000, 0x00000000c9400000, 0x00000000eaa80000)
  object space 151552K, 59% used [0x00000000c0000000,0x00000000c5754e68,0x00000000c9400000)
 PSPermGen       total 21504K, used 6091K [0x00000000bae00000, 0x00000000bc300000, 0x00000000c0000000)
  object space 21504K, 28% used [0x00000000bae00000,0x00000000bb3f2e78,0x00000000bc300000)
}
Event: 19,001 GC heap before
{Heap before GC invocations=15 (full 2):
 PSYoungGen      total 249856K, used 229943K [0x00000000eaa80000, 0x00000000ff000000, 0x0000000100000000)
  eden space 206848K, 100% used [0x00000000eaa80000,0x00000000f7480000,0x00000000f7480000)
  from space 43008K, 53% used [0x00000000fa080000,0x00000000fb70dcf0,0x00000000fca80000)
  to   space 45056K, 0% used [0x00000000f7480000,0x00000000f7480000,0x00000000fa080000)
 ParOldGen       total 151552K, used 89427K [0x00000000c0000000, 0x00000000c9400000, 0x00000000eaa80000)
  object space 151552K, 59% used [0x00000000c0000000,0x00000000c5754e68,0x00000000c9400000)
 PSPermGen       total 21504K, used 6106K [0x00000000bae00000, 0x00000000bc300000, 0x00000000c0000000)
  object space 21504K, 28% used [0x00000000bae00000,0x00000000bb3f6940,0x00000000bc300000)
Event: 19,176 GC heap after
Heap after GC invocations=15 (full 2):
 PSYoungGen      total 251904K, used 33033K [0x00000000eaa80000, 0x0000000100000000, 0x0000000100000000)
  eden space 206848K, 0% used [0x00000000eaa80000,0x00000000eaa80000,0x00000000f7480000)
  from space 45056K, 73% used [0x00000000f7480000,0x00000000f94c2568,0x00000000fa080000)
  to   space 48128K, 0% used [0x00000000fd100000,0x00000000fd100000,0x0000000100000000)
 ParOldGen       total 151552K, used 111524K [0x00000000c0000000, 0x00000000c9400000, 0x00000000eaa80000)
  object space 151552K, 73% used [0x00000000c0000000,0x00000000c6ce93a8,0x00000000c9400000)
 PSPermGen       total 21504K, used 6106K [0x00000000bae00000, 0x00000000bc300000, 0x00000000c0000000)
  object space 21504K, 28% used [0x00000000bae00000,0x00000000bb3f6940,0x00000000bc300000)
}
Event: 20,140 GC heap before
{Heap before GC invocations=16 (full 2):
 PSYoungGen      total 251904K, used 239881K [0x00000000eaa80000, 0x0000000100000000, 0x0000000100000000)
  eden space 206848K, 100% used [0x00000000eaa80000,0x00000000f7480000,0x00000000f7480000)
  from space 45056K, 73% used [0x00000000f7480000,0x00000000f94c2568,0x00000000fa080000)
  to   space 48128K, 0% used [0x00000000fd100000,0x00000000fd100000,0x0000000100000000)
 ParOldGen       total 151552K, used 111524K [0x00000000c0000000, 0x00000000c9400000, 0x00000000eaa80000)
  object space 151552K, 73% used [0x00000000c0000000,0x00000000c6ce93a8,0x00000000c9400000)
 PSPermGen       total 21504K, used 6136K [0x00000000bae00000, 0x00000000bc300000, 0x00000000c0000000)
  object space 21504K, 28% used [0x00000000bae00000,0x00000000bb3fe1d0,0x00000000bc300000)
Event: 20,360 GC heap after
Heap after GC invocations=16 (full 2):
 PSYoungGen      total 273920K, used 48122K [0x00000000eaa80000, 0x0000000100000000, 0x0000000100000000)
  eden space 225792K, 0% used [0x00000000eaa80000,0x00000000eaa80000,0x00000000f8700000)
  from space 48128K, 99% used [0x00000000fd100000,0x00000000ffffeb28,0x0000000100000000)
  to   space 61952K, 0% used [0x00000000f8700000,0x00000000f8700000,0x00000000fc380000)
 ParOldGen       total 151552K, used 126842K [0x00000000c0000000, 0x00000000c9400000, 0x00000000eaa80000)
  object space 151552K, 83% used [0x00000000c0000000,0x00000000c7bdea10,0x00000000c9400000)
 PSPermGen       total 21504K, used 6136K [0x00000000bae00000, 0x00000000bc300000, 0x00000000c0000000)
  object space 21504K, 28% used [0x00000000bae00000,0x00000000bb3fe1d0,0x00000000bc300000)
}
Event: 20,360 GC heap before
{Heap before GC invocations=17 (full 3):
 PSYoungGen      total 273920K, used 48122K [0x00000000eaa80000, 0x0000000100000000, 0x0000000100000000)
  eden space 225792K, 0% used [0x00000000eaa80000,0x00000000eaa80000,0x00000000f8700000)
  from space 48128K, 99% used [0x00000000fd100000,0x00000000ffffeb28,0x0000000100000000)
  to   space 61952K, 0% used [0x00000000f8700000,0x00000000f8700000,0x00000000fc380000)
 ParOldGen       total 151552K, used 126842K [0x00000000c0000000, 0x00000000c9400000, 0x00000000eaa80000)
  object space 151552K, 83% used [0x00000000c0000000,0x00000000c7bdea10,0x00000000c9400000)
 PSPermGen       total 21504K, used 6136K [0x00000000bae00000, 0x00000000bc300000, 0x00000000c0000000)
  object space 21504K, 28% used [0x00000000bae00000,0x00000000bb3fe1d0,0x00000000bc300000)

