# JRE version: Java(TM) SE Runtime Environment (7.0_79-b15) (build 1.7.0_79-b15)
# Java VM: Java HotSpot(TM) 64-Bit Server VM (24.79-b02 mixed mode linux-amd64 compressed oops)
Heap
 PSYoungGen      total 273920K, used 39695K [0x00000000eaa80000, 0x0000000100000000, 0x0000000100000000)
  eden space 230912K, 0% used [0x00000000eaa80000,0x00000000eaa80000,0x00000000f8c00000)
  from space 43008K, 92% used [0x00000000fc600000,0x00000000fecc3f28,0x00000000ff000000)
  to   space 59392K, 0% used [0x00000000f8c00000,0x00000000f8c00000,0x00000000fc600000)
 ParOldGen       total 84992K, used 84687K [0x00000000c0000000, 0x00000000c5300000, 0x00000000eaa80000)
  object space 84992K, 99% used [0x00000000c0000000,0x00000000c52b3ef0,0x00000000c5300000)
 PSPermGen       total 21504K, used 6092K [0x00000000bae00000, 0x00000000bc300000, 0x00000000c0000000)
  object space 21504K, 28% used [0x00000000bae00000,0x00000000bb3f33c8,0x00000000bc300000)
GC Heap History (10 events):
Event: 10,028 GC heap after
Heap after GC invocations=7 (full 0):
 PSYoungGen      total 142848K, used 17397K [0x00000000eaa80000, 0x00000000fd480000, 0x0000000100000000)
  eden space 125440K, 0% used [0x00000000eaa80000,0x00000000eaa80000,0x00000000f2500000)
  from space 17408K, 99% used [0x00000000f2500000,0x00000000f35fd4c8,0x00000000f3600000)
  to   space 27136K, 0% used [0x00000000fba00000,0x00000000fba00000,0x00000000fd480000)
 ParOldGen       total 40960K, used 33947K [0x00000000c0000000, 0x00000000c2800000, 0x00000000eaa80000)
  object space 40960K, 82% used [0x00000000c0000000,0x00000000c2126e18,0x00000000c2800000)
 PSPermGen       total 21504K, used 5987K [0x00000000bae00000, 0x00000000bc300000, 0x00000000c0000000)
  object space 21504K, 27% used [0x00000000bae00000,0x00000000bb3d8fa8,0x00000000bc300000)
}
Event: 10,028 GC heap before
{Heap before GC invocations=8 (full 1):
 PSYoungGen      total 142848K, used 17397K [0x00000000eaa80000, 0x00000000fd480000, 0x0000000100000000)
  eden space 125440K, 0% used [0x00000000eaa80000,0x00000000eaa80000,0x00000000f2500000)
  from space 17408K, 99% used [0x00000000f2500000,0x00000000f35fd4c8,0x00000000f3600000)
  to   space 27136K, 0% used [0x00000000fba00000,0x00000000fba00000,0x00000000fd480000)
 ParOldGen       total 40960K, used 33947K [0x00000000c0000000, 0x00000000c2800000, 0x00000000eaa80000)
  object space 40960K, 82% used [0x00000000c0000000,0x00000000c2126e18,0x00000000c2800000)
 PSPermGen       total 21504K, used 5987K [0x00000000bae00000, 0x00000000bc300000, 0x00000000c0000000)
  object space 21504K, 27% used [0x00000000bae00000,0x00000000bb3d8fa8,0x00000000bc300000)
Event: 10,437 GC heap after
Heap after GC invocations=8 (full 1):
 PSYoungGen      total 142848K, used 4069K [0x00000000eaa80000, 0x00000000fd480000, 0x0000000100000000)
  eden space 125440K, 0% used [0x00000000eaa80000,0x00000000eaa80000,0x00000000f2500000)
  from space 17408K, 23% used [0x00000000f2500000,0x00000000f28f9540,0x00000000f3600000)
  to   space 27136K, 0% used [0x00000000fba00000,0x00000000fba00000,0x00000000fd480000)
 ParOldGen       total 80384K, used 40714K [0x00000000c0000000, 0x00000000c4e80000, 0x00000000eaa80000)
  object space 80384K, 50% used [0x00000000c0000000,0x00000000c27c2a10,0x00000000c4e80000)
 PSPermGen       total 21504K, used 5983K [0x00000000bae00000, 0x00000000bc300000, 0x00000000c0000000)
  object space 21504K, 27% used [0x00000000bae00000,0x00000000bb3d7fb8,0x00000000bc300000)
}
Event: 11,495 GC heap before
{Heap before GC invocations=9 (full 1):
 PSYoungGen      total 142848K, used 129509K [0x00000000eaa80000, 0x00000000fd480000, 0x0000000100000000)
  eden space 125440K, 100% used [0x00000000eaa80000,0x00000000f2500000,0x00000000f2500000)
  from space 17408K, 23% used [0x00000000f2500000,0x00000000f28f9540,0x00000000f3600000)
  to   space 27136K, 0% used [0x00000000fba00000,0x00000000fba00000,0x00000000fd480000)
 ParOldGen       total 80384K, used 40714K [0x00000000c0000000, 0x00000000c4e80000, 0x00000000eaa80000)
  object space 80384K, 50% used [0x00000000c0000000,0x00000000c27c2a10,0x00000000c4e80000)
 PSPermGen       total 21504K, used 6045K [0x00000000bae00000, 0x00000000bc300000, 0x00000000c0000000)
  object space 21504K, 28% used [0x00000000bae00000,0x00000000bb3e7510,0x00000000bc300000)
Event: 11,580 GC heap after
Heap after GC invocations=9 (full 1):
 PSYoungGen      total 207872K, used 20058K [0x00000000eaa80000, 0x00000000fce00000, 0x0000000100000000)
  eden space 187392K, 0% used [0x00000000eaa80000,0x00000000eaa80000,0x00000000f6180000)
  from space 20480K, 97% used [0x00000000fba00000,0x00000000fcd96a80,0x00000000fce00000)
  to   space 29696K, 0% used [0x00000000f9400000,0x00000000f9400000,0x00000000fb100000)
 ParOldGen       total 80384K, used 40714K [0x00000000c0000000, 0x00000000c4e80000, 0x00000000eaa80000)
  object space 80384K, 50% used [0x00000000c0000000,0x00000000c27c2a10,0x00000000c4e80000)
 PSPermGen       total 21504K, used 6045K [0x00000000bae00000, 0x00000000bc300000, 0x00000000c0000000)
  object space 21504K, 28% used [0x00000000bae00000,0x00000000bb3e7510,0x00000000bc300000)
}
Event: 13,257 GC heap before
{Heap before GC invocations=10 (full 1):
 PSYoungGen      total 207872K, used 207450K [0x00000000eaa80000, 0x00000000fce00000, 0x0000000100000000)
  eden space 187392K, 100% used [0x00000000eaa80000,0x00000000f6180000,0x00000000f6180000)
  from space 20480K, 97% used [0x00000000fba00000,0x00000000fcd96a80,0x00000000fce00000)
  to   space 29696K, 0% used [0x00000000f9400000,0x00000000f9400000,0x00000000fb100000)
 ParOldGen       total 80384K, used 40714K [0x00000000c0000000, 0x00000000c4e80000, 0x00000000eaa80000)
  object space 80384K, 50% used [0x00000000c0000000,0x00000000c27c2a10,0x00000000c4e80000)
 PSPermGen       total 21504K, used 6079K [0x00000000bae00000, 0x00000000bc300000, 0x00000000c0000000)
  object space 21504K, 28% used [0x00000000bae00000,0x00000000bb3efc68,0x00000000bc300000)
Event: 13,367 GC heap after
Heap after GC invocations=10 (full 1):
 PSYoungGen      total 268800K, used 29687K [0x00000000eaa80000, 0x00000000ff000000, 0x0000000100000000)
  eden space 239104K, 0% used [0x00000000eaa80000,0x00000000eaa80000,0x00000000f9400000)
  from space 29696K, 99% used [0x00000000f9400000,0x00000000fb0fde98,0x00000000fb100000)
  to   space 43008K, 0% used [0x00000000fc600000,0x00000000fc600000,0x00000000ff000000)
 ParOldGen       total 80384K, used 60578K [0x00000000c0000000, 0x00000000c4e80000, 0x00000000eaa80000)
  object space 80384K, 75% used [0x00000000c0000000,0x00000000c3b28808,0x00000000c4e80000)
 PSPermGen       total 21504K, used 6079K [0x00000000bae00000, 0x00000000bc300000, 0x00000000c0000000)
  object space 21504K, 28% used [0x00000000bae00000,0x00000000bb3efc68,0x00000000bc300000)
}
Event: 14,650 GC heap before
{Heap before GC invocations=11 (full 1):
 PSYoungGen      total 268800K, used 268791K [0x00000000eaa80000, 0x00000000ff000000, 0x0000000100000000)
  eden space 239104K, 100% used [0x00000000eaa80000,0x00000000f9400000,0x00000000f9400000)
  from space 29696K, 99% used [0x00000000f9400000,0x00000000fb0fde98,0x00000000fb100000)
  to   space 43008K, 0% used [0x00000000fc600000,0x00000000fc600000,0x00000000ff000000)
 ParOldGen       total 80384K, used 60578K [0x00000000c0000000, 0x00000000c4e80000, 0x00000000eaa80000)
  object space 80384K, 75% used [0x00000000c0000000,0x00000000c3b28808,0x00000000c4e80000)
 PSPermGen       total 21504K, used 6094K [0x00000000bae00000, 0x00000000bc300000, 0x00000000c0000000)
  object space 21504K, 28% used [0x00000000bae00000,0x00000000bb3f39a8,0x00000000bc300000)
Event: 14,806 GC heap after
Heap after GC invocations=11 (full 1):
 PSYoungGen      total 273920K, used 42987K [0x00000000eaa80000, 0x0000000100000000, 0x0000000100000000)
  eden space 230912K, 0% used [0x00000000eaa80000,0x00000000eaa80000,0x00000000f8c00000)
  from space 43008K, 99% used [0x00000000fc600000,0x00000000feffaeb8,0x00000000ff000000)
  to   space 59392K, 0% used [0x00000000f8c00000,0x00000000f8c00000,0x00000000fc600000)
 ParOldGen       total 84992K, used 84787K [0x00000000c0000000, 0x00000000c5300000, 0x00000000eaa80000)
  object space 84992K, 99% used [0x00000000c0000000,0x00000000c52cccc0,0x00000000c5300000)
 PSPermGen       total 21504K, used 6094K [0x00000000bae00000, 0x00000000bc300000, 0x00000000c0000000)
  object space 21504K, 28% used [0x00000000bae00000,0x00000000bb3f39a8,0x00000000bc300000)
}
Event: 14,806 GC heap before
{Heap before GC invocations=12 (full 2):
 PSYoungGen      total 273920K, used 42987K [0x00000000eaa80000, 0x0000000100000000, 0x0000000100000000)
  eden space 230912K, 0% used [0x00000000eaa80000,0x00000000eaa80000,0x00000000f8c00000)
  from space 43008K, 99% used [0x00000000fc600000,0x00000000feffaeb8,0x00000000ff000000)
  to   space 59392K, 0% used [0x00000000f8c00000,0x00000000f8c00000,0x00000000fc600000)
 ParOldGen       total 84992K, used 84787K [0x00000000c0000000, 0x00000000c5300000, 0x00000000eaa80000)
  object space 84992K, 99% used [0x00000000c0000000,0x00000000c52cccc0,0x00000000c5300000)
 PSPermGen       total 21504K, used 6094K [0x00000000bae00000, 0x00000000bc300000, 0x00000000c0000000)
  object space 21504K, 28% used [0x00000000bae00000,0x00000000bb3f39a8,0x00000000bc300000)

